<?xml version="1.0" encoding="UTF-8"?>
<coverage generated="1652932192318" clover="3.2.0">
  <project timestamp="1652932192318" name="All files">
    <metrics statements="555" coveredstatements="296" conditionals="205" coveredconditionals="89" methods="76" coveredmethods="41" elements="836" coveredelements="426" complexity="0" loc="555" ncloc="555" packages="6" files="20" classes="20"/>
    <package name="config">
      <metrics statements="6" coveredstatements="5" conditionals="2" coveredconditionals="1" methods="2" coveredmethods="2"/>
      <file name="config.js" path="/Users/macos/Private/Code/Web/luviana-BE/config/config.js">
        <metrics statements="6" coveredstatements="5" conditionals="2" coveredconditionals="1" methods="2" coveredmethods="2"/>
        <line num="4" count="4" type="stmt"/>
        <line num="9" count="37" type="stmt"/>
        <line num="14" count="37" type="stmt"/>
        <line num="15" count="37" type="cond" truecount="1" falsecount="1"/>
        <line num="16" count="0" type="stmt"/>
        <line num="18" count="37" type="stmt"/>
      </file>
    </package>
    <package name="controllers">
      <metrics statements="274" coveredstatements="138" conditionals="133" coveredconditionals="66" methods="36" coveredmethods="19"/>
      <file name="apartment.controller.js" path="/Users/macos/Private/Code/Web/luviana-BE/controllers/apartment.controller.js">
        <metrics statements="55" coveredstatements="35" conditionals="36" coveredconditionals="17" methods="5" coveredmethods="4"/>
        <line num="4" count="1" type="stmt"/>
        <line num="5" count="1" type="cond" truecount="1" falsecount="1"/>
        <line num="6" count="1" type="cond" truecount="1" falsecount="1"/>
        <line num="7" count="1" type="cond" truecount="1" falsecount="1"/>
        <line num="9" count="1" type="stmt"/>
        <line num="11" count="1" type="cond" truecount="3" falsecount="1"/>
        <line num="12" count="0" type="cond" truecount="0" falsecount="2"/>
        <line num="13" count="0" type="cond" truecount="0" falsecount="2"/>
        <line num="14" count="0" type="stmt"/>
        <line num="22" count="0" type="cond" truecount="0" falsecount="2"/>
        <line num="23" count="0" type="stmt"/>
        <line num="24" count="0" type="stmt"/>
        <line num="26" count="1" type="stmt"/>
        <line num="27" count="1" type="cond" truecount="1" falsecount="1"/>
        <line num="28" count="1" type="stmt"/>
        <line num="29" count="0" type="stmt"/>
        <line num="33" count="0" type="stmt"/>
        <line num="35" count="0" type="stmt"/>
        <line num="36" count="0" type="cond" truecount="0" falsecount="2"/>
        <line num="37" count="0" type="cond" truecount="0" falsecount="2"/>
        <line num="39" count="0" type="stmt"/>
        <line num="44" count="0" type="cond" truecount="0" falsecount="2"/>
        <line num="45" count="0" type="stmt"/>
        <line num="46" count="0" type="stmt"/>
        <line num="48" count="0" type="stmt"/>
        <line num="57" count="2" type="stmt"/>
        <line num="58" count="2" type="stmt"/>
        <line num="65" count="2" type="stmt"/>
        <line num="66" count="2" type="stmt"/>
        <line num="67" count="2" type="stmt"/>
        <line num="68" count="2" type="stmt"/>
        <line num="69" count="2" type="stmt"/>
        <line num="71" count="2" type="stmt"/>
        <line num="80" count="2" type="cond" truecount="2" falsecount="0"/>
        <line num="81" count="1" type="stmt"/>
        <line num="83" count="1" type="stmt"/>
        <line num="86" count="0" type="stmt"/>
        <line num="87" count="0" type="stmt"/>
        <line num="96" count="2" type="stmt"/>
        <line num="98" count="2" type="cond" truecount="1" falsecount="1"/>
        <line num="99" count="0" type="stmt"/>
        <line num="104" count="2" type="stmt"/>
        <line num="106" count="2" type="cond" truecount="2" falsecount="0"/>
        <line num="107" count="1" type="stmt"/>
        <line num="109" count="1" type="stmt"/>
        <line num="114" count="3" type="stmt"/>
        <line num="116" count="3" type="cond" truecount="2" falsecount="0"/>
        <line num="117" count="1" type="stmt"/>
        <line num="123" count="2" type="cond" truecount="1" falsecount="1"/>
        <line num="124" count="0" type="stmt"/>
        <line num="131" count="2" type="stmt"/>
        <line num="136" count="2" type="cond" truecount="2" falsecount="0"/>
        <line num="137" count="1" type="stmt"/>
        <line num="139" count="1" type="stmt"/>
        <line num="143" count="1" type="stmt"/>
      </file>
      <file name="blog.controller.js" path="/Users/macos/Private/Code/Web/luviana-BE/controllers/blog.controller.js">
        <metrics statements="78" coveredstatements="51" conditionals="41" coveredconditionals="28" methods="12" coveredmethods="7"/>
        <line num="6" count="1" type="stmt"/>
        <line num="7" count="1" type="stmt"/>
        <line num="14" count="2" type="stmt"/>
        <line num="16" count="2" type="cond" truecount="4" falsecount="0"/>
        <line num="17" count="1" type="stmt"/>
        <line num="24" count="1" type="stmt"/>
        <line num="26" count="1" type="stmt"/>
        <line num="27" count="1" type="stmt"/>
        <line num="29" count="1" type="cond" truecount="1" falsecount="1"/>
        <line num="30" count="0" type="stmt"/>
        <line num="33" count="0" type="stmt"/>
        <line num="42" count="2" type="stmt"/>
        <line num="44" count="2" type="cond" truecount="2" falsecount="0"/>
        <line num="45" count="1" type="stmt"/>
        <line num="48" count="2" type="cond" truecount="1" falsecount="1"/>
        <line num="49" count="2" type="stmt"/>
        <line num="52" count="2" type="cond" truecount="1" falsecount="1"/>
        <line num="53" count="2" type="stmt"/>
        <line num="56" count="2" type="cond" truecount="1" falsecount="1"/>
        <line num="57" count="0" type="stmt"/>
        <line num="64" count="2" type="stmt"/>
        <line num="65" count="2" type="stmt"/>
        <line num="67" count="2" type="cond" truecount="2" falsecount="0"/>
        <line num="68" count="1" type="stmt"/>
        <line num="70" count="0" type="stmt"/>
        <line num="79" count="2" type="stmt"/>
        <line num="81" count="2" type="cond" truecount="1" falsecount="1"/>
        <line num="87" count="2" type="stmt"/>
        <line num="88" count="2" type="stmt"/>
        <line num="90" count="2" type="cond" truecount="2" falsecount="0"/>
        <line num="91" count="1" type="stmt"/>
        <line num="93" count="0" type="stmt"/>
        <line num="102" count="1" type="stmt"/>
        <line num="103" count="1" type="stmt"/>
        <line num="105" count="1" type="cond" truecount="1" falsecount="1"/>
        <line num="106" count="0" type="stmt"/>
        <line num="112" count="1" type="stmt"/>
        <line num="119" count="0" type="stmt"/>
        <line num="128" count="0" type="stmt"/>
        <line num="129" count="0" type="stmt"/>
        <line num="130" count="0" type="stmt"/>
        <line num="132" count="0" type="cond" truecount="0" falsecount="2"/>
        <line num="133" count="0" type="stmt"/>
        <line num="135" count="0" type="stmt"/>
        <line num="140" count="0" type="stmt"/>
        <line num="145" count="0" type="stmt"/>
        <line num="148" count="0" type="stmt"/>
        <line num="149" count="0" type="stmt"/>
        <line num="150" count="0" type="stmt"/>
        <line num="156" count="0" type="stmt"/>
        <line num="161" count="2" type="stmt"/>
        <line num="162" count="2" type="cond" truecount="1" falsecount="1"/>
        <line num="163" count="0" type="stmt"/>
        <line num="170" count="2" type="stmt"/>
        <line num="171" count="2" type="stmt"/>
        <line num="173" count="2" type="cond" truecount="1" falsecount="1"/>
        <line num="174" count="2" type="stmt"/>
        <line num="175" count="0" type="stmt"/>
        <line num="177" count="0" type="stmt"/>
        <line num="186" count="2" type="stmt"/>
        <line num="188" count="2" type="cond" truecount="5" falsecount="0"/>
        <line num="189" count="1" type="stmt"/>
        <line num="196" count="1" type="cond" truecount="1" falsecount="1"/>
        <line num="197" count="0" type="stmt"/>
        <line num="204" count="1" type="stmt"/>
        <line num="205" count="1" type="stmt"/>
        <line num="207" count="1" type="cond" truecount="1" falsecount="1"/>
        <line num="208" count="0" type="stmt"/>
        <line num="210" count="0" type="stmt"/>
        <line num="220" count="2" type="stmt"/>
        <line num="222" count="2" type="cond" truecount="1" falsecount="1"/>
        <line num="223" count="0" type="stmt"/>
        <line num="230" count="2" type="stmt"/>
        <line num="231" count="2" type="stmt"/>
        <line num="233" count="2" type="cond" truecount="2" falsecount="0"/>
        <line num="234" count="1" type="stmt"/>
        <line num="236" count="0" type="stmt"/>
        <line num="244" count="1" type="stmt"/>
      </file>
      <file name="room.controller.js" path="/Users/macos/Private/Code/Web/luviana-BE/controllers/room.controller.js">
        <metrics statements="72" coveredstatements="33" conditionals="32" coveredconditionals="13" methods="8" coveredmethods="5"/>
        <line num="4" count="1" type="stmt"/>
        <line num="5" count="1" type="stmt"/>
        <line num="6" count="1" type="cond" truecount="1" falsecount="1"/>
        <line num="7" count="1" type="stmt"/>
        <line num="8" count="1" type="cond" truecount="1" falsecount="1"/>
        <line num="9" count="1" type="stmt"/>
        <line num="11" count="0" type="stmt"/>
        <line num="14" count="0" type="stmt"/>
        <line num="15" count="0" type="cond" truecount="0" falsecount="2"/>
        <line num="16" count="0" type="stmt"/>
        <line num="18" count="0" type="stmt"/>
        <line num="22" count="0" type="stmt"/>
        <line num="32" count="1" type="stmt"/>
        <line num="33" count="1" type="stmt"/>
        <line num="35" count="1" type="stmt"/>
        <line num="37" count="1" type="cond" truecount="1" falsecount="1"/>
        <line num="38" count="1" type="cond" truecount="1" falsecount="1"/>
        <line num="39" count="0" type="stmt"/>
        <line num="41" count="0" type="stmt"/>
        <line num="44" count="0" type="stmt"/>
        <line num="53" count="0" type="stmt"/>
        <line num="54" count="0" type="stmt"/>
        <line num="56" count="0" type="stmt"/>
        <line num="58" count="0" type="cond" truecount="0" falsecount="2"/>
        <line num="59" count="0" type="cond" truecount="0" falsecount="2"/>
        <line num="60" count="0" type="stmt"/>
        <line num="62" count="0" type="stmt"/>
        <line num="65" count="0" type="stmt"/>
        <line num="74" count="2" type="stmt"/>
        <line num="75" count="2" type="stmt"/>
        <line num="77" count="2" type="stmt"/>
        <line num="79" count="2" type="cond" truecount="1" falsecount="1"/>
        <line num="80" count="2" type="cond" truecount="2" falsecount="0"/>
        <line num="81" count="1" type="stmt"/>
        <line num="83" count="0" type="stmt"/>
        <line num="86" count="0" type="stmt"/>
        <line num="95" count="2" type="stmt"/>
        <line num="96" count="2" type="stmt"/>
        <line num="98" count="2" type="stmt"/>
        <line num="100" count="2" type="stmt"/>
        <line num="102" count="2" type="cond" truecount="2" falsecount="0"/>
        <line num="103" count="1" type="cond" truecount="1" falsecount="1"/>
        <line num="104" count="0" type="stmt"/>
        <line num="106" count="1" type="stmt"/>
        <line num="109" count="0" type="stmt"/>
        <line num="118" count="6" type="stmt"/>
        <line num="119" count="6" type="stmt"/>
        <line num="120" count="6" type="stmt"/>
        <line num="122" count="6" type="stmt"/>
        <line num="124" count="6" type="stmt"/>
        <line num="126" count="6" type="cond" truecount="2" falsecount="0"/>
        <line num="127" count="2" type="cond" truecount="1" falsecount="1"/>
        <line num="128" count="0" type="stmt"/>
        <line num="130" count="4" type="stmt"/>
        <line num="133" count="0" type="stmt"/>
        <line num="142" count="0" type="stmt"/>
        <line num="143" count="0" type="stmt"/>
        <line num="145" count="0" type="stmt"/>
        <line num="147" count="0" type="cond" truecount="0" falsecount="2"/>
        <line num="148" count="0" type="cond" truecount="0" falsecount="2"/>
        <line num="149" count="0" type="stmt"/>
        <line num="151" count="0" type="stmt"/>
        <line num="154" count="0" type="stmt"/>
        <line num="163" count="0" type="stmt"/>
        <line num="165" count="0" type="stmt"/>
        <line num="166" count="0" type="stmt"/>
        <line num="167" count="0" type="cond" truecount="0" falsecount="2"/>
        <line num="168" count="0" type="stmt"/>
        <line num="170" count="0" type="stmt"/>
        <line num="173" count="0" type="stmt"/>
        <line num="174" count="0" type="stmt"/>
        <line num="182" count="1" type="stmt"/>
      </file>
      <file name="user.controller.js" path="/Users/macos/Private/Code/Web/luviana-BE/controllers/user.controller.js">
        <metrics statements="69" coveredstatements="19" conditionals="24" coveredconditionals="8" methods="11" coveredmethods="3"/>
        <line num="8" count="1" type="stmt"/>
        <line num="9" count="1" type="stmt"/>
        <line num="16" count="1" type="stmt"/>
        <line num="18" count="1" type="stmt"/>
        <line num="20" count="1" type="cond" truecount="1" falsecount="1"/>
        <line num="21" count="0" type="cond" truecount="0" falsecount="2"/>
        <line num="22" count="0" type="stmt"/>
        <line num="24" count="1" type="stmt"/>
        <line num="30" count="0" type="stmt"/>
        <line num="32" count="0" type="stmt"/>
        <line num="33" count="0" type="cond" truecount="0" falsecount="2"/>
        <line num="34" count="0" type="stmt"/>
        <line num="36" count="0" type="stmt"/>
        <line num="37" count="0" type="stmt"/>
        <line num="42" count="2" type="stmt"/>
        <line num="43" count="2" type="stmt"/>
        <line num="44" count="2" type="cond" truecount="2" falsecount="0"/>
        <line num="45" count="1" type="stmt"/>
        <line num="47" count="1" type="stmt"/>
        <line num="53" count="1" type="stmt"/>
        <line num="55" count="1" type="cond" truecount="3" falsecount="1"/>
        <line num="56" count="0" type="stmt"/>
        <line num="63" count="1" type="stmt"/>
        <line num="65" count="1" type="cond" truecount="1" falsecount="1"/>
        <line num="66" count="0" type="stmt"/>
        <line num="73" count="1" type="stmt"/>
        <line num="74" count="1" type="cond" truecount="1" falsecount="1"/>
        <line num="75" count="1" type="stmt"/>
        <line num="82" count="0" type="cond" truecount="0" falsecount="2"/>
        <line num="83" count="0" type="stmt"/>
        <line num="90" count="0" type="stmt"/>
        <line num="91" count="0" type="stmt"/>
        <line num="92" count="0" type="stmt"/>
        <line num="100" count="0" type="stmt"/>
        <line num="105" count="0" type="stmt"/>
        <line num="117" count="0" type="stmt"/>
        <line num="118" count="0" type="cond" truecount="0" falsecount="2"/>
        <line num="119" count="0" type="stmt"/>
        <line num="120" count="0" type="stmt"/>
        <line num="122" count="0" type="stmt"/>
        <line num="123" count="0" type="stmt"/>
        <line num="129" count="0" type="stmt"/>
        <line num="130" count="0" type="stmt"/>
        <line num="131" count="0" type="stmt"/>
        <line num="132" count="0" type="stmt"/>
        <line num="133" count="0" type="stmt"/>
        <line num="134" count="0" type="cond" truecount="0" falsecount="2"/>
        <line num="135" count="0" type="stmt"/>
        <line num="141" count="0" type="stmt"/>
        <line num="142" count="0" type="stmt"/>
        <line num="143" count="0" type="stmt"/>
        <line num="144" count="0" type="stmt"/>
        <line num="145" count="0" type="stmt"/>
        <line num="148" count="0" type="stmt"/>
        <line num="157" count="0" type="stmt"/>
        <line num="158" count="0" type="stmt"/>
        <line num="163" count="0" type="stmt"/>
        <line num="164" count="0" type="stmt"/>
        <line num="165" count="0" type="stmt"/>
        <line num="167" count="0" type="cond" truecount="0" falsecount="2"/>
        <line num="168" count="0" type="stmt"/>
        <line num="170" count="0" type="stmt"/>
        <line num="175" count="0" type="stmt"/>
        <line num="180" count="0" type="stmt"/>
        <line num="183" count="0" type="stmt"/>
        <line num="184" count="0" type="stmt"/>
        <line num="185" count="0" type="stmt"/>
        <line num="191" count="0" type="stmt"/>
        <line num="199" count="1" type="stmt"/>
      </file>
    </package>
    <package name="middlewares">
      <metrics statements="6" coveredstatements="2" conditionals="0" coveredconditionals="0" methods="2" coveredmethods="0"/>
      <file name="upload.middleware.js" path="/Users/macos/Private/Code/Web/luviana-BE/middlewares/upload.middleware.js">
        <metrics statements="6" coveredstatements="2" conditionals="0" coveredconditionals="0" methods="2" coveredmethods="0"/>
        <line num="5" count="2" type="stmt"/>
        <line num="7" count="0" type="stmt"/>
        <line num="8" count="0" type="stmt"/>
        <line num="9" count="0" type="stmt"/>
        <line num="12" count="0" type="stmt"/>
        <line num="16" count="2" type="stmt"/>
      </file>
    </package>
    <package name="models">
      <metrics statements="34" coveredstatements="20" conditionals="2" coveredconditionals="0" methods="7" coveredmethods="1"/>
      <file name="apartment.model.js" path="/Users/macos/Private/Code/Web/luviana-BE/models/apartment.model.js">
        <metrics statements="2" coveredstatements="2" conditionals="0" coveredconditionals="0" methods="0" coveredmethods="0"/>
        <line num="5" count="2" type="stmt"/>
        <line num="65" count="2" type="stmt"/>
      </file>
      <file name="blog.model.js" path="/Users/macos/Private/Code/Web/luviana-BE/models/blog.model.js">
        <metrics statements="2" coveredstatements="2" conditionals="0" coveredconditionals="0" methods="0" coveredmethods="0"/>
        <line num="5" count="1" type="stmt"/>
        <line num="30" count="1" type="stmt"/>
      </file>
      <file name="comment.model.js" path="/Users/macos/Private/Code/Web/luviana-BE/models/comment.model.js">
        <metrics statements="2" coveredstatements="2" conditionals="0" coveredconditionals="0" methods="0" coveredmethods="0"/>
        <line num="5" count="1" type="stmt"/>
        <line num="25" count="1" type="stmt"/>
      </file>
      <file name="room.model.js" path="/Users/macos/Private/Code/Web/luviana-BE/models/room.model.js">
        <metrics statements="2" coveredstatements="2" conditionals="0" coveredconditionals="0" methods="0" coveredmethods="0"/>
        <line num="6" count="1" type="stmt"/>
        <line num="55" count="1" type="stmt"/>
      </file>
      <file name="user.model.js" path="/Users/macos/Private/Code/Web/luviana-BE/models/user.model.js">
        <metrics statements="26" coveredstatements="12" conditionals="2" coveredconditionals="0" methods="7" coveredmethods="1"/>
        <line num="8" count="4" type="stmt"/>
        <line num="11" count="4" type="stmt"/>
        <line num="12" count="0" type="stmt"/>
        <line num="13" count="0" type="stmt"/>
        <line num="16" count="4" type="stmt"/>
        <line num="62" count="4" type="stmt"/>
        <line num="63" count="0" type="cond" truecount="0" falsecount="2"/>
        <line num="64" count="0" type="stmt"/>
        <line num="66" count="0" type="stmt"/>
        <line num="67" count="0" type="stmt"/>
        <line num="70" count="4" type="stmt"/>
        <line num="72" count="1" type="stmt"/>
        <line num="74" count="1" type="stmt"/>
        <line num="77" count="4" type="stmt"/>
        <line num="78" count="0" type="stmt"/>
        <line num="83" count="4" type="stmt"/>
        <line num="84" count="0" type="stmt"/>
        <line num="89" count="4" type="stmt"/>
        <line num="90" count="0" type="stmt"/>
        <line num="92" count="0" type="stmt"/>
        <line num="97" count="0" type="stmt"/>
        <line num="99" count="0" type="stmt"/>
        <line num="101" count="0" type="stmt"/>
        <line num="104" count="4" type="stmt"/>
        <line num="105" count="0" type="stmt"/>
        <line num="108" count="4" type="stmt"/>
      </file>
    </package>
    <package name="routes">
      <metrics statements="27" coveredstatements="27" conditionals="0" coveredconditionals="0" methods="0" coveredmethods="0"/>
      <file name="apartment.route.js" path="/Users/macos/Private/Code/Web/luviana-BE/routes/apartment.route.js">
        <metrics statements="6" coveredstatements="6" conditionals="0" coveredconditionals="0" methods="0" coveredmethods="0"/>
        <line num="4" count="1" type="stmt"/>
        <line num="6" count="1" type="stmt"/>
        <line num="7" count="1" type="stmt"/>
        <line num="8" count="1" type="stmt"/>
        <line num="9" count="1" type="stmt"/>
        <line num="10" count="1" type="stmt"/>
      </file>
      <file name="blog.route.js" path="/Users/macos/Private/Code/Web/luviana-BE/routes/blog.route.js">
        <metrics statements="9" coveredstatements="9" conditionals="0" coveredconditionals="0" methods="0" coveredmethods="0"/>
        <line num="5" count="1" type="stmt"/>
        <line num="7" count="1" type="stmt"/>
        <line num="8" count="1" type="stmt"/>
        <line num="9" count="1" type="stmt"/>
        <line num="10" count="1" type="stmt"/>
        <line num="11" count="1" type="stmt"/>
        <line num="12" count="1" type="stmt"/>
        <line num="13" count="1" type="stmt"/>
        <line num="14" count="1" type="stmt"/>
      </file>
      <file name="room.router.js" path="/Users/macos/Private/Code/Web/luviana-BE/routes/room.router.js">
        <metrics statements="6" coveredstatements="6" conditionals="0" coveredconditionals="0" methods="0" coveredmethods="0"/>
        <line num="4" count="1" type="stmt"/>
        <line num="6" count="1" type="stmt"/>
        <line num="14" count="1" type="stmt"/>
        <line num="15" count="1" type="stmt"/>
        <line num="16" count="1" type="stmt"/>
        <line num="17" count="1" type="stmt"/>
      </file>
      <file name="user.route.js" path="/Users/macos/Private/Code/Web/luviana-BE/routes/user.route.js">
        <metrics statements="6" coveredstatements="6" conditionals="0" coveredconditionals="0" methods="0" coveredmethods="0"/>
        <line num="5" count="1" type="stmt"/>
        <line num="7" count="1" type="stmt"/>
        <line num="8" count="1" type="stmt"/>
        <line num="9" count="1" type="stmt"/>
        <line num="10" count="1" type="stmt"/>
        <line num="11" count="1" type="stmt"/>
      </file>
    </package>
    <package name="services">
      <metrics statements="208" coveredstatements="104" conditionals="68" coveredconditionals="22" methods="29" coveredmethods="19"/>
      <file name="apartment.services.js" path="/Users/macos/Private/Code/Web/luviana-BE/services/apartment.services.js">
        <metrics statements="56" coveredstatements="20" conditionals="22" coveredconditionals="4" methods="7" coveredmethods="4"/>
        <line num="5" count="1" type="stmt"/>
        <line num="6" count="1" type="stmt"/>
        <line num="8" count="1" type="cond" truecount="1" falsecount="1"/>
        <line num="9" count="0" type="stmt"/>
        <line num="16" count="1" type="stmt"/>
        <line num="22" count="0" type="stmt"/>
        <line num="31" count="0" type="stmt"/>
        <line num="32" count="0" type="stmt"/>
        <line num="33" count="0" type="stmt"/>
        <line num="34" count="0" type="stmt"/>
        <line num="36" count="0" type="cond" truecount="0" falsecount="2"/>
        <line num="37" count="0" type="stmt"/>
        <line num="44" count="0" type="stmt"/>
        <line num="53" count="0" type="stmt"/>
        <line num="62" count="2" type="stmt"/>
        <line num="65" count="2" type="stmt"/>
        <line num="67" count="1" type="cond" truecount="1" falsecount="1"/>
        <line num="68" count="0" type="stmt"/>
        <line num="71" count="1" type="stmt"/>
        <line num="77" count="1" type="stmt"/>
        <line num="87" count="2" type="stmt"/>
        <line num="88" count="2" type="stmt"/>
        <line num="90" count="1" type="cond" truecount="1" falsecount="1"/>
        <line num="91" count="0" type="stmt"/>
        <line num="98" count="1" type="stmt"/>
        <line num="104" count="1" type="stmt"/>
        <line num="113" count="0" type="stmt"/>
        <line num="114" count="0" type="stmt"/>
        <line num="116" count="0" type="cond" truecount="0" falsecount="2"/>
        <line num="117" count="0" type="stmt"/>
        <line num="124" count="0" type="stmt"/>
        <line num="130" count="0" type="stmt"/>
        <line num="139" count="2" type="stmt"/>
        <line num="140" count="2" type="stmt"/>
        <line num="141" count="1" type="cond" truecount="1" falsecount="1"/>
        <line num="142" count="0" type="stmt"/>
        <line num="149" count="1" type="stmt"/>
        <line num="155" count="1" type="stmt"/>
        <line num="165" count="0" type="stmt"/>
        <line num="167" count="0" type="cond" truecount="0" falsecount="2"/>
        <line num="168" count="0" type="stmt"/>
        <line num="174" count="0" type="cond" truecount="0" falsecount="2"/>
        <line num="175" count="0" type="stmt"/>
        <line num="181" count="0" type="cond" truecount="0" falsecount="2"/>
        <line num="182" count="0" type="stmt"/>
        <line num="188" count="0" type="cond" truecount="0" falsecount="2"/>
        <line num="189" count="0" type="stmt"/>
        <line num="195" count="0" type="stmt"/>
        <line num="196" count="0" type="stmt"/>
        <line num="197" count="0" type="stmt"/>
        <line num="198" count="0" type="stmt"/>
        <line num="204" count="0" type="cond" truecount="0" falsecount="2"/>
        <line num="205" count="0" type="stmt"/>
        <line num="212" count="0" type="stmt"/>
        <line num="221" count="0" type="stmt"/>
        <line num="229" count="1" type="stmt"/>
      </file>
      <file name="blog.services.js" path="/Users/macos/Private/Code/Web/luviana-BE/services/blog.services.js">
        <metrics statements="31" coveredstatements="23" conditionals="10" coveredconditionals="5" methods="5" coveredmethods="5"/>
        <line num="6" count="1" type="stmt"/>
        <line num="7" count="1" type="stmt"/>
        <line num="9" count="1" type="cond" truecount="1" falsecount="1"/>
        <line num="10" count="0" type="stmt"/>
        <line num="17" count="1" type="stmt"/>
        <line num="24" count="0" type="stmt"/>
        <line num="34" count="2" type="stmt"/>
        <line num="36" count="2" type="stmt"/>
        <line num="41" count="1" type="cond" truecount="1" falsecount="1"/>
        <line num="42" count="0" type="stmt"/>
        <line num="49" count="1" type="stmt"/>
        <line num="56" count="1" type="stmt"/>
        <line num="65" count="2" type="stmt"/>
        <line num="67" count="2" type="stmt"/>
        <line num="69" count="1" type="cond" truecount="1" falsecount="1"/>
        <line num="70" count="0" type="stmt"/>
        <line num="77" count="1" type="stmt"/>
        <line num="84" count="1" type="stmt"/>
        <line num="93" count="1" type="stmt"/>
        <line num="95" count="1" type="stmt"/>
        <line num="97" count="1" type="cond" truecount="1" falsecount="1"/>
        <line num="98" count="0" type="stmt"/>
        <line num="105" count="1" type="stmt"/>
        <line num="112" count="0" type="stmt"/>
        <line num="121" count="2" type="stmt"/>
        <line num="122" count="2" type="stmt"/>
        <line num="123" count="2" type="cond" truecount="1" falsecount="1"/>
        <line num="124" count="0" type="stmt"/>
        <line num="131" count="2" type="stmt"/>
        <line num="137" count="0" type="stmt"/>
        <line num="145" count="1" type="stmt"/>
      </file>
      <file name="comment.services.js" path="/Users/macos/Private/Code/Web/luviana-BE/services/comment.services.js">
        <metrics statements="25" coveredstatements="22" conditionals="4" coveredconditionals="2" methods="2" coveredmethods="2"/>
        <line num="6" count="1" type="stmt"/>
        <line num="7" count="1" type="stmt"/>
        <line num="9" count="1" type="stmt"/>
        <line num="10" count="1" type="stmt"/>
        <line num="16" count="1" type="stmt"/>
        <line num="17" count="1" type="stmt"/>
        <line num="18" count="1" type="cond" truecount="1" falsecount="1"/>
        <line num="19" count="0" type="stmt"/>
        <line num="21" count="1" type="stmt"/>
        <line num="22" count="1" type="stmt"/>
        <line num="24" count="0" type="stmt"/>
        <line num="31" count="1" type="stmt"/>
        <line num="39" count="2" type="stmt"/>
        <line num="40" count="2" type="stmt"/>
        <line num="41" count="2" type="stmt"/>
        <line num="43" count="2" type="stmt"/>
        <line num="44" count="2" type="stmt"/>
        <line num="45" count="1" type="cond" truecount="1" falsecount="1"/>
        <line num="46" count="0" type="stmt"/>
        <line num="52" count="1" type="stmt"/>
        <line num="53" count="1" type="stmt"/>
        <line num="54" count="1" type="stmt"/>
        <line num="56" count="1" type="stmt"/>
        <line num="63" count="1" type="stmt"/>
        <line num="70" count="1" type="stmt"/>
      </file>
      <file name="room.services.js" path="/Users/macos/Private/Code/Web/luviana-BE/services/room.services.js">
        <metrics statements="64" coveredstatements="25" conditionals="20" coveredconditionals="7" methods="10" coveredmethods="5"/>
        <line num="5" count="0" type="stmt"/>
        <line num="6" count="0" type="stmt"/>
        <line num="8" count="0" type="cond" truecount="0" falsecount="2"/>
        <line num="9" count="0" type="stmt"/>
        <line num="15" count="0" type="stmt"/>
        <line num="21" count="0" type="stmt"/>
        <line num="30" count="1" type="stmt"/>
        <line num="31" count="1" type="stmt"/>
        <line num="33" count="1" type="cond" truecount="1" falsecount="1"/>
        <line num="34" count="0" type="stmt"/>
        <line num="40" count="1" type="stmt"/>
        <line num="46" count="0" type="stmt"/>
        <line num="55" count="1" type="stmt"/>
        <line num="56" count="1" type="stmt"/>
        <line num="98" count="1" type="cond" truecount="1" falsecount="1"/>
        <line num="99" count="0" type="stmt"/>
        <line num="106" count="1" type="stmt"/>
        <line num="112" count="0" type="stmt"/>
        <line num="121" count="0" type="stmt"/>
        <line num="122" count="0" type="stmt"/>
        <line num="124" count="0" type="stmt"/>
        <line num="125" count="0" type="stmt"/>
        <line num="126" count="0" type="stmt"/>
        <line num="256" count="0" type="cond" truecount="0" falsecount="2"/>
        <line num="257" count="0" type="stmt"/>
        <line num="264" count="0" type="stmt"/>
        <line num="270" count="0" type="stmt"/>
        <line num="279" count="0" type="stmt"/>
        <line num="280" count="0" type="stmt"/>
        <line num="415" count="0" type="cond" truecount="0" falsecount="2"/>
        <line num="416" count="0" type="stmt"/>
        <line num="423" count="0" type="stmt"/>
        <line num="429" count="0" type="stmt"/>
        <line num="438" count="2" type="stmt"/>
        <line num="439" count="2" type="stmt"/>
        <line num="441" count="1" type="cond" truecount="1" falsecount="1"/>
        <line num="442" count="0" type="stmt"/>
        <line num="449" count="1" type="stmt"/>
        <line num="455" count="1" type="stmt"/>
        <line num="464" count="6" type="stmt"/>
        <line num="465" count="6" type="stmt"/>
        <line num="467" count="5" type="cond" truecount="2" falsecount="0"/>
        <line num="468" count="3" type="stmt"/>
        <line num="475" count="2" type="stmt"/>
        <line num="481" count="1" type="stmt"/>
        <line num="490" count="0" type="stmt"/>
        <line num="491" count="0" type="stmt"/>
        <line num="493" count="0" type="cond" truecount="0" falsecount="2"/>
        <line num="494" count="0" type="stmt"/>
        <line num="501" count="0" type="stmt"/>
        <line num="507" count="0" type="stmt"/>
        <line num="517" count="2" type="stmt"/>
        <line num="518" count="2" type="stmt"/>
        <line num="520" count="2" type="cond" truecount="2" falsecount="0"/>
        <line num="521" count="1" type="stmt"/>
        <line num="528" count="1" type="stmt"/>
        <line num="534" count="0" type="stmt"/>
        <line num="544" count="0" type="stmt"/>
        <line num="545" count="0" type="stmt"/>
        <line num="547" count="0" type="cond" truecount="0" falsecount="2"/>
        <line num="548" count="0" type="stmt"/>
        <line num="555" count="0" type="stmt"/>
        <line num="561" count="0" type="stmt"/>
        <line num="569" count="1" type="stmt"/>
      </file>
      <file name="user.services.js" path="/Users/macos/Private/Code/Web/luviana-BE/services/user.services.js">
        <metrics statements="32" coveredstatements="14" conditionals="12" coveredconditionals="4" methods="5" coveredmethods="3"/>
        <line num="6" count="1" type="stmt"/>
        <line num="7" count="1" type="stmt"/>
        <line num="8" count="0" type="cond" truecount="0" falsecount="2"/>
        <line num="9" count="0" type="stmt"/>
        <line num="16" count="0" type="stmt"/>
        <line num="22" count="1" type="stmt"/>
        <line num="31" count="0" type="stmt"/>
        <line num="32" count="0" type="stmt"/>
        <line num="33" count="0" type="cond" truecount="0" falsecount="2"/>
        <line num="34" count="0" type="stmt"/>
        <line num="41" count="0" type="stmt"/>
        <line num="47" count="0" type="stmt"/>
        <line num="56" count="2" type="stmt"/>
        <line num="57" count="2" type="stmt"/>
        <line num="59" count="2" type="cond" truecount="2" falsecount="0"/>
        <line num="60" count="1" type="stmt"/>
        <line num="67" count="1" type="stmt"/>
        <line num="69" count="1" type="cond" truecount="1" falsecount="1"/>
        <line num="70" count="0" type="stmt"/>
        <line num="77" count="1" type="stmt"/>
        <line num="84" count="0" type="stmt"/>
        <line num="93" count="0" type="stmt"/>
        <line num="94" count="0" type="stmt"/>
        <line num="96" count="0" type="cond" truecount="0" falsecount="2"/>
        <line num="97" count="0" type="stmt"/>
        <line num="104" count="0" type="stmt"/>
        <line num="110" count="0" type="stmt"/>
        <line num="119" count="1" type="stmt"/>
        <line num="120" count="1" type="cond" truecount="1" falsecount="1"/>
        <line num="121" count="0" type="stmt"/>
        <line num="122" count="1" type="stmt"/>
        <line num="125" count="1" type="stmt"/>
      </file>
    </package>
  </project>
</coverage>
