{"/Users/macos/Private/Code/Web/luviana-BE/config/config.js": {"path":"/Users/macos/Private/Code/Web/luviana-BE/config/config.js","statementMap":{"0":{"start":{"line":4,"column":0},"end":{"line":4,"column":16}},"1":{"start":{"line":9,"column":28},"end":{"line":12,"column":5}},"2":{"start":{"line":14,"column":4},"end":{"line":20,"column":6}},"3":{"start":{"line":15,"column":8},"end":{"line":19,"column":9}},"4":{"start":{"line":16,"column":12},"end":{"line":16,"column":29}},"5":{"start":{"line":18,"column":12},"end":{"line":18,"column":56}}},"fnMap":{"0":{"name":"connectDB","decl":{"start":{"line":8,"column":9},"end":{"line":8,"column":18}},"loc":{"start":{"line":8,"column":21},"end":{"line":21,"column":1}},"line":8},"1":{"name":"(anonymous_1)","decl":{"start":{"line":14,"column":58},"end":{"line":14,"column":59}},"loc":{"start":{"line":14,"column":67},"end":{"line":20,"column":5}},"line":14}},"branchMap":{"0":{"loc":{"start":{"line":15,"column":8},"end":{"line":19,"column":9}},"type":"if","locations":[{"start":{"line":15,"column":8},"end":{"line":19,"column":9}},{"start":{"line":17,"column":15},"end":{"line":19,"column":9}}],"line":15}},"s":{"0":6,"1":6,"2":6,"3":6,"4":0,"5":6},"f":{"0":6,"1":6},"b":{"0":[0,6]},"_coverageSchema":"1a1c01bbd47fc00a2c39e90264f33305004495a9","hash":"0c5018f3ec6bde45e68b7cc6354a7ffad8fe441f"}
,"/Users/macos/Private/Code/Web/luviana-BE/controllers/admin.controller.js": {"path":"/Users/macos/Private/Code/Web/luviana-BE/controllers/admin.controller.js","statementMap":{"0":{"start":{"line":5,"column":2},"end":{"line":18,"column":3}},"1":{"start":{"line":6,"column":20},"end":{"line":6,"column":31}},"2":{"start":{"line":8,"column":19},"end":{"line":8,"column":55}},"3":{"start":{"line":10,"column":4},"end":{"line":11,"column":45}},"4":{"start":{"line":10,"column":24},"end":{"line":10,"column":48}},"5":{"start":{"line":11,"column":9},"end":{"line":11,"column":45}},"6":{"start":{"line":13,"column":4},"end":{"line":17,"column":7}},"7":{"start":{"line":22,"column":2},"end":{"line":44,"column":3}},"8":{"start":{"line":23,"column":20},"end":{"line":23,"column":31}},"9":{"start":{"line":24,"column":22},"end":{"line":24,"column":30}},"10":{"start":{"line":26,"column":4},"end":{"line":32,"column":5}},"11":{"start":{"line":27,"column":6},"end":{"line":31,"column":9}},"12":{"start":{"line":34,"column":19},"end":{"line":34,"column":69}},"13":{"start":{"line":36,"column":4},"end":{"line":37,"column":38}},"14":{"start":{"line":36,"column":24},"end":{"line":36,"column":41}},"15":{"start":{"line":37,"column":9},"end":{"line":37,"column":38}},"16":{"start":{"line":39,"column":4},"end":{"line":43,"column":7}},"17":{"start":{"line":48,"column":2},"end":{"line":67,"column":3}},"18":{"start":{"line":49,"column":35},"end":{"line":49,"column":43}},"19":{"start":{"line":50,"column":19},"end":{"line":50,"column":75}},"20":{"start":{"line":51,"column":4},"end":{"line":61,"column":5}},"21":{"start":{"line":52,"column":6},"end":{"line":55,"column":9}},"22":{"start":{"line":57,"column":6},"end":{"line":60,"column":7}},"23":{"start":{"line":63,"column":4},"end":{"line":66,"column":7}},"24":{"start":{"line":71,"column":4},"end":{"line":85,"column":5}},"25":{"start":{"line":72,"column":37},"end":{"line":72,"column":45}},"26":{"start":{"line":73,"column":21},"end":{"line":73,"column":80}},"27":{"start":{"line":74,"column":6},"end":{"line":78,"column":7}},"28":{"start":{"line":75,"column":8},"end":{"line":75,"column":32}},"29":{"start":{"line":77,"column":8},"end":{"line":77,"column":44}},"30":{"start":{"line":80,"column":6},"end":{"line":84,"column":9}},"31":{"start":{"line":90,"column":2},"end":{"line":121,"column":3}},"32":{"start":{"line":91,"column":29},"end":{"line":91,"column":38}},"33":{"start":{"line":93,"column":4},"end":{"line":96,"column":76}},"34":{"start":{"line":94,"column":6},"end":{"line":96,"column":76}},"35":{"start":{"line":98,"column":18},"end":{"line":98,"column":76}},"36":{"start":{"line":100,"column":4},"end":{"line":104,"column":5}},"37":{"start":{"line":101,"column":6},"end":{"line":103,"column":76}},"38":{"start":{"line":106,"column":24},"end":{"line":108,"column":6}},"39":{"start":{"line":110,"column":4},"end":{"line":116,"column":7}},"40":{"start":{"line":118,"column":4},"end":{"line":120,"column":68}},"41":{"start":{"line":125,"column":2},"end":{"line":142,"column":3}},"42":{"start":{"line":126,"column":25},"end":{"line":126,"column":33}},"43":{"start":{"line":128,"column":4},"end":{"line":131,"column":87}},"44":{"start":{"line":129,"column":6},"end":{"line":131,"column":87}},"45":{"start":{"line":133,"column":19},"end":{"line":133,"column":64}},"46":{"start":{"line":135,"column":4},"end":{"line":136,"column":44}},"47":{"start":{"line":135,"column":24},"end":{"line":135,"column":47}},"48":{"start":{"line":136,"column":9},"end":{"line":136,"column":44}},"49":{"start":{"line":139,"column":4},"end":{"line":141,"column":68}},"50":{"start":{"line":146,"column":2},"end":{"line":163,"column":3}},"51":{"start":{"line":147,"column":25},"end":{"line":147,"column":33}},"52":{"start":{"line":149,"column":4},"end":{"line":152,"column":87}},"53":{"start":{"line":150,"column":6},"end":{"line":152,"column":87}},"54":{"start":{"line":154,"column":19},"end":{"line":154,"column":66}},"55":{"start":{"line":156,"column":4},"end":{"line":157,"column":44}},"56":{"start":{"line":156,"column":24},"end":{"line":156,"column":47}},"57":{"start":{"line":157,"column":9},"end":{"line":157,"column":44}},"58":{"start":{"line":160,"column":4},"end":{"line":162,"column":68}},"59":{"start":{"line":166,"column":31},"end":{"line":174,"column":1}}},"fnMap":{"0":{"name":"getAdmin","decl":{"start":{"line":4,"column":15},"end":{"line":4,"column":23}},"loc":{"start":{"line":4,"column":34},"end":{"line":19,"column":1}},"line":4},"1":{"name":"updateAdmin","decl":{"start":{"line":21,"column":15},"end":{"line":21,"column":26}},"loc":{"start":{"line":21,"column":37},"end":{"line":45,"column":1}},"line":21},"2":{"name":"loginAdminAccount","decl":{"start":{"line":47,"column":15},"end":{"line":47,"column":32}},"loc":{"start":{"line":47,"column":43},"end":{"line":68,"column":1}},"line":47},"3":{"name":"createAdminAccount","decl":{"start":{"line":70,"column":15},"end":{"line":70,"column":33}},"loc":{"start":{"line":70,"column":44},"end":{"line":86,"column":3}},"line":70},"4":{"name":"getAccessToken","decl":{"start":{"line":89,"column":15},"end":{"line":89,"column":29}},"loc":{"start":{"line":89,"column":40},"end":{"line":122,"column":1}},"line":89},"5":{"name":"disableAdminAccount","decl":{"start":{"line":124,"column":15},"end":{"line":124,"column":34}},"loc":{"start":{"line":124,"column":46},"end":{"line":143,"column":1}},"line":124},"6":{"name":"undisableAdminAccount","decl":{"start":{"line":145,"column":15},"end":{"line":145,"column":36}},"loc":{"start":{"line":145,"column":48},"end":{"line":164,"column":1}},"line":145}},"branchMap":{"0":{"loc":{"start":{"line":10,"column":4},"end":{"line":11,"column":45}},"type":"if","locations":[{"start":{"line":10,"column":4},"end":{"line":11,"column":45}},{"start":{"line":11,"column":9},"end":{"line":11,"column":45}}],"line":10},"1":{"loc":{"start":{"line":26,"column":4},"end":{"line":32,"column":5}},"type":"if","locations":[{"start":{"line":26,"column":4},"end":{"line":32,"column":5}},{"start":{},"end":{}}],"line":26},"2":{"loc":{"start":{"line":36,"column":4},"end":{"line":37,"column":38}},"type":"if","locations":[{"start":{"line":36,"column":4},"end":{"line":37,"column":38}},{"start":{"line":37,"column":9},"end":{"line":37,"column":38}}],"line":36},"3":{"loc":{"start":{"line":51,"column":4},"end":{"line":61,"column":5}},"type":"if","locations":[{"start":{"line":51,"column":4},"end":{"line":61,"column":5}},{"start":{"line":56,"column":11},"end":{"line":61,"column":5}}],"line":51},"4":{"loc":{"start":{"line":74,"column":6},"end":{"line":78,"column":7}},"type":"if","locations":[{"start":{"line":74,"column":6},"end":{"line":78,"column":7}},{"start":{"line":76,"column":13},"end":{"line":78,"column":7}}],"line":74},"5":{"loc":{"start":{"line":93,"column":4},"end":{"line":96,"column":76}},"type":"if","locations":[{"start":{"line":93,"column":4},"end":{"line":96,"column":76}},{"start":{},"end":{}}],"line":93},"6":{"loc":{"start":{"line":100,"column":4},"end":{"line":104,"column":5}},"type":"if","locations":[{"start":{"line":100,"column":4},"end":{"line":104,"column":5}},{"start":{},"end":{}}],"line":100},"7":{"loc":{"start":{"line":128,"column":4},"end":{"line":131,"column":87}},"type":"if","locations":[{"start":{"line":128,"column":4},"end":{"line":131,"column":87}},{"start":{},"end":{}}],"line":128},"8":{"loc":{"start":{"line":135,"column":4},"end":{"line":136,"column":44}},"type":"if","locations":[{"start":{"line":135,"column":4},"end":{"line":136,"column":44}},{"start":{"line":136,"column":9},"end":{"line":136,"column":44}}],"line":135},"9":{"loc":{"start":{"line":149,"column":4},"end":{"line":152,"column":87}},"type":"if","locations":[{"start":{"line":149,"column":4},"end":{"line":152,"column":87}},{"start":{},"end":{}}],"line":149},"10":{"loc":{"start":{"line":156,"column":4},"end":{"line":157,"column":44}},"type":"if","locations":[{"start":{"line":156,"column":4},"end":{"line":157,"column":44}},{"start":{"line":157,"column":9},"end":{"line":157,"column":44}}],"line":156}},"s":{"0":1,"1":1,"2":1,"3":1,"4":1,"5":0,"6":0,"7":1,"8":1,"9":1,"10":1,"11":0,"12":1,"13":1,"14":1,"15":0,"16":0,"17":6,"18":6,"19":6,"20":6,"21":5,"22":1,"23":0,"24":0,"25":0,"26":0,"27":0,"28":0,"29":0,"30":0,"31":0,"32":0,"33":0,"34":0,"35":0,"36":0,"37":0,"38":0,"39":0,"40":0,"41":3,"42":3,"43":3,"44":1,"45":2,"46":2,"47":1,"48":1,"49":0,"50":3,"51":3,"52":3,"53":1,"54":2,"55":2,"56":1,"57":1,"58":0,"59":4},"f":{"0":1,"1":1,"2":6,"3":0,"4":0,"5":3,"6":3},"b":{"0":[1,0],"1":[0,1],"2":[1,0],"3":[5,1],"4":[0,0],"5":[0,0],"6":[0,0],"7":[1,2],"8":[1,1],"9":[1,2],"10":[1,1]},"_coverageSchema":"1a1c01bbd47fc00a2c39e90264f33305004495a9","hash":"5866fb67542ee7f42c5d8274b08ec7797df414ac"}
,"/Users/macos/Private/Code/Web/luviana-BE/controllers/apartment.controller.js": {"path":"/Users/macos/Private/Code/Web/luviana-BE/controllers/apartment.controller.js","statementMap":{"0":{"start":{"line":5,"column":4},"end":{"line":16,"column":5}},"1":{"start":{"line":6,"column":23},"end":{"line":6,"column":63}},"2":{"start":{"line":7,"column":8},"end":{"line":9,"column":51}},"3":{"start":{"line":8,"column":12},"end":{"line":8,"column":48}},"4":{"start":{"line":9,"column":15},"end":{"line":9,"column":51}},"5":{"start":{"line":11,"column":8},"end":{"line":15,"column":11}},"6":{"start":{"line":21,"column":50},"end":{"line":21,"column":59}},"7":{"start":{"line":23,"column":4},"end":{"line":42,"column":5}},"8":{"start":{"line":24,"column":8},"end":{"line":24,"column":49}},"9":{"start":{"line":24,"column":33},"end":{"line":24,"column":49}},"10":{"start":{"line":25,"column":8},"end":{"line":25,"column":59}},"11":{"start":{"line":25,"column":38},"end":{"line":25,"column":59}},"12":{"start":{"line":27,"column":25},"end":{"line":31,"column":9}},"13":{"start":{"line":33,"column":8},"end":{"line":35,"column":53}},"14":{"start":{"line":34,"column":12},"end":{"line":34,"column":50}},"15":{"start":{"line":35,"column":15},"end":{"line":35,"column":53}},"16":{"start":{"line":37,"column":8},"end":{"line":41,"column":11}},"17":{"start":{"line":46,"column":4},"end":{"line":87,"column":5}},"18":{"start":{"line":47,"column":24},"end":{"line":53,"column":9}},"19":{"start":{"line":54,"column":21},"end":{"line":54,"column":34}},"20":{"start":{"line":55,"column":23},"end":{"line":55,"column":38}},"21":{"start":{"line":56,"column":21},"end":{"line":56,"column":34}},"22":{"start":{"line":57,"column":28},"end":{"line":57,"column":48}},"23":{"start":{"line":58,"column":26},"end":{"line":58,"column":44}},"24":{"start":{"line":59,"column":25},"end":{"line":59,"column":42}},"25":{"start":{"line":60,"column":22},"end":{"line":60,"column":36}},"26":{"start":{"line":61,"column":26},"end":{"line":61,"column":30}},"27":{"start":{"line":63,"column":23},"end":{"line":73,"column":9}},"28":{"start":{"line":75,"column":8},"end":{"line":79,"column":9}},"29":{"start":{"line":76,"column":12},"end":{"line":76,"column":48}},"30":{"start":{"line":78,"column":12},"end":{"line":78,"column":48}},"31":{"start":{"line":81,"column":8},"end":{"line":81,"column":27}},"32":{"start":{"line":82,"column":8},"end":{"line":86,"column":11}},"33":{"start":{"line":91,"column":19},"end":{"line":91,"column":29}},"34":{"start":{"line":93,"column":4},"end":{"line":98,"column":11}},"35":{"start":{"line":94,"column":8},"end":{"line":98,"column":11}},"36":{"start":{"line":99,"column":21},"end":{"line":99,"column":63}},"37":{"start":{"line":101,"column":4},"end":{"line":105,"column":5}},"38":{"start":{"line":102,"column":8},"end":{"line":102,"column":34}},"39":{"start":{"line":104,"column":8},"end":{"line":104,"column":46}},"40":{"start":{"line":109,"column":4},"end":{"line":127,"column":5}},"41":{"start":{"line":110,"column":34},"end":{"line":110,"column":81}},"42":{"start":{"line":112,"column":8},"end":{"line":120,"column":9}},"43":{"start":{"line":113,"column":12},"end":{"line":113,"column":46}},"44":{"start":{"line":115,"column":12},"end":{"line":119,"column":15}},"45":{"start":{"line":122,"column":8},"end":{"line":126,"column":11}},"46":{"start":{"line":131,"column":43},"end":{"line":131,"column":51}},"47":{"start":{"line":133,"column":4},"end":{"line":139,"column":5}},"48":{"start":{"line":134,"column":8},"end":{"line":138,"column":11}},"49":{"start":{"line":140,"column":4},"end":{"line":146,"column":5}},"50":{"start":{"line":141,"column":8},"end":{"line":145,"column":11}},"51":{"start":{"line":148,"column":21},"end":{"line":151,"column":5}},"52":{"start":{"line":153,"column":4},"end":{"line":157,"column":5}},"53":{"start":{"line":154,"column":8},"end":{"line":154,"column":46}},"54":{"start":{"line":156,"column":8},"end":{"line":156,"column":46}},"55":{"start":{"line":161,"column":28},"end":{"line":161,"column":37}},"56":{"start":{"line":162,"column":4},"end":{"line":180,"column":5}},"57":{"start":{"line":163,"column":26},"end":{"line":163,"column":85}},"58":{"start":{"line":165,"column":8},"end":{"line":173,"column":9}},"59":{"start":{"line":166,"column":12},"end":{"line":166,"column":38}},"60":{"start":{"line":168,"column":12},"end":{"line":172,"column":15}},"61":{"start":{"line":175,"column":8},"end":{"line":179,"column":11}},"62":{"start":{"line":184,"column":28},"end":{"line":184,"column":37}},"63":{"start":{"line":185,"column":4},"end":{"line":203,"column":5}},"64":{"start":{"line":186,"column":26},"end":{"line":186,"column":84}},"65":{"start":{"line":188,"column":8},"end":{"line":196,"column":9}},"66":{"start":{"line":189,"column":12},"end":{"line":189,"column":38}},"67":{"start":{"line":191,"column":12},"end":{"line":195,"column":15}},"68":{"start":{"line":198,"column":8},"end":{"line":202,"column":11}},"69":{"start":{"line":207,"column":28},"end":{"line":207,"column":37}},"70":{"start":{"line":208,"column":4},"end":{"line":226,"column":5}},"71":{"start":{"line":209,"column":26},"end":{"line":209,"column":77}},"72":{"start":{"line":211,"column":8},"end":{"line":219,"column":9}},"73":{"start":{"line":212,"column":12},"end":{"line":212,"column":38}},"74":{"start":{"line":214,"column":12},"end":{"line":218,"column":15}},"75":{"start":{"line":221,"column":8},"end":{"line":225,"column":11}},"76":{"start":{"line":230,"column":4},"end":{"line":247,"column":5}},"77":{"start":{"line":231,"column":32},"end":{"line":231,"column":75}},"78":{"start":{"line":232,"column":8},"end":{"line":240,"column":9}},"79":{"start":{"line":233,"column":12},"end":{"line":233,"column":44}},"80":{"start":{"line":235,"column":12},"end":{"line":239,"column":15}},"81":{"start":{"line":242,"column":8},"end":{"line":246,"column":11}},"82":{"start":{"line":251,"column":45},"end":{"line":251,"column":53}},"83":{"start":{"line":252,"column":17},"end":{"line":252,"column":27}},"84":{"start":{"line":253,"column":4},"end":{"line":259,"column":5}},"85":{"start":{"line":254,"column":8},"end":{"line":258,"column":11}},"86":{"start":{"line":260,"column":4},"end":{"line":272,"column":5}},"87":{"start":{"line":261,"column":25},"end":{"line":261,"column":90}},"88":{"start":{"line":262,"column":8},"end":{"line":264,"column":53}},"89":{"start":{"line":263,"column":12},"end":{"line":263,"column":38}},"90":{"start":{"line":264,"column":15},"end":{"line":264,"column":53}},"91":{"start":{"line":266,"column":8},"end":{"line":266,"column":23}},"92":{"start":{"line":267,"column":8},"end":{"line":271,"column":10}},"93":{"start":{"line":276,"column":19},"end":{"line":276,"column":28}},"94":{"start":{"line":277,"column":17},"end":{"line":277,"column":46}},"95":{"start":{"line":278,"column":18},"end":{"line":278,"column":49}},"96":{"start":{"line":279,"column":4},"end":{"line":285,"column":5}},"97":{"start":{"line":280,"column":8},"end":{"line":284,"column":11}},"98":{"start":{"line":286,"column":4},"end":{"line":298,"column":5}},"99":{"start":{"line":287,"column":25},"end":{"line":287,"column":72}},"100":{"start":{"line":288,"column":8},"end":{"line":290,"column":53}},"101":{"start":{"line":289,"column":12},"end":{"line":289,"column":38}},"102":{"start":{"line":290,"column":15},"end":{"line":290,"column":53}},"103":{"start":{"line":292,"column":8},"end":{"line":292,"column":23}},"104":{"start":{"line":293,"column":8},"end":{"line":297,"column":10}},"105":{"start":{"line":302,"column":17},"end":{"line":302,"column":27}},"106":{"start":{"line":303,"column":4},"end":{"line":309,"column":5}},"107":{"start":{"line":304,"column":8},"end":{"line":308,"column":11}},"108":{"start":{"line":311,"column":4},"end":{"line":324,"column":5}},"109":{"start":{"line":312,"column":25},"end":{"line":312,"column":61}},"110":{"start":{"line":314,"column":8},"end":{"line":316,"column":53}},"111":{"start":{"line":315,"column":12},"end":{"line":315,"column":38}},"112":{"start":{"line":316,"column":15},"end":{"line":316,"column":53}},"113":{"start":{"line":318,"column":8},"end":{"line":318,"column":23}},"114":{"start":{"line":319,"column":8},"end":{"line":323,"column":10}},"115":{"start":{"line":329,"column":4},"end":{"line":344,"column":5}},"116":{"start":{"line":330,"column":23},"end":{"line":330,"column":33}},"117":{"start":{"line":332,"column":26},"end":{"line":332,"column":75}},"118":{"start":{"line":334,"column":8},"end":{"line":336,"column":54}},"119":{"start":{"line":335,"column":12},"end":{"line":335,"column":39}},"120":{"start":{"line":336,"column":15},"end":{"line":336,"column":54}},"121":{"start":{"line":338,"column":8},"end":{"line":338,"column":23}},"122":{"start":{"line":339,"column":8},"end":{"line":343,"column":10}},"123":{"start":{"line":348,"column":35},"end":{"line":363,"column":1}}},"fnMap":{"0":{"name":"getApartment","decl":{"start":{"line":4,"column":15},"end":{"line":4,"column":27}},"loc":{"start":{"line":4,"column":38},"end":{"line":18,"column":1}},"line":4},"1":{"name":"getApartmentByPage","decl":{"start":{"line":20,"column":15},"end":{"line":20,"column":33}},"loc":{"start":{"line":20,"column":44},"end":{"line":43,"column":1}},"line":20},"2":{"name":"addNewApartment","decl":{"start":{"line":45,"column":15},"end":{"line":45,"column":30}},"loc":{"start":{"line":45,"column":41},"end":{"line":88,"column":1}},"line":45},"3":{"name":"getOneApartment","decl":{"start":{"line":90,"column":15},"end":{"line":90,"column":30}},"loc":{"start":{"line":90,"column":41},"end":{"line":106,"column":1}},"line":90},"4":{"name":"getAllPendingApartment","decl":{"start":{"line":108,"column":15},"end":{"line":108,"column":37}},"loc":{"start":{"line":108,"column":48},"end":{"line":128,"column":1}},"line":108},"5":{"name":"updateApartment","decl":{"start":{"line":130,"column":15},"end":{"line":130,"column":30}},"loc":{"start":{"line":130,"column":41},"end":{"line":158,"column":1}},"line":130},"6":{"name":"confirmPendingApartment","decl":{"start":{"line":160,"column":15},"end":{"line":160,"column":38}},"loc":{"start":{"line":160,"column":49},"end":{"line":181,"column":1}},"line":160},"7":{"name":"removePendingApartment","decl":{"start":{"line":183,"column":15},"end":{"line":183,"column":37}},"loc":{"start":{"line":183,"column":48},"end":{"line":204,"column":1}},"line":183},"8":{"name":"deleteApartment","decl":{"start":{"line":206,"column":15},"end":{"line":206,"column":30}},"loc":{"start":{"line":206,"column":41},"end":{"line":227,"column":1}},"line":206},"9":{"name":"getApartmentCities","decl":{"start":{"line":229,"column":15},"end":{"line":229,"column":33}},"loc":{"start":{"line":229,"column":44},"end":{"line":248,"column":1}},"line":229},"10":{"name":"addReview","decl":{"start":{"line":250,"column":15},"end":{"line":250,"column":24}},"loc":{"start":{"line":250,"column":35},"end":{"line":273,"column":1}},"line":250},"11":{"name":"getReviews","decl":{"start":{"line":275,"column":15},"end":{"line":275,"column":25}},"loc":{"start":{"line":275,"column":36},"end":{"line":299,"column":1}},"line":275},"12":{"name":"getAvgRating","decl":{"start":{"line":301,"column":15},"end":{"line":301,"column":27}},"loc":{"start":{"line":301,"column":38},"end":{"line":325,"column":1}},"line":301},"13":{"name":"getApartmentOfUser","decl":{"start":{"line":327,"column":15},"end":{"line":327,"column":33}},"loc":{"start":{"line":327,"column":44},"end":{"line":345,"column":1}},"line":327}},"branchMap":{"0":{"loc":{"start":{"line":7,"column":8},"end":{"line":9,"column":51}},"type":"if","locations":[{"start":{"line":7,"column":8},"end":{"line":9,"column":51}},{"start":{"line":9,"column":15},"end":{"line":9,"column":51}}],"line":7},"1":{"loc":{"start":{"line":24,"column":8},"end":{"line":24,"column":49}},"type":"if","locations":[{"start":{"line":24,"column":8},"end":{"line":24,"column":49}},{"start":{},"end":{}}],"line":24},"2":{"loc":{"start":{"line":25,"column":8},"end":{"line":25,"column":59}},"type":"if","locations":[{"start":{"line":25,"column":8},"end":{"line":25,"column":59}},{"start":{},"end":{}}],"line":25},"3":{"loc":{"start":{"line":33,"column":8},"end":{"line":35,"column":53}},"type":"if","locations":[{"start":{"line":33,"column":8},"end":{"line":35,"column":53}},{"start":{"line":35,"column":15},"end":{"line":35,"column":53}}],"line":33},"4":{"loc":{"start":{"line":75,"column":8},"end":{"line":79,"column":9}},"type":"if","locations":[{"start":{"line":75,"column":8},"end":{"line":79,"column":9}},{"start":{"line":77,"column":15},"end":{"line":79,"column":9}}],"line":75},"5":{"loc":{"start":{"line":93,"column":4},"end":{"line":98,"column":11}},"type":"if","locations":[{"start":{"line":93,"column":4},"end":{"line":98,"column":11}},{"start":{},"end":{}}],"line":93},"6":{"loc":{"start":{"line":101,"column":4},"end":{"line":105,"column":5}},"type":"if","locations":[{"start":{"line":101,"column":4},"end":{"line":105,"column":5}},{"start":{"line":103,"column":11},"end":{"line":105,"column":5}}],"line":101},"7":{"loc":{"start":{"line":112,"column":8},"end":{"line":120,"column":9}},"type":"if","locations":[{"start":{"line":112,"column":8},"end":{"line":120,"column":9}},{"start":{"line":114,"column":15},"end":{"line":120,"column":9}}],"line":112},"8":{"loc":{"start":{"line":133,"column":4},"end":{"line":139,"column":5}},"type":"if","locations":[{"start":{"line":133,"column":4},"end":{"line":139,"column":5}},{"start":{},"end":{}}],"line":133},"9":{"loc":{"start":{"line":140,"column":4},"end":{"line":146,"column":5}},"type":"if","locations":[{"start":{"line":140,"column":4},"end":{"line":146,"column":5}},{"start":{},"end":{}}],"line":140},"10":{"loc":{"start":{"line":153,"column":4},"end":{"line":157,"column":5}},"type":"if","locations":[{"start":{"line":153,"column":4},"end":{"line":157,"column":5}},{"start":{"line":155,"column":11},"end":{"line":157,"column":5}}],"line":153},"11":{"loc":{"start":{"line":165,"column":8},"end":{"line":173,"column":9}},"type":"if","locations":[{"start":{"line":165,"column":8},"end":{"line":173,"column":9}},{"start":{"line":167,"column":15},"end":{"line":173,"column":9}}],"line":165},"12":{"loc":{"start":{"line":188,"column":8},"end":{"line":196,"column":9}},"type":"if","locations":[{"start":{"line":188,"column":8},"end":{"line":196,"column":9}},{"start":{"line":190,"column":15},"end":{"line":196,"column":9}}],"line":188},"13":{"loc":{"start":{"line":211,"column":8},"end":{"line":219,"column":9}},"type":"if","locations":[{"start":{"line":211,"column":8},"end":{"line":219,"column":9}},{"start":{"line":213,"column":15},"end":{"line":219,"column":9}}],"line":211},"14":{"loc":{"start":{"line":232,"column":8},"end":{"line":240,"column":9}},"type":"if","locations":[{"start":{"line":232,"column":8},"end":{"line":240,"column":9}},{"start":{"line":234,"column":15},"end":{"line":240,"column":9}}],"line":232},"15":{"loc":{"start":{"line":253,"column":4},"end":{"line":259,"column":5}},"type":"if","locations":[{"start":{"line":253,"column":4},"end":{"line":259,"column":5}},{"start":{},"end":{}}],"line":253},"16":{"loc":{"start":{"line":253,"column":8},"end":{"line":253,"column":52}},"type":"binary-expr","locations":[{"start":{"line":253,"column":8},"end":{"line":253,"column":13}},{"start":{"line":253,"column":17},"end":{"line":253,"column":29}},{"start":{"line":253,"column":33},"end":{"line":253,"column":41}},{"start":{"line":253,"column":45},"end":{"line":253,"column":52}}],"line":253},"17":{"loc":{"start":{"line":262,"column":8},"end":{"line":264,"column":53}},"type":"if","locations":[{"start":{"line":262,"column":8},"end":{"line":264,"column":53}},{"start":{"line":264,"column":15},"end":{"line":264,"column":53}}],"line":262},"18":{"loc":{"start":{"line":277,"column":26},"end":{"line":277,"column":45}},"type":"binary-expr","locations":[{"start":{"line":277,"column":26},"end":{"line":277,"column":40}},{"start":{"line":277,"column":44},"end":{"line":277,"column":45}}],"line":277},"19":{"loc":{"start":{"line":278,"column":27},"end":{"line":278,"column":48}},"type":"binary-expr","locations":[{"start":{"line":278,"column":27},"end":{"line":278,"column":42}},{"start":{"line":278,"column":46},"end":{"line":278,"column":48}}],"line":278},"20":{"loc":{"start":{"line":279,"column":4},"end":{"line":285,"column":5}},"type":"if","locations":[{"start":{"line":279,"column":4},"end":{"line":285,"column":5}},{"start":{},"end":{}}],"line":279},"21":{"loc":{"start":{"line":288,"column":8},"end":{"line":290,"column":53}},"type":"if","locations":[{"start":{"line":288,"column":8},"end":{"line":290,"column":53}},{"start":{"line":290,"column":15},"end":{"line":290,"column":53}}],"line":288},"22":{"loc":{"start":{"line":303,"column":4},"end":{"line":309,"column":5}},"type":"if","locations":[{"start":{"line":303,"column":4},"end":{"line":309,"column":5}},{"start":{},"end":{}}],"line":303},"23":{"loc":{"start":{"line":314,"column":8},"end":{"line":316,"column":53}},"type":"if","locations":[{"start":{"line":314,"column":8},"end":{"line":316,"column":53}},{"start":{"line":316,"column":15},"end":{"line":316,"column":53}}],"line":314},"24":{"loc":{"start":{"line":334,"column":8},"end":{"line":336,"column":54}},"type":"if","locations":[{"start":{"line":334,"column":8},"end":{"line":336,"column":54}},{"start":{"line":336,"column":15},"end":{"line":336,"column":54}}],"line":334}},"s":{"0":1,"1":1,"2":1,"3":1,"4":0,"5":0,"6":0,"7":0,"8":0,"9":0,"10":0,"11":0,"12":0,"13":0,"14":0,"15":0,"16":0,"17":1,"18":1,"19":1,"20":1,"21":1,"22":1,"23":1,"24":1,"25":1,"26":1,"27":1,"28":1,"29":0,"30":1,"31":0,"32":0,"33":2,"34":2,"35":0,"36":2,"37":2,"38":1,"39":1,"40":0,"41":0,"42":0,"43":0,"44":0,"45":0,"46":3,"47":3,"48":1,"49":2,"50":0,"51":2,"52":2,"53":1,"54":1,"55":0,"56":0,"57":0,"58":0,"59":0,"60":0,"61":0,"62":0,"63":0,"64":0,"65":0,"66":0,"67":0,"68":0,"69":0,"70":0,"71":0,"72":0,"73":0,"74":0,"75":0,"76":0,"77":0,"78":0,"79":0,"80":0,"81":0,"82":2,"83":2,"84":2,"85":1,"86":1,"87":1,"88":1,"89":0,"90":1,"91":0,"92":0,"93":3,"94":3,"95":3,"96":3,"97":1,"98":2,"99":2,"100":2,"101":1,"102":1,"103":0,"104":0,"105":2,"106":2,"107":0,"108":2,"109":2,"110":2,"111":1,"112":1,"113":0,"114":0,"115":0,"116":0,"117":0,"118":0,"119":0,"120":0,"121":0,"122":0,"123":1},"f":{"0":1,"1":0,"2":1,"3":2,"4":0,"5":3,"6":0,"7":0,"8":0,"9":0,"10":2,"11":3,"12":2,"13":0},"b":{"0":[1,0],"1":[0,0],"2":[0,0],"3":[0,0],"4":[0,1],"5":[0,2],"6":[1,1],"7":[0,0],"8":[1,2],"9":[0,2],"10":[1,1],"11":[0,0],"12":[0,0],"13":[0,0],"14":[0,0],"15":[1,1],"16":[2,2,2,2],"17":[0,1],"18":[3,0],"19":[3,0],"20":[1,2],"21":[1,1],"22":[0,2],"23":[1,1],"24":[0,0]},"_coverageSchema":"1a1c01bbd47fc00a2c39e90264f33305004495a9","hash":"a39e269397c3a81a720761e4d6dd1dae8ca7da19"}
,"/Users/macos/Private/Code/Web/luviana-BE/controllers/blog.controller.js": {"path":"/Users/macos/Private/Code/Web/luviana-BE/controllers/blog.controller.js","statementMap":{"0":{"start":{"line":6,"column":19},"end":{"line":6,"column":40}},"1":{"start":{"line":7,"column":0},"end":{"line":11,"column":5}},"2":{"start":{"line":14,"column":17},"end":{"line":14,"column":25}},"3":{"start":{"line":16,"column":4},"end":{"line":16,"column":29}},"4":{"start":{"line":18,"column":4},"end":{"line":24,"column":5}},"5":{"start":{"line":19,"column":8},"end":{"line":23,"column":10}},"6":{"start":{"line":26,"column":4},"end":{"line":26,"column":27}},"7":{"start":{"line":28,"column":4},"end":{"line":40,"column":5}},"8":{"start":{"line":29,"column":25},"end":{"line":29,"column":59}},"9":{"start":{"line":31,"column":8},"end":{"line":32,"column":50}},"10":{"start":{"line":31,"column":30},"end":{"line":31,"column":55}},"11":{"start":{"line":32,"column":13},"end":{"line":32,"column":50}},"12":{"start":{"line":35,"column":8},"end":{"line":39,"column":10}},"13":{"start":{"line":44,"column":29},"end":{"line":44,"column":37}},"14":{"start":{"line":45,"column":19},"end":{"line":45,"column":29}},"15":{"start":{"line":47,"column":4},"end":{"line":53,"column":5}},"16":{"start":{"line":48,"column":8},"end":{"line":52,"column":10}},"17":{"start":{"line":55,"column":4},"end":{"line":57,"column":5}},"18":{"start":{"line":56,"column":8},"end":{"line":56,"column":30}},"19":{"start":{"line":59,"column":4},"end":{"line":61,"column":5}},"20":{"start":{"line":60,"column":8},"end":{"line":60,"column":31}},"21":{"start":{"line":63,"column":4},"end":{"line":65,"column":5}},"22":{"start":{"line":64,"column":8},"end":{"line":64,"column":28}},"23":{"start":{"line":67,"column":4},"end":{"line":73,"column":5}},"24":{"start":{"line":68,"column":8},"end":{"line":72,"column":10}},"25":{"start":{"line":75,"column":4},"end":{"line":86,"column":5}},"26":{"start":{"line":76,"column":25},"end":{"line":76,"column":75}},"27":{"start":{"line":78,"column":8},"end":{"line":79,"column":50}},"28":{"start":{"line":78,"column":30},"end":{"line":78,"column":55}},"29":{"start":{"line":79,"column":13},"end":{"line":79,"column":50}},"30":{"start":{"line":81,"column":8},"end":{"line":85,"column":10}},"31":{"start":{"line":90,"column":23},"end":{"line":90,"column":33}},"32":{"start":{"line":92,"column":4},"end":{"line":96,"column":6}},"33":{"start":{"line":92,"column":17},"end":{"line":96,"column":6}},"34":{"start":{"line":98,"column":4},"end":{"line":109,"column":5}},"35":{"start":{"line":99,"column":25},"end":{"line":99,"column":62}},"36":{"start":{"line":101,"column":8},"end":{"line":102,"column":50}},"37":{"start":{"line":101,"column":30},"end":{"line":101,"column":55}},"38":{"start":{"line":102,"column":13},"end":{"line":102,"column":50}},"39":{"start":{"line":104,"column":8},"end":{"line":108,"column":10}},"40":{"start":{"line":113,"column":4},"end":{"line":125,"column":5}},"41":{"start":{"line":114,"column":25},"end":{"line":114,"column":55}},"42":{"start":{"line":116,"column":8},"end":{"line":118,"column":52}},"43":{"start":{"line":117,"column":12},"end":{"line":117,"column":37}},"44":{"start":{"line":118,"column":15},"end":{"line":118,"column":52}},"45":{"start":{"line":120,"column":8},"end":{"line":124,"column":10}},"46":{"start":{"line":129,"column":23},"end":{"line":143,"column":5}},"47":{"start":{"line":130,"column":8},"end":{"line":142,"column":11}},"48":{"start":{"line":131,"column":25},"end":{"line":139,"column":13}},"49":{"start":{"line":133,"column":20},"end":{"line":137,"column":21}},"50":{"start":{"line":134,"column":24},"end":{"line":134,"column":40}},"51":{"start":{"line":136,"column":24},"end":{"line":136,"column":38}},"52":{"start":{"line":141,"column":12},"end":{"line":141,"column":67}},"53":{"start":{"line":146,"column":22},"end":{"line":146,"column":24}},"54":{"start":{"line":147,"column":8},"end":{"line":148,"column":51}},"55":{"start":{"line":148,"column":12},"end":{"line":148,"column":51}},"56":{"start":{"line":149,"column":8},"end":{"line":149,"column":46}},"57":{"start":{"line":149,"column":32},"end":{"line":149,"column":44}},"58":{"start":{"line":152,"column":4},"end":{"line":161,"column":5}},"59":{"start":{"line":153,"column":23},"end":{"line":153,"column":46}},"60":{"start":{"line":154,"column":8},"end":{"line":158,"column":10}},"61":{"start":{"line":160,"column":8},"end":{"line":160,"column":25}},"62":{"start":{"line":165,"column":19},"end":{"line":165,"column":29}},"63":{"start":{"line":166,"column":4},"end":{"line":172,"column":5}},"64":{"start":{"line":167,"column":8},"end":{"line":171,"column":10}},"65":{"start":{"line":174,"column":4},"end":{"line":186,"column":5}},"66":{"start":{"line":175,"column":25},"end":{"line":175,"column":66}},"67":{"start":{"line":177,"column":8},"end":{"line":179,"column":52}},"68":{"start":{"line":178,"column":12},"end":{"line":178,"column":49}},"69":{"start":{"line":179,"column":15},"end":{"line":179,"column":52}},"70":{"start":{"line":181,"column":8},"end":{"line":185,"column":10}},"71":{"start":{"line":190,"column":32},"end":{"line":190,"column":40}},"72":{"start":{"line":191,"column":19},"end":{"line":191,"column":29}},"73":{"start":{"line":193,"column":4},"end":{"line":199,"column":5}},"74":{"start":{"line":194,"column":8},"end":{"line":198,"column":10}},"75":{"start":{"line":201,"column":4},"end":{"line":212,"column":5}},"76":{"start":{"line":202,"column":25},"end":{"line":202,"column":81}},"77":{"start":{"line":204,"column":8},"end":{"line":205,"column":50}},"78":{"start":{"line":204,"column":30},"end":{"line":204,"column":55}},"79":{"start":{"line":205,"column":13},"end":{"line":205,"column":50}},"80":{"start":{"line":207,"column":8},"end":{"line":211,"column":10}},"81":{"start":{"line":217,"column":23},"end":{"line":217,"column":32}},"82":{"start":{"line":219,"column":4},"end":{"line":225,"column":5}},"83":{"start":{"line":220,"column":8},"end":{"line":224,"column":10}},"84":{"start":{"line":227,"column":4},"end":{"line":254,"column":5}},"85":{"start":{"line":228,"column":21},"end":{"line":228,"column":50}},"86":{"start":{"line":229,"column":8},"end":{"line":235,"column":9}},"87":{"start":{"line":230,"column":12},"end":{"line":234,"column":14}},"88":{"start":{"line":236,"column":22},"end":{"line":236,"column":53}},"89":{"start":{"line":237,"column":8},"end":{"line":243,"column":9}},"90":{"start":{"line":238,"column":12},"end":{"line":242,"column":14}},"91":{"start":{"line":244,"column":25},"end":{"line":244,"column":81}},"92":{"start":{"line":246,"column":8},"end":{"line":247,"column":50}},"93":{"start":{"line":246,"column":30},"end":{"line":246,"column":55}},"94":{"start":{"line":247,"column":13},"end":{"line":247,"column":50}},"95":{"start":{"line":249,"column":8},"end":{"line":253,"column":10}},"96":{"start":{"line":258,"column":23},"end":{"line":258,"column":31}},"97":{"start":{"line":259,"column":19},"end":{"line":259,"column":29}},"98":{"start":{"line":261,"column":4},"end":{"line":267,"column":5}},"99":{"start":{"line":262,"column":8},"end":{"line":266,"column":10}},"100":{"start":{"line":269,"column":4},"end":{"line":280,"column":5}},"101":{"start":{"line":270,"column":25},"end":{"line":270,"column":67}},"102":{"start":{"line":272,"column":8},"end":{"line":273,"column":50}},"103":{"start":{"line":272,"column":30},"end":{"line":272,"column":55}},"104":{"start":{"line":273,"column":13},"end":{"line":273,"column":50}},"105":{"start":{"line":275,"column":8},"end":{"line":279,"column":10}},"106":{"start":{"line":284,"column":23},"end":{"line":284,"column":33}},"107":{"start":{"line":286,"column":4},"end":{"line":292,"column":5}},"108":{"start":{"line":287,"column":8},"end":{"line":291,"column":10}},"109":{"start":{"line":294,"column":4},"end":{"line":304,"column":5}},"110":{"start":{"line":295,"column":25},"end":{"line":295,"column":64}},"111":{"start":{"line":296,"column":8},"end":{"line":297,"column":50}},"112":{"start":{"line":296,"column":30},"end":{"line":296,"column":55}},"113":{"start":{"line":297,"column":13},"end":{"line":297,"column":50}},"114":{"start":{"line":299,"column":8},"end":{"line":303,"column":10}},"115":{"start":{"line":308,"column":23},"end":{"line":308,"column":31}},"116":{"start":{"line":309,"column":19},"end":{"line":309,"column":29}},"117":{"start":{"line":311,"column":4},"end":{"line":317,"column":5}},"118":{"start":{"line":312,"column":8},"end":{"line":316,"column":10}},"119":{"start":{"line":319,"column":4},"end":{"line":330,"column":5}},"120":{"start":{"line":320,"column":25},"end":{"line":320,"column":69}},"121":{"start":{"line":322,"column":8},"end":{"line":323,"column":50}},"122":{"start":{"line":322,"column":30},"end":{"line":322,"column":55}},"123":{"start":{"line":323,"column":13},"end":{"line":323,"column":50}},"124":{"start":{"line":325,"column":8},"end":{"line":329,"column":10}},"125":{"start":{"line":334,"column":23},"end":{"line":334,"column":32}},"126":{"start":{"line":336,"column":4},"end":{"line":342,"column":5}},"127":{"start":{"line":337,"column":8},"end":{"line":341,"column":10}},"128":{"start":{"line":344,"column":4},"end":{"line":355,"column":5}},"129":{"start":{"line":345,"column":25},"end":{"line":345,"column":70}},"130":{"start":{"line":347,"column":8},"end":{"line":348,"column":50}},"131":{"start":{"line":347,"column":30},"end":{"line":347,"column":55}},"132":{"start":{"line":348,"column":13},"end":{"line":348,"column":50}},"133":{"start":{"line":350,"column":8},"end":{"line":354,"column":10}},"134":{"start":{"line":359,"column":23},"end":{"line":359,"column":33}},"135":{"start":{"line":360,"column":19},"end":{"line":360,"column":29}},"136":{"start":{"line":362,"column":4},"end":{"line":368,"column":5}},"137":{"start":{"line":363,"column":8},"end":{"line":367,"column":10}},"138":{"start":{"line":370,"column":4},"end":{"line":382,"column":5}},"139":{"start":{"line":371,"column":25},"end":{"line":371,"column":73}},"140":{"start":{"line":373,"column":8},"end":{"line":374,"column":50}},"141":{"start":{"line":373,"column":30},"end":{"line":373,"column":55}},"142":{"start":{"line":374,"column":13},"end":{"line":374,"column":50}},"143":{"start":{"line":376,"column":8},"end":{"line":376,"column":23}},"144":{"start":{"line":377,"column":8},"end":{"line":381,"column":10}},"145":{"start":{"line":388,"column":19},"end":{"line":388,"column":31}},"146":{"start":{"line":390,"column":4},"end":{"line":396,"column":5}},"147":{"start":{"line":391,"column":8},"end":{"line":395,"column":10}},"148":{"start":{"line":398,"column":4},"end":{"line":409,"column":5}},"149":{"start":{"line":399,"column":25},"end":{"line":399,"column":62}},"150":{"start":{"line":401,"column":8},"end":{"line":402,"column":50}},"151":{"start":{"line":401,"column":30},"end":{"line":401,"column":55}},"152":{"start":{"line":402,"column":13},"end":{"line":402,"column":50}},"153":{"start":{"line":404,"column":8},"end":{"line":408,"column":10}},"154":{"start":{"line":413,"column":23},"end":{"line":413,"column":33}},"155":{"start":{"line":415,"column":4},"end":{"line":421,"column":5}},"156":{"start":{"line":416,"column":8},"end":{"line":420,"column":10}},"157":{"start":{"line":423,"column":4},"end":{"line":434,"column":5}},"158":{"start":{"line":424,"column":25},"end":{"line":424,"column":61}},"159":{"start":{"line":425,"column":8},"end":{"line":427,"column":52}},"160":{"start":{"line":426,"column":12},"end":{"line":426,"column":37}},"161":{"start":{"line":427,"column":15},"end":{"line":427,"column":52}},"162":{"start":{"line":429,"column":8},"end":{"line":433,"column":10}},"163":{"start":{"line":438,"column":19},"end":{"line":438,"column":31}},"164":{"start":{"line":439,"column":4},"end":{"line":445,"column":5}},"165":{"start":{"line":440,"column":8},"end":{"line":444,"column":10}},"166":{"start":{"line":447,"column":4},"end":{"line":457,"column":5}},"167":{"start":{"line":448,"column":25},"end":{"line":448,"column":59}},"168":{"start":{"line":449,"column":8},"end":{"line":450,"column":50}},"169":{"start":{"line":449,"column":22},"end":{"line":449,"column":47}},"170":{"start":{"line":450,"column":13},"end":{"line":450,"column":50}},"171":{"start":{"line":452,"column":8},"end":{"line":456,"column":10}},"172":{"start":{"line":461,"column":4},"end":{"line":471,"column":5}},"173":{"start":{"line":462,"column":25},"end":{"line":462,"column":66}},"174":{"start":{"line":463,"column":8},"end":{"line":464,"column":50}},"175":{"start":{"line":463,"column":30},"end":{"line":463,"column":55}},"176":{"start":{"line":464,"column":13},"end":{"line":464,"column":50}},"177":{"start":{"line":466,"column":8},"end":{"line":470,"column":10}},"178":{"start":{"line":477,"column":17},"end":{"line":477,"column":36}},"179":{"start":{"line":478,"column":18},"end":{"line":478,"column":39}},"180":{"start":{"line":480,"column":4},"end":{"line":492,"column":5}},"181":{"start":{"line":481,"column":25},"end":{"line":481,"column":75}},"182":{"start":{"line":483,"column":8},"end":{"line":485,"column":52}},"183":{"start":{"line":484,"column":12},"end":{"line":484,"column":37}},"184":{"start":{"line":485,"column":15},"end":{"line":485,"column":52}},"185":{"start":{"line":487,"column":8},"end":{"line":491,"column":10}},"186":{"start":{"line":496,"column":21},"end":{"line":496,"column":53}},"187":{"start":{"line":497,"column":4},"end":{"line":498,"column":46}},"188":{"start":{"line":497,"column":26},"end":{"line":497,"column":51}},"189":{"start":{"line":498,"column":9},"end":{"line":498,"column":46}},"190":{"start":{"line":501,"column":30},"end":{"line":521,"column":1}}},"fnMap":{"0":{"name":"addNewBlog","decl":{"start":{"line":13,"column":15},"end":{"line":13,"column":25}},"loc":{"start":{"line":13,"column":36},"end":{"line":41,"column":1}},"line":13},"1":{"name":"updateBlog","decl":{"start":{"line":43,"column":15},"end":{"line":43,"column":25}},"loc":{"start":{"line":43,"column":36},"end":{"line":87,"column":1}},"line":43},"2":{"name":"getBlogById","decl":{"start":{"line":89,"column":15},"end":{"line":89,"column":26}},"loc":{"start":{"line":89,"column":37},"end":{"line":110,"column":1}},"line":89},"3":{"name":"getAllBlog","decl":{"start":{"line":112,"column":15},"end":{"line":112,"column":25}},"loc":{"start":{"line":112,"column":36},"end":{"line":126,"column":1}},"line":112},"4":{"name":"uploadImage","decl":{"start":{"line":128,"column":15},"end":{"line":128,"column":26}},"loc":{"start":{"line":128,"column":37},"end":{"line":162,"column":1}},"line":128},"5":{"name":"(anonymous_5)","decl":{"start":{"line":129,"column":23},"end":{"line":129,"column":24}},"loc":{"start":{"line":129,"column":33},"end":{"line":143,"column":5}},"line":129},"6":{"name":"(anonymous_6)","decl":{"start":{"line":130,"column":27},"end":{"line":130,"column":28}},"loc":{"start":{"line":130,"column":48},"end":{"line":142,"column":9}},"line":130},"7":{"name":"(anonymous_7)","decl":{"start":{"line":132,"column":16},"end":{"line":132,"column":17}},"loc":{"start":{"line":132,"column":35},"end":{"line":138,"column":17}},"line":132},"8":{"name":"upload","decl":{"start":{"line":145,"column":19},"end":{"line":145,"column":25}},"loc":{"start":{"line":145,"column":33},"end":{"line":150,"column":5}},"line":145},"9":{"name":"(anonymous_9)","decl":{"start":{"line":149,"column":27},"end":{"line":149,"column":28}},"loc":{"start":{"line":149,"column":32},"end":{"line":149,"column":44}},"line":149},"10":{"name":"getBlogByAuthor","decl":{"start":{"line":164,"column":15},"end":{"line":164,"column":30}},"loc":{"start":{"line":164,"column":41},"end":{"line":187,"column":1}},"line":164},"11":{"name":"addComment","decl":{"start":{"line":189,"column":15},"end":{"line":189,"column":25}},"loc":{"start":{"line":189,"column":36},"end":{"line":213,"column":1}},"line":189},"12":{"name":"getCommentList","decl":{"start":{"line":216,"column":15},"end":{"line":216,"column":29}},"loc":{"start":{"line":216,"column":40},"end":{"line":255,"column":1}},"line":216},"13":{"name":"likeBlog","decl":{"start":{"line":257,"column":15},"end":{"line":257,"column":23}},"loc":{"start":{"line":257,"column":34},"end":{"line":281,"column":1}},"line":257},"14":{"name":"getLikeNumber","decl":{"start":{"line":283,"column":15},"end":{"line":283,"column":28}},"loc":{"start":{"line":283,"column":39},"end":{"line":305,"column":1}},"line":283},"15":{"name":"unlikeBlog","decl":{"start":{"line":307,"column":15},"end":{"line":307,"column":25}},"loc":{"start":{"line":307,"column":36},"end":{"line":331,"column":1}},"line":307},"16":{"name":"getLikedBlogsByUser","decl":{"start":{"line":333,"column":15},"end":{"line":333,"column":34}},"loc":{"start":{"line":333,"column":45},"end":{"line":356,"column":1}},"line":333},"17":{"name":"userDeleteBlog","decl":{"start":{"line":358,"column":15},"end":{"line":358,"column":29}},"loc":{"start":{"line":358,"column":40},"end":{"line":383,"column":1}},"line":358},"18":{"name":"confirmBlog","decl":{"start":{"line":387,"column":15},"end":{"line":387,"column":26}},"loc":{"start":{"line":387,"column":37},"end":{"line":410,"column":1}},"line":387},"19":{"name":"deleteBlog","decl":{"start":{"line":412,"column":15},"end":{"line":412,"column":25}},"loc":{"start":{"line":412,"column":36},"end":{"line":435,"column":1}},"line":412},"20":{"name":"denyBlog","decl":{"start":{"line":437,"column":15},"end":{"line":437,"column":23}},"loc":{"start":{"line":437,"column":34},"end":{"line":458,"column":1}},"line":437},"21":{"name":"getAllUnconfirmedBlog","decl":{"start":{"line":460,"column":15},"end":{"line":460,"column":36}},"loc":{"start":{"line":460,"column":47},"end":{"line":472,"column":1}},"line":460},"22":{"name":"getAllConfirmedBlog","decl":{"start":{"line":476,"column":15},"end":{"line":476,"column":34}},"loc":{"start":{"line":476,"column":45},"end":{"line":493,"column":1}},"line":476},"23":{"name":"dropDatabase","decl":{"start":{"line":495,"column":15},"end":{"line":495,"column":27}},"loc":{"start":{"line":495,"column":38},"end":{"line":499,"column":1}},"line":495}},"branchMap":{"0":{"loc":{"start":{"line":18,"column":4},"end":{"line":24,"column":5}},"type":"if","locations":[{"start":{"line":18,"column":4},"end":{"line":24,"column":5}},{"start":{},"end":{}}],"line":18},"1":{"loc":{"start":{"line":18,"column":8},"end":{"line":18,"column":37}},"type":"binary-expr","locations":[{"start":{"line":18,"column":8},"end":{"line":18,"column":20}},{"start":{"line":18,"column":24},"end":{"line":18,"column":37}}],"line":18},"2":{"loc":{"start":{"line":31,"column":8},"end":{"line":32,"column":50}},"type":"if","locations":[{"start":{"line":31,"column":8},"end":{"line":32,"column":50}},{"start":{"line":32,"column":13},"end":{"line":32,"column":50}}],"line":31},"3":{"loc":{"start":{"line":47,"column":4},"end":{"line":53,"column":5}},"type":"if","locations":[{"start":{"line":47,"column":4},"end":{"line":53,"column":5}},{"start":{},"end":{}}],"line":47},"4":{"loc":{"start":{"line":47,"column":8},"end":{"line":47,"column":24}},"type":"binary-expr","locations":[{"start":{"line":47,"column":8},"end":{"line":47,"column":15}},{"start":{"line":47,"column":19},"end":{"line":47,"column":24}}],"line":47},"5":{"loc":{"start":{"line":55,"column":4},"end":{"line":57,"column":5}},"type":"if","locations":[{"start":{"line":55,"column":4},"end":{"line":57,"column":5}},{"start":{},"end":{}}],"line":55},"6":{"loc":{"start":{"line":59,"column":4},"end":{"line":61,"column":5}},"type":"if","locations":[{"start":{"line":59,"column":4},"end":{"line":61,"column":5}},{"start":{},"end":{}}],"line":59},"7":{"loc":{"start":{"line":63,"column":4},"end":{"line":65,"column":5}},"type":"if","locations":[{"start":{"line":63,"column":4},"end":{"line":65,"column":5}},{"start":{},"end":{}}],"line":63},"8":{"loc":{"start":{"line":67,"column":4},"end":{"line":73,"column":5}},"type":"if","locations":[{"start":{"line":67,"column":4},"end":{"line":73,"column":5}},{"start":{},"end":{}}],"line":67},"9":{"loc":{"start":{"line":78,"column":8},"end":{"line":79,"column":50}},"type":"if","locations":[{"start":{"line":78,"column":8},"end":{"line":79,"column":50}},{"start":{"line":79,"column":13},"end":{"line":79,"column":50}}],"line":78},"10":{"loc":{"start":{"line":92,"column":4},"end":{"line":96,"column":6}},"type":"if","locations":[{"start":{"line":92,"column":4},"end":{"line":96,"column":6}},{"start":{},"end":{}}],"line":92},"11":{"loc":{"start":{"line":101,"column":8},"end":{"line":102,"column":50}},"type":"if","locations":[{"start":{"line":101,"column":8},"end":{"line":102,"column":50}},{"start":{"line":102,"column":13},"end":{"line":102,"column":50}}],"line":101},"12":{"loc":{"start":{"line":116,"column":8},"end":{"line":118,"column":52}},"type":"if","locations":[{"start":{"line":116,"column":8},"end":{"line":118,"column":52}},{"start":{"line":118,"column":15},"end":{"line":118,"column":52}}],"line":116},"13":{"loc":{"start":{"line":133,"column":20},"end":{"line":137,"column":21}},"type":"if","locations":[{"start":{"line":133,"column":20},"end":{"line":137,"column":21}},{"start":{"line":135,"column":27},"end":{"line":137,"column":21}}],"line":133},"14":{"loc":{"start":{"line":166,"column":4},"end":{"line":172,"column":5}},"type":"if","locations":[{"start":{"line":166,"column":4},"end":{"line":172,"column":5}},{"start":{},"end":{}}],"line":166},"15":{"loc":{"start":{"line":177,"column":8},"end":{"line":179,"column":52}},"type":"if","locations":[{"start":{"line":177,"column":8},"end":{"line":179,"column":52}},{"start":{"line":179,"column":15},"end":{"line":179,"column":52}}],"line":177},"16":{"loc":{"start":{"line":193,"column":4},"end":{"line":199,"column":5}},"type":"if","locations":[{"start":{"line":193,"column":4},"end":{"line":199,"column":5}},{"start":{},"end":{}}],"line":193},"17":{"loc":{"start":{"line":193,"column":8},"end":{"line":193,"column":38}},"type":"binary-expr","locations":[{"start":{"line":193,"column":8},"end":{"line":193,"column":15}},{"start":{"line":193,"column":19},"end":{"line":193,"column":26}},{"start":{"line":193,"column":30},"end":{"line":193,"column":38}}],"line":193},"18":{"loc":{"start":{"line":204,"column":8},"end":{"line":205,"column":50}},"type":"if","locations":[{"start":{"line":204,"column":8},"end":{"line":205,"column":50}},{"start":{"line":205,"column":13},"end":{"line":205,"column":50}}],"line":204},"19":{"loc":{"start":{"line":219,"column":4},"end":{"line":225,"column":5}},"type":"if","locations":[{"start":{"line":219,"column":4},"end":{"line":225,"column":5}},{"start":{},"end":{}}],"line":219},"20":{"loc":{"start":{"line":228,"column":21},"end":{"line":228,"column":50}},"type":"binary-expr","locations":[{"start":{"line":228,"column":21},"end":{"line":228,"column":45}},{"start":{"line":228,"column":49},"end":{"line":228,"column":50}}],"line":228},"21":{"loc":{"start":{"line":229,"column":8},"end":{"line":235,"column":9}},"type":"if","locations":[{"start":{"line":229,"column":8},"end":{"line":235,"column":9}},{"start":{},"end":{}}],"line":229},"22":{"loc":{"start":{"line":236,"column":22},"end":{"line":236,"column":53}},"type":"binary-expr","locations":[{"start":{"line":236,"column":22},"end":{"line":236,"column":47}},{"start":{"line":236,"column":51},"end":{"line":236,"column":53}}],"line":236},"23":{"loc":{"start":{"line":237,"column":8},"end":{"line":243,"column":9}},"type":"if","locations":[{"start":{"line":237,"column":8},"end":{"line":243,"column":9}},{"start":{},"end":{}}],"line":237},"24":{"loc":{"start":{"line":246,"column":8},"end":{"line":247,"column":50}},"type":"if","locations":[{"start":{"line":246,"column":8},"end":{"line":247,"column":50}},{"start":{"line":247,"column":13},"end":{"line":247,"column":50}}],"line":246},"25":{"loc":{"start":{"line":261,"column":4},"end":{"line":267,"column":5}},"type":"if","locations":[{"start":{"line":261,"column":4},"end":{"line":267,"column":5}},{"start":{},"end":{}}],"line":261},"26":{"loc":{"start":{"line":261,"column":8},"end":{"line":261,"column":26}},"type":"binary-expr","locations":[{"start":{"line":261,"column":8},"end":{"line":261,"column":15}},{"start":{"line":261,"column":19},"end":{"line":261,"column":26}}],"line":261},"27":{"loc":{"start":{"line":272,"column":8},"end":{"line":273,"column":50}},"type":"if","locations":[{"start":{"line":272,"column":8},"end":{"line":273,"column":50}},{"start":{"line":273,"column":13},"end":{"line":273,"column":50}}],"line":272},"28":{"loc":{"start":{"line":286,"column":4},"end":{"line":292,"column":5}},"type":"if","locations":[{"start":{"line":286,"column":4},"end":{"line":292,"column":5}},{"start":{},"end":{}}],"line":286},"29":{"loc":{"start":{"line":296,"column":8},"end":{"line":297,"column":50}},"type":"if","locations":[{"start":{"line":296,"column":8},"end":{"line":297,"column":50}},{"start":{"line":297,"column":13},"end":{"line":297,"column":50}}],"line":296},"30":{"loc":{"start":{"line":311,"column":4},"end":{"line":317,"column":5}},"type":"if","locations":[{"start":{"line":311,"column":4},"end":{"line":317,"column":5}},{"start":{},"end":{}}],"line":311},"31":{"loc":{"start":{"line":311,"column":8},"end":{"line":311,"column":26}},"type":"binary-expr","locations":[{"start":{"line":311,"column":8},"end":{"line":311,"column":15}},{"start":{"line":311,"column":19},"end":{"line":311,"column":26}}],"line":311},"32":{"loc":{"start":{"line":322,"column":8},"end":{"line":323,"column":50}},"type":"if","locations":[{"start":{"line":322,"column":8},"end":{"line":323,"column":50}},{"start":{"line":323,"column":13},"end":{"line":323,"column":50}}],"line":322},"33":{"loc":{"start":{"line":336,"column":4},"end":{"line":342,"column":5}},"type":"if","locations":[{"start":{"line":336,"column":4},"end":{"line":342,"column":5}},{"start":{},"end":{}}],"line":336},"34":{"loc":{"start":{"line":347,"column":8},"end":{"line":348,"column":50}},"type":"if","locations":[{"start":{"line":347,"column":8},"end":{"line":348,"column":50}},{"start":{"line":348,"column":13},"end":{"line":348,"column":50}}],"line":347},"35":{"loc":{"start":{"line":362,"column":4},"end":{"line":368,"column":5}},"type":"if","locations":[{"start":{"line":362,"column":4},"end":{"line":368,"column":5}},{"start":{},"end":{}}],"line":362},"36":{"loc":{"start":{"line":373,"column":8},"end":{"line":374,"column":50}},"type":"if","locations":[{"start":{"line":373,"column":8},"end":{"line":374,"column":50}},{"start":{"line":374,"column":13},"end":{"line":374,"column":50}}],"line":373},"37":{"loc":{"start":{"line":390,"column":4},"end":{"line":396,"column":5}},"type":"if","locations":[{"start":{"line":390,"column":4},"end":{"line":396,"column":5}},{"start":{},"end":{}}],"line":390},"38":{"loc":{"start":{"line":401,"column":8},"end":{"line":402,"column":50}},"type":"if","locations":[{"start":{"line":401,"column":8},"end":{"line":402,"column":50}},{"start":{"line":402,"column":13},"end":{"line":402,"column":50}}],"line":401},"39":{"loc":{"start":{"line":415,"column":4},"end":{"line":421,"column":5}},"type":"if","locations":[{"start":{"line":415,"column":4},"end":{"line":421,"column":5}},{"start":{},"end":{}}],"line":415},"40":{"loc":{"start":{"line":425,"column":8},"end":{"line":427,"column":52}},"type":"if","locations":[{"start":{"line":425,"column":8},"end":{"line":427,"column":52}},{"start":{"line":427,"column":15},"end":{"line":427,"column":52}}],"line":425},"41":{"loc":{"start":{"line":439,"column":4},"end":{"line":445,"column":5}},"type":"if","locations":[{"start":{"line":439,"column":4},"end":{"line":445,"column":5}},{"start":{},"end":{}}],"line":439},"42":{"loc":{"start":{"line":449,"column":8},"end":{"line":450,"column":50}},"type":"if","locations":[{"start":{"line":449,"column":8},"end":{"line":450,"column":50}},{"start":{"line":450,"column":13},"end":{"line":450,"column":50}}],"line":449},"43":{"loc":{"start":{"line":463,"column":8},"end":{"line":464,"column":50}},"type":"if","locations":[{"start":{"line":463,"column":8},"end":{"line":464,"column":50}},{"start":{"line":464,"column":13},"end":{"line":464,"column":50}}],"line":463},"44":{"loc":{"start":{"line":477,"column":17},"end":{"line":477,"column":36}},"type":"binary-expr","locations":[{"start":{"line":477,"column":17},"end":{"line":477,"column":31}},{"start":{"line":477,"column":35},"end":{"line":477,"column":36}}],"line":477},"45":{"loc":{"start":{"line":478,"column":18},"end":{"line":478,"column":39}},"type":"binary-expr","locations":[{"start":{"line":478,"column":18},"end":{"line":478,"column":33}},{"start":{"line":478,"column":37},"end":{"line":478,"column":39}}],"line":478},"46":{"loc":{"start":{"line":483,"column":8},"end":{"line":485,"column":52}},"type":"if","locations":[{"start":{"line":483,"column":8},"end":{"line":485,"column":52}},{"start":{"line":485,"column":15},"end":{"line":485,"column":52}}],"line":483},"47":{"loc":{"start":{"line":497,"column":4},"end":{"line":498,"column":46}},"type":"if","locations":[{"start":{"line":497,"column":4},"end":{"line":498,"column":46}},{"start":{"line":498,"column":9},"end":{"line":498,"column":46}}],"line":497}},"s":{"0":1,"1":1,"2":0,"3":0,"4":0,"5":0,"6":0,"7":0,"8":0,"9":0,"10":0,"11":0,"12":0,"13":3,"14":3,"15":3,"16":1,"17":2,"18":0,"19":2,"20":0,"21":2,"22":0,"23":2,"24":0,"25":2,"26":2,"27":2,"28":2,"29":0,"30":0,"31":2,"32":2,"33":0,"34":2,"35":2,"36":2,"37":1,"38":1,"39":0,"40":1,"41":1,"42":1,"43":1,"44":0,"45":0,"46":0,"47":0,"48":0,"49":0,"50":0,"51":0,"52":0,"53":0,"54":0,"55":0,"56":0,"57":0,"58":0,"59":0,"60":0,"61":0,"62":1,"63":1,"64":0,"65":1,"66":1,"67":1,"68":1,"69":0,"70":0,"71":4,"72":4,"73":4,"74":2,"75":2,"76":2,"77":2,"78":1,"79":1,"80":0,"81":3,"82":3,"83":1,"84":2,"85":2,"86":2,"87":0,"88":2,"89":2,"90":0,"91":2,"92":2,"93":1,"94":1,"95":0,"96":3,"97":3,"98":3,"99":1,"100":2,"101":2,"102":2,"103":1,"104":1,"105":0,"106":2,"107":2,"108":0,"109":2,"110":2,"111":2,"112":1,"113":1,"114":0,"115":3,"116":3,"117":3,"118":1,"119":2,"120":2,"121":2,"122":1,"123":1,"124":0,"125":4,"126":4,"127":2,"128":2,"129":2,"130":1,"131":1,"132":0,"133":1,"134":0,"135":0,"136":0,"137":0,"138":0,"139":0,"140":0,"141":0,"142":0,"143":0,"144":0,"145":1,"146":1,"147":0,"148":1,"149":1,"150":1,"151":1,"152":0,"153":0,"154":0,"155":0,"156":0,"157":0,"158":0,"159":0,"160":0,"161":0,"162":0,"163":0,"164":0,"165":0,"166":0,"167":0,"168":0,"169":0,"170":0,"171":0,"172":1,"173":1,"174":1,"175":1,"176":0,"177":0,"178":1,"179":1,"180":1,"181":1,"182":1,"183":1,"184":0,"185":0,"186":0,"187":0,"188":0,"189":0,"190":1},"f":{"0":0,"1":3,"2":2,"3":1,"4":0,"5":0,"6":0,"7":0,"8":0,"9":0,"10":1,"11":4,"12":3,"13":3,"14":2,"15":3,"16":4,"17":0,"18":1,"19":0,"20":0,"21":1,"22":1,"23":0},"b":{"0":[0,0],"1":[0,0],"2":[0,0],"3":[1,2],"4":[3,3],"5":[0,2],"6":[0,2],"7":[0,2],"8":[0,2],"9":[2,0],"10":[0,2],"11":[1,1],"12":[1,0],"13":[0,0],"14":[0,1],"15":[1,0],"16":[2,2],"17":[4,4,3],"18":[1,1],"19":[1,2],"20":[2,2],"21":[0,2],"22":[2,2],"23":[0,2],"24":[1,1],"25":[1,2],"26":[3,2],"27":[1,1],"28":[0,2],"29":[1,1],"30":[1,2],"31":[3,2],"32":[1,1],"33":[2,2],"34":[1,0],"35":[0,0],"36":[0,0],"37":[0,1],"38":[1,0],"39":[0,0],"40":[0,0],"41":[0,0],"42":[0,0],"43":[1,0],"44":[1,0],"45":[1,0],"46":[1,0],"47":[0,0]},"_coverageSchema":"1a1c01bbd47fc00a2c39e90264f33305004495a9","hash":"c00a697493ad6e83dac7a480b4c8423c699c37f5"}
,"/Users/macos/Private/Code/Web/luviana-BE/controllers/revenue.controller.js": {"path":"/Users/macos/Private/Code/Web/luviana-BE/controllers/revenue.controller.js","statementMap":{"0":{"start":{"line":4,"column":4},"end":{"line":21,"column":5}},"1":{"start":{"line":6,"column":31},"end":{"line":6,"column":40}},"2":{"start":{"line":7,"column":23},"end":{"line":7,"column":95}},"3":{"start":{"line":9,"column":8},"end":{"line":13,"column":9}},"4":{"start":{"line":10,"column":12},"end":{"line":10,"column":47}},"5":{"start":{"line":12,"column":12},"end":{"line":12,"column":47}},"6":{"start":{"line":16,"column":8},"end":{"line":20,"column":10}},"7":{"start":{"line":25,"column":4},"end":{"line":42,"column":5}},"8":{"start":{"line":27,"column":25},"end":{"line":27,"column":34}},"9":{"start":{"line":28,"column":23},"end":{"line":28,"column":77}},"10":{"start":{"line":30,"column":8},"end":{"line":34,"column":9}},"11":{"start":{"line":31,"column":12},"end":{"line":31,"column":47}},"12":{"start":{"line":33,"column":12},"end":{"line":33,"column":47}},"13":{"start":{"line":37,"column":8},"end":{"line":41,"column":10}},"14":{"start":{"line":46,"column":4},"end":{"line":62,"column":5}},"15":{"start":{"line":48,"column":23},"end":{"line":48,"column":66}},"16":{"start":{"line":50,"column":8},"end":{"line":54,"column":9}},"17":{"start":{"line":51,"column":12},"end":{"line":51,"column":47}},"18":{"start":{"line":53,"column":12},"end":{"line":53,"column":47}},"19":{"start":{"line":57,"column":8},"end":{"line":61,"column":10}},"20":{"start":{"line":65,"column":33},"end":{"line":69,"column":1}}},"fnMap":{"0":{"name":"getMonthlyRevenue","decl":{"start":{"line":3,"column":15},"end":{"line":3,"column":32}},"loc":{"start":{"line":3,"column":43},"end":{"line":22,"column":1}},"line":3},"1":{"name":"getYearlyRevenue","decl":{"start":{"line":24,"column":15},"end":{"line":24,"column":31}},"loc":{"start":{"line":24,"column":42},"end":{"line":43,"column":1}},"line":24},"2":{"name":"getAllYearlyRevenue","decl":{"start":{"line":45,"column":15},"end":{"line":45,"column":34}},"loc":{"start":{"line":45,"column":45},"end":{"line":63,"column":1}},"line":45}},"branchMap":{"0":{"loc":{"start":{"line":9,"column":8},"end":{"line":13,"column":9}},"type":"if","locations":[{"start":{"line":9,"column":8},"end":{"line":13,"column":9}},{"start":{"line":11,"column":15},"end":{"line":13,"column":9}}],"line":9},"1":{"loc":{"start":{"line":30,"column":8},"end":{"line":34,"column":9}},"type":"if","locations":[{"start":{"line":30,"column":8},"end":{"line":34,"column":9}},{"start":{"line":32,"column":15},"end":{"line":34,"column":9}}],"line":30},"2":{"loc":{"start":{"line":50,"column":8},"end":{"line":54,"column":9}},"type":"if","locations":[{"start":{"line":50,"column":8},"end":{"line":54,"column":9}},{"start":{"line":52,"column":15},"end":{"line":54,"column":9}}],"line":50}},"s":{"0":2,"1":2,"2":2,"3":2,"4":1,"5":1,"6":0,"7":2,"8":2,"9":2,"10":2,"11":1,"12":1,"13":0,"14":1,"15":1,"16":1,"17":1,"18":0,"19":0,"20":1},"f":{"0":2,"1":2,"2":1},"b":{"0":[1,1],"1":[1,1],"2":[1,0]},"_coverageSchema":"1a1c01bbd47fc00a2c39e90264f33305004495a9","hash":"1a7eb51481cfd70c53e6b423e97c1227bfc83ba6"}
,"/Users/macos/Private/Code/Web/luviana-BE/controllers/room.controller.js": {"path":"/Users/macos/Private/Code/Web/luviana-BE/controllers/room.controller.js","statementMap":{"0":{"start":{"line":4,"column":4},"end":{"line":27,"column":5}},"1":{"start":{"line":5,"column":30},"end":{"line":5,"column":39}},"2":{"start":{"line":6,"column":8},"end":{"line":20,"column":9}},"3":{"start":{"line":7,"column":29},"end":{"line":7,"column":75}},"4":{"start":{"line":8,"column":12},"end":{"line":12,"column":13}},"5":{"start":{"line":9,"column":16},"end":{"line":9,"column":53}},"6":{"start":{"line":11,"column":16},"end":{"line":11,"column":53}},"7":{"start":{"line":14,"column":29},"end":{"line":14,"column":68}},"8":{"start":{"line":15,"column":12},"end":{"line":19,"column":13}},"9":{"start":{"line":16,"column":16},"end":{"line":16,"column":53}},"10":{"start":{"line":18,"column":16},"end":{"line":18,"column":53}},"11":{"start":{"line":22,"column":8},"end":{"line":26,"column":10}},"12":{"start":{"line":32,"column":4},"end":{"line":49,"column":5}},"13":{"start":{"line":33,"column":60},"end":{"line":33,"column":68}},"14":{"start":{"line":35,"column":20},"end":{"line":35,"column":90}},"15":{"start":{"line":37,"column":8},"end":{"line":42,"column":9}},"16":{"start":{"line":38,"column":12},"end":{"line":39,"column":51}},"17":{"start":{"line":38,"column":28},"end":{"line":38,"column":62}},"18":{"start":{"line":39,"column":17},"end":{"line":39,"column":51}},"19":{"start":{"line":41,"column":12},"end":{"line":41,"column":46}},"20":{"start":{"line":44,"column":8},"end":{"line":48,"column":10}},"21":{"start":{"line":53,"column":4},"end":{"line":74,"column":5}},"22":{"start":{"line":54,"column":60},"end":{"line":54,"column":68}},"23":{"start":{"line":56,"column":31},"end":{"line":56,"column":32}},"24":{"start":{"line":58,"column":8},"end":{"line":58,"column":81}},"25":{"start":{"line":58,"column":26},"end":{"line":58,"column":46}},"26":{"start":{"line":58,"column":55},"end":{"line":58,"column":80}},"27":{"start":{"line":60,"column":20},"end":{"line":60,"column":102}},"28":{"start":{"line":62,"column":8},"end":{"line":67,"column":9}},"29":{"start":{"line":63,"column":12},"end":{"line":64,"column":51}},"30":{"start":{"line":63,"column":28},"end":{"line":63,"column":50}},"31":{"start":{"line":64,"column":17},"end":{"line":64,"column":51}},"32":{"start":{"line":66,"column":12},"end":{"line":66,"column":46}},"33":{"start":{"line":69,"column":8},"end":{"line":73,"column":10}},"34":{"start":{"line":78,"column":4},"end":{"line":99,"column":5}},"35":{"start":{"line":79,"column":67},"end":{"line":79,"column":75}},"36":{"start":{"line":81,"column":31},"end":{"line":81,"column":32}},"37":{"start":{"line":83,"column":8},"end":{"line":83,"column":81}},"38":{"start":{"line":83,"column":26},"end":{"line":83,"column":46}},"39":{"start":{"line":83,"column":55},"end":{"line":83,"column":80}},"40":{"start":{"line":85,"column":20},"end":{"line":85,"column":126}},"41":{"start":{"line":87,"column":8},"end":{"line":92,"column":9}},"42":{"start":{"line":88,"column":12},"end":{"line":89,"column":51}},"43":{"start":{"line":88,"column":28},"end":{"line":88,"column":50}},"44":{"start":{"line":89,"column":17},"end":{"line":89,"column":51}},"45":{"start":{"line":91,"column":12},"end":{"line":91,"column":46}},"46":{"start":{"line":94,"column":8},"end":{"line":98,"column":10}},"47":{"start":{"line":103,"column":4},"end":{"line":120,"column":5}},"48":{"start":{"line":104,"column":32},"end":{"line":104,"column":42}},"49":{"start":{"line":106,"column":20},"end":{"line":106,"column":71}},"50":{"start":{"line":108,"column":8},"end":{"line":113,"column":9}},"51":{"start":{"line":109,"column":12},"end":{"line":110,"column":51}},"52":{"start":{"line":109,"column":28},"end":{"line":109,"column":50}},"53":{"start":{"line":110,"column":17},"end":{"line":110,"column":51}},"54":{"start":{"line":112,"column":12},"end":{"line":112,"column":46}},"55":{"start":{"line":115,"column":8},"end":{"line":119,"column":10}},"56":{"start":{"line":124,"column":4},"end":{"line":143,"column":5}},"57":{"start":{"line":125,"column":115},"end":{"line":125,"column":123}},"58":{"start":{"line":127,"column":22},"end":{"line":127,"column":120}},"59":{"start":{"line":129,"column":25},"end":{"line":129,"column":63}},"60":{"start":{"line":131,"column":8},"end":{"line":136,"column":9}},"61":{"start":{"line":132,"column":12},"end":{"line":133,"column":56}},"62":{"start":{"line":132,"column":33},"end":{"line":132,"column":72}},"63":{"start":{"line":133,"column":17},"end":{"line":133,"column":56}},"64":{"start":{"line":135,"column":12},"end":{"line":135,"column":51}},"65":{"start":{"line":138,"column":8},"end":{"line":142,"column":10}},"66":{"start":{"line":147,"column":4},"end":{"line":167,"column":5}},"67":{"start":{"line":148,"column":23},"end":{"line":148,"column":38}},"68":{"start":{"line":149,"column":115},"end":{"line":149,"column":123}},"69":{"start":{"line":151,"column":25},"end":{"line":151,"column":123}},"70":{"start":{"line":153,"column":25},"end":{"line":153,"column":74}},"71":{"start":{"line":155,"column":8},"end":{"line":160,"column":9}},"72":{"start":{"line":156,"column":12},"end":{"line":157,"column":56}},"73":{"start":{"line":156,"column":33},"end":{"line":156,"column":72}},"74":{"start":{"line":157,"column":17},"end":{"line":157,"column":56}},"75":{"start":{"line":159,"column":12},"end":{"line":159,"column":51}},"76":{"start":{"line":162,"column":8},"end":{"line":166,"column":10}},"77":{"start":{"line":171,"column":4},"end":{"line":188,"column":5}},"78":{"start":{"line":172,"column":23},"end":{"line":172,"column":38}},"79":{"start":{"line":174,"column":25},"end":{"line":174,"column":62}},"80":{"start":{"line":176,"column":8},"end":{"line":181,"column":9}},"81":{"start":{"line":177,"column":12},"end":{"line":178,"column":56}},"82":{"start":{"line":177,"column":33},"end":{"line":177,"column":60}},"83":{"start":{"line":178,"column":17},"end":{"line":178,"column":56}},"84":{"start":{"line":180,"column":12},"end":{"line":180,"column":51}},"85":{"start":{"line":183,"column":8},"end":{"line":187,"column":10}},"86":{"start":{"line":192,"column":23},"end":{"line":192,"column":33}},"87":{"start":{"line":194,"column":4},"end":{"line":208,"column":5}},"88":{"start":{"line":195,"column":25},"end":{"line":195,"column":63}},"89":{"start":{"line":196,"column":8},"end":{"line":200,"column":9}},"90":{"start":{"line":197,"column":12},"end":{"line":197,"column":49}},"91":{"start":{"line":199,"column":12},"end":{"line":199,"column":49}},"92":{"start":{"line":202,"column":8},"end":{"line":202,"column":22}},"93":{"start":{"line":203,"column":8},"end":{"line":207,"column":10}},"94":{"start":{"line":213,"column":4},"end":{"line":227,"column":5}},"95":{"start":{"line":214,"column":25},"end":{"line":214,"column":60}},"96":{"start":{"line":215,"column":8},"end":{"line":219,"column":9}},"97":{"start":{"line":216,"column":12},"end":{"line":216,"column":49}},"98":{"start":{"line":218,"column":12},"end":{"line":218,"column":49}},"99":{"start":{"line":221,"column":8},"end":{"line":221,"column":22}},"100":{"start":{"line":222,"column":8},"end":{"line":226,"column":10}},"101":{"start":{"line":231,"column":30},"end":{"line":242,"column":1}}},"fnMap":{"0":{"name":"getRoom","decl":{"start":{"line":3,"column":15},"end":{"line":3,"column":22}},"loc":{"start":{"line":3,"column":33},"end":{"line":29,"column":1}},"line":3},"1":{"name":"searchRoom","decl":{"start":{"line":31,"column":15},"end":{"line":31,"column":25}},"loc":{"start":{"line":31,"column":37},"end":{"line":50,"column":1}},"line":31},"2":{"name":"searchRoomV2","decl":{"start":{"line":52,"column":15},"end":{"line":52,"column":27}},"loc":{"start":{"line":52,"column":39},"end":{"line":75,"column":1}},"line":52},"3":{"name":"searchRoomAvailableOfAparment","decl":{"start":{"line":77,"column":15},"end":{"line":77,"column":44}},"loc":{"start":{"line":77,"column":56},"end":{"line":100,"column":1}},"line":77},"4":{"name":"searchRoomByApartmentId","decl":{"start":{"line":102,"column":15},"end":{"line":102,"column":38}},"loc":{"start":{"line":102,"column":50},"end":{"line":121,"column":1}},"line":102},"5":{"name":"postRoom","decl":{"start":{"line":123,"column":15},"end":{"line":123,"column":23}},"loc":{"start":{"line":123,"column":35},"end":{"line":144,"column":1}},"line":123},"6":{"name":"updateRoom","decl":{"start":{"line":146,"column":15},"end":{"line":146,"column":25}},"loc":{"start":{"line":146,"column":37},"end":{"line":168,"column":1}},"line":146},"7":{"name":"deleteRoom","decl":{"start":{"line":170,"column":15},"end":{"line":170,"column":25}},"loc":{"start":{"line":170,"column":37},"end":{"line":189,"column":1}},"line":170},"8":{"name":"getRoomById","decl":{"start":{"line":191,"column":15},"end":{"line":191,"column":26}},"loc":{"start":{"line":191,"column":37},"end":{"line":209,"column":1}},"line":191},"9":{"name":"changeCapacity","decl":{"start":{"line":211,"column":15},"end":{"line":211,"column":29}},"loc":{"start":{"line":211,"column":40},"end":{"line":228,"column":1}},"line":211}},"branchMap":{"0":{"loc":{"start":{"line":6,"column":8},"end":{"line":20,"column":9}},"type":"if","locations":[{"start":{"line":6,"column":8},"end":{"line":20,"column":9}},{"start":{"line":13,"column":15},"end":{"line":20,"column":9}}],"line":6},"1":{"loc":{"start":{"line":8,"column":12},"end":{"line":12,"column":13}},"type":"if","locations":[{"start":{"line":8,"column":12},"end":{"line":12,"column":13}},{"start":{"line":10,"column":19},"end":{"line":12,"column":13}}],"line":8},"2":{"loc":{"start":{"line":15,"column":12},"end":{"line":19,"column":13}},"type":"if","locations":[{"start":{"line":15,"column":12},"end":{"line":19,"column":13}},{"start":{"line":17,"column":19},"end":{"line":19,"column":13}}],"line":15},"3":{"loc":{"start":{"line":37,"column":8},"end":{"line":42,"column":9}},"type":"if","locations":[{"start":{"line":37,"column":8},"end":{"line":42,"column":9}},{"start":{"line":40,"column":15},"end":{"line":42,"column":9}}],"line":37},"4":{"loc":{"start":{"line":38,"column":12},"end":{"line":39,"column":51}},"type":"if","locations":[{"start":{"line":38,"column":12},"end":{"line":39,"column":51}},{"start":{"line":39,"column":17},"end":{"line":39,"column":51}}],"line":38},"5":{"loc":{"start":{"line":58,"column":8},"end":{"line":58,"column":81}},"type":"if","locations":[{"start":{"line":58,"column":8},"end":{"line":58,"column":81}},{"start":{"line":58,"column":54},"end":{"line":58,"column":81}}],"line":58},"6":{"loc":{"start":{"line":62,"column":8},"end":{"line":67,"column":9}},"type":"if","locations":[{"start":{"line":62,"column":8},"end":{"line":67,"column":9}},{"start":{"line":65,"column":15},"end":{"line":67,"column":9}}],"line":62},"7":{"loc":{"start":{"line":63,"column":12},"end":{"line":64,"column":51}},"type":"if","locations":[{"start":{"line":63,"column":12},"end":{"line":64,"column":51}},{"start":{"line":64,"column":17},"end":{"line":64,"column":51}}],"line":63},"8":{"loc":{"start":{"line":83,"column":8},"end":{"line":83,"column":81}},"type":"if","locations":[{"start":{"line":83,"column":8},"end":{"line":83,"column":81}},{"start":{"line":83,"column":54},"end":{"line":83,"column":81}}],"line":83},"9":{"loc":{"start":{"line":87,"column":8},"end":{"line":92,"column":9}},"type":"if","locations":[{"start":{"line":87,"column":8},"end":{"line":92,"column":9}},{"start":{"line":90,"column":15},"end":{"line":92,"column":9}}],"line":87},"10":{"loc":{"start":{"line":88,"column":12},"end":{"line":89,"column":51}},"type":"if","locations":[{"start":{"line":88,"column":12},"end":{"line":89,"column":51}},{"start":{"line":89,"column":17},"end":{"line":89,"column":51}}],"line":88},"11":{"loc":{"start":{"line":108,"column":8},"end":{"line":113,"column":9}},"type":"if","locations":[{"start":{"line":108,"column":8},"end":{"line":113,"column":9}},{"start":{"line":111,"column":15},"end":{"line":113,"column":9}}],"line":108},"12":{"loc":{"start":{"line":109,"column":12},"end":{"line":110,"column":51}},"type":"if","locations":[{"start":{"line":109,"column":12},"end":{"line":110,"column":51}},{"start":{"line":110,"column":17},"end":{"line":110,"column":51}}],"line":109},"13":{"loc":{"start":{"line":131,"column":8},"end":{"line":136,"column":9}},"type":"if","locations":[{"start":{"line":131,"column":8},"end":{"line":136,"column":9}},{"start":{"line":134,"column":15},"end":{"line":136,"column":9}}],"line":131},"14":{"loc":{"start":{"line":132,"column":12},"end":{"line":133,"column":56}},"type":"if","locations":[{"start":{"line":132,"column":12},"end":{"line":133,"column":56}},{"start":{"line":133,"column":17},"end":{"line":133,"column":56}}],"line":132},"15":{"loc":{"start":{"line":155,"column":8},"end":{"line":160,"column":9}},"type":"if","locations":[{"start":{"line":155,"column":8},"end":{"line":160,"column":9}},{"start":{"line":158,"column":15},"end":{"line":160,"column":9}}],"line":155},"16":{"loc":{"start":{"line":156,"column":12},"end":{"line":157,"column":56}},"type":"if","locations":[{"start":{"line":156,"column":12},"end":{"line":157,"column":56}},{"start":{"line":157,"column":17},"end":{"line":157,"column":56}}],"line":156},"17":{"loc":{"start":{"line":176,"column":8},"end":{"line":181,"column":9}},"type":"if","locations":[{"start":{"line":176,"column":8},"end":{"line":181,"column":9}},{"start":{"line":179,"column":15},"end":{"line":181,"column":9}}],"line":176},"18":{"loc":{"start":{"line":177,"column":12},"end":{"line":178,"column":56}},"type":"if","locations":[{"start":{"line":177,"column":12},"end":{"line":178,"column":56}},{"start":{"line":178,"column":17},"end":{"line":178,"column":56}}],"line":177},"19":{"loc":{"start":{"line":196,"column":8},"end":{"line":200,"column":9}},"type":"if","locations":[{"start":{"line":196,"column":8},"end":{"line":200,"column":9}},{"start":{"line":198,"column":15},"end":{"line":200,"column":9}}],"line":196},"20":{"loc":{"start":{"line":215,"column":8},"end":{"line":219,"column":9}},"type":"if","locations":[{"start":{"line":215,"column":8},"end":{"line":219,"column":9}},{"start":{"line":217,"column":15},"end":{"line":219,"column":9}}],"line":215}},"s":{"0":1,"1":1,"2":1,"3":1,"4":1,"5":1,"6":0,"7":0,"8":0,"9":0,"10":0,"11":0,"12":0,"13":0,"14":0,"15":0,"16":0,"17":0,"18":0,"19":0,"20":0,"21":1,"22":1,"23":1,"24":1,"25":0,"26":1,"27":1,"28":1,"29":1,"30":1,"31":0,"32":0,"33":0,"34":3,"35":3,"36":3,"37":3,"38":0,"39":3,"40":3,"41":3,"42":2,"43":1,"44":1,"45":1,"46":0,"47":2,"48":2,"49":2,"50":2,"51":2,"52":1,"53":1,"54":0,"55":0,"56":3,"57":3,"58":3,"59":3,"60":3,"61":1,"62":1,"63":0,"64":2,"65":0,"66":6,"67":6,"68":6,"69":6,"70":6,"71":6,"72":2,"73":2,"74":0,"75":4,"76":0,"77":0,"78":0,"79":0,"80":0,"81":0,"82":0,"83":0,"84":0,"85":0,"86":0,"87":0,"88":0,"89":0,"90":0,"91":0,"92":0,"93":0,"94":0,"95":0,"96":0,"97":0,"98":0,"99":0,"100":0,"101":1},"f":{"0":1,"1":0,"2":1,"3":3,"4":2,"5":3,"6":6,"7":0,"8":0,"9":0},"b":{"0":[1,0],"1":[1,0],"2":[0,0],"3":[0,0],"4":[0,0],"5":[0,1],"6":[1,0],"7":[1,0],"8":[0,3],"9":[2,1],"10":[1,1],"11":[2,0],"12":[1,1],"13":[1,2],"14":[1,0],"15":[2,4],"16":[2,0],"17":[0,0],"18":[0,0],"19":[0,0],"20":[0,0]},"_coverageSchema":"1a1c01bbd47fc00a2c39e90264f33305004495a9","hash":"f760363656234f7e13305bc8818b452a24032f0f"}
,"/Users/macos/Private/Code/Web/luviana-BE/controllers/sendEmail.js": {"path":"/Users/macos/Private/Code/Web/luviana-BE/controllers/sendEmail.js","statementMap":{"0":{"start":{"line":4,"column":25},"end":{"line":42,"column":1}},"1":{"start":{"line":5,"column":24},"end":{"line":11,"column":6}},"2":{"start":{"line":13,"column":4},"end":{"line":16,"column":7}},"3":{"start":{"line":18,"column":24},"end":{"line":27,"column":5}},"4":{"start":{"line":29,"column":4},"end":{"line":41,"column":5}},"5":{"start":{"line":30,"column":8},"end":{"line":30,"column":42}},"6":{"start":{"line":32,"column":8},"end":{"line":35,"column":9}},"7":{"start":{"line":37,"column":8},"end":{"line":40,"column":9}}},"fnMap":{"0":{"name":"(anonymous_0)","decl":{"start":{"line":4,"column":25},"end":{"line":4,"column":26}},"loc":{"start":{"line":4,"column":61},"end":{"line":42,"column":1}},"line":4}},"branchMap":{},"s":{"0":5,"1":0,"2":0,"3":0,"4":0,"5":0,"6":0,"7":0},"f":{"0":0},"b":{},"_coverageSchema":"1a1c01bbd47fc00a2c39e90264f33305004495a9","hash":"cbca3adf42bc6f27c2f1c449c3f545d8a83cadeb"}
[...]
":{"line":99,"column":4},"end":{"line":105,"column":5}},"15":{"start":{"line":100,"column":6},"end":{"line":104,"column":8}},"16":{"start":{"line":107,"column":4},"end":{"line":111,"column":6}},"17":{"start":{"line":113,"column":4},"end":{"line":117,"column":6}},"18":{"start":{"line":122,"column":12},"end":{"line":122,"column":47}},"19":{"start":{"line":123,"column":12},"end":{"line":123,"column":48}},"20":{"start":{"line":125,"column":2},"end":{"line":125,"column":27}},"21":{"start":{"line":126,"column":2},"end":{"line":276,"column":3}},"22":{"start":{"line":127,"column":19},"end":{"line":255,"column":6}},"23":{"start":{"line":257,"column":4},"end":{"line":263,"column":5}},"24":{"start":{"line":258,"column":6},"end":{"line":262,"column":8}},"25":{"start":{"line":265,"column":4},"end":{"line":269,"column":6}},"26":{"start":{"line":271,"column":4},"end":{"line":275,"column":6}},"27":{"start":{"line":280,"column":2},"end":{"line":446,"column":3}},"28":{"start":{"line":281,"column":4},"end":{"line":281,"column":54}},"29":{"start":{"line":282,"column":19},"end":{"line":425,"column":6}},"30":{"start":{"line":427,"column":4},"end":{"line":433,"column":5}},"31":{"start":{"line":428,"column":6},"end":{"line":432,"column":8}},"32":{"start":{"line":435,"column":4},"end":{"line":439,"column":6}},"33":{"start":{"line":441,"column":4},"end":{"line":445,"column":6}},"34":{"start":{"line":455,"column":2},"end":{"line":617,"column":3}},"35":{"start":{"line":456,"column":19},"end":{"line":596,"column":6}},"36":{"start":{"line":598,"column":4},"end":{"line":604,"column":5}},"37":{"start":{"line":599,"column":6},"end":{"line":603,"column":8}},"38":{"start":{"line":606,"column":4},"end":{"line":610,"column":6}},"39":{"start":{"line":612,"column":4},"end":{"line":616,"column":6}},"40":{"start":{"line":621,"column":2},"end":{"line":643,"column":3}},"41":{"start":{"line":622,"column":19},"end":{"line":622,"column":42}},"42":{"start":{"line":624,"column":4},"end":{"line":630,"column":5}},"43":{"start":{"line":625,"column":6},"end":{"line":629,"column":8}},"44":{"start":{"line":632,"column":4},"end":{"line":636,"column":6}},"45":{"start":{"line":638,"column":4},"end":{"line":642,"column":6}},"46":{"start":{"line":647,"column":2},"end":{"line":669,"column":3}},"47":{"start":{"line":648,"column":19},"end":{"line":648,"column":61}},"48":{"start":{"line":650,"column":4},"end":{"line":656,"column":5}},"49":{"start":{"line":651,"column":6},"end":{"line":655,"column":8}},"50":{"start":{"line":658,"column":4},"end":{"line":662,"column":6}},"51":{"start":{"line":664,"column":4},"end":{"line":668,"column":6}},"52":{"start":{"line":673,"column":2},"end":{"line":695,"column":3}},"53":{"start":{"line":674,"column":19},"end":{"line":674,"column":55}},"54":{"start":{"line":676,"column":4},"end":{"line":682,"column":5}},"55":{"start":{"line":677,"column":6},"end":{"line":681,"column":8}},"56":{"start":{"line":684,"column":4},"end":{"line":688,"column":6}},"57":{"start":{"line":690,"column":4},"end":{"line":694,"column":6}},"58":{"start":{"line":700,"column":2},"end":{"line":722,"column":3}},"59":{"start":{"line":701,"column":18},"end":{"line":701,"column":50}},"60":{"start":{"line":703,"column":4},"end":{"line":709,"column":5}},"61":{"start":{"line":704,"column":6},"end":{"line":708,"column":8}},"62":{"start":{"line":711,"column":4},"end":{"line":715,"column":6}},"63":{"start":{"line":717,"column":4},"end":{"line":721,"column":6}},"64":{"start":{"line":727,"column":2},"end":{"line":749,"column":3}},"65":{"start":{"line":728,"column":17},"end":{"line":728,"column":44}},"66":{"start":{"line":730,"column":4},"end":{"line":736,"column":5}},"67":{"start":{"line":731,"column":6},"end":{"line":735,"column":8}},"68":{"start":{"line":738,"column":4},"end":{"line":742,"column":6}},"69":{"start":{"line":744,"column":4},"end":{"line":748,"column":6}},"70":{"start":{"line":753,"column":2},"end":{"line":766,"column":3}},"71":{"start":{"line":754,"column":21},"end":{"line":754,"column":59}},"72":{"start":{"line":755,"column":4},"end":{"line":759,"column":6}},"73":{"start":{"line":761,"column":4},"end":{"line":765,"column":6}},"74":{"start":{"line":769,"column":28},"end":{"line":782,"column":1}}},"fnMap":{"0":{"name":"getRoomBySortPrice","decl":{"start":{"line":5,"column":15},"end":{"line":5,"column":33}},"loc":{"start":{"line":5,"column":36},"end":{"line":28,"column":1}},"line":5},"1":{"name":"getRoomBySortPriceReverse","decl":{"start":{"line":30,"column":15},"end":{"line":30,"column":40}},"loc":{"start":{"line":30,"column":43},"end":{"line":53,"column":1}},"line":30},"2":{"name":"searchRoom","decl":{"start":{"line":55,"column":15},"end":{"line":55,"column":25}},"loc":{"start":{"line":55,"column":67},"end":{"line":119,"column":1}},"line":55},"3":{"name":"searchRoomV2","decl":{"start":{"line":121,"column":15},"end":{"line":121,"column":27}},"loc":{"start":{"line":121,"column":69},"end":{"line":277,"column":1}},"line":121},"4":{"name":"searchRoomV3","decl":{"start":{"line":279,"column":15},"end":{"line":279,"column":27}},"loc":{"start":{"line":279,"column":69},"end":{"line":447,"column":1}},"line":279},"5":{"name":"searchRoomAvailableOfAparment","decl":{"start":{"line":449,"column":15},"end":{"line":449,"column":44}},"loc":{"start":{"line":454,"column":2},"end":{"line":618,"column":1}},"line":454},"6":{"name":"addNewRoom","decl":{"start":{"line":620,"column":15},"end":{"line":620,"column":25}},"loc":{"start":{"line":620,"column":32},"end":{"line":644,"column":1}},"line":620},"7":{"name":"updateRoom","decl":{"start":{"line":646,"column":15},"end":{"line":646,"column":25}},"loc":{"start":{"line":646,"column":40},"end":{"line":670,"column":1}},"line":646},"8":{"name":"deleteRoom","decl":{"start":{"line":672,"column":15},"end":{"line":672,"column":25}},"loc":{"start":{"line":672,"column":34},"end":{"line":696,"column":1}},"line":672},"9":{"name":"getRomByApartmentId","decl":{"start":{"line":699,"column":15},"end":{"line":699,"column":34}},"loc":{"start":{"line":699,"column":48},"end":{"line":723,"column":1}},"line":699},"10":{"name":"getRoomById","decl":{"start":{"line":726,"column":15},"end":{"line":726,"column":26}},"loc":{"start":{"line":726,"column":35},"end":{"line":750,"column":1}},"line":726},"11":{"name":"changeCapacity","decl":{"start":{"line":752,"column":15},"end":{"line":752,"column":29}},"loc":{"start":{"line":752,"column":32},"end":{"line":767,"column":1}},"line":752}},"branchMap":{"0":{"loc":{"start":{"line":9,"column":4},"end":{"line":15,"column":5}},"type":"if","locations":[{"start":{"line":9,"column":4},"end":{"line":15,"column":5}},{"start":{},"end":{}}],"line":9},"1":{"loc":{"start":{"line":34,"column":4},"end":{"line":40,"column":5}},"type":"if","locations":[{"start":{"line":34,"column":4},"end":{"line":40,"column":5}},{"start":{},"end":{}}],"line":34},"2":{"loc":{"start":{"line":99,"column":4},"end":{"line":105,"column":5}},"type":"if","locations":[{"start":{"line":99,"column":4},"end":{"line":105,"column":5}},{"start":{},"end":{}}],"line":99},"3":{"loc":{"start":{"line":257,"column":4},"end":{"line":263,"column":5}},"type":"if","locations":[{"start":{"line":257,"column":4},"end":{"line":263,"column":5}},{"start":{},"end":{}}],"line":257},"4":{"loc":{"start":{"line":427,"column":4},"end":{"line":433,"column":5}},"type":"if","locations":[{"start":{"line":427,"column":4},"end":{"line":433,"column":5}},{"start":{},"end":{}}],"line":427},"5":{"loc":{"start":{"line":598,"column":4},"end":{"line":604,"column":5}},"type":"if","locations":[{"start":{"line":598,"column":4},"end":{"line":604,"column":5}},{"start":{},"end":{}}],"line":598},"6":{"loc":{"start":{"line":624,"column":4},"end":{"line":630,"column":5}},"type":"if","locations":[{"start":{"line":624,"column":4},"end":{"line":630,"column":5}},{"start":{},"end":{}}],"line":624},"7":{"loc":{"start":{"line":650,"column":4},"end":{"line":656,"column":5}},"type":"if","locations":[{"start":{"line":650,"column":4},"end":{"line":656,"column":5}},{"start":{},"end":{}}],"line":650},"8":{"loc":{"start":{"line":676,"column":4},"end":{"line":682,"column":5}},"type":"if","locations":[{"start":{"line":676,"column":4},"end":{"line":682,"column":5}},{"start":{},"end":{}}],"line":676},"9":{"loc":{"start":{"line":703,"column":4},"end":{"line":709,"column":5}},"type":"if","locations":[{"start":{"line":703,"column":4},"end":{"line":709,"column":5}},{"start":{},"end":{}}],"line":703},"10":{"loc":{"start":{"line":730,"column":4},"end":{"line":736,"column":5}},"type":"if","locations":[{"start":{"line":730,"column":4},"end":{"line":736,"column":5}},{"start":{},"end":{}}],"line":730}},"s":{"0":0,"1":0,"2":0,"3":0,"4":0,"5":0,"6":1,"7":1,"8":1,"9":0,"10":1,"11":0,"12":0,"13":0,"14":0,"15":0,"16":0,"17":0,"18":0,"19":0,"20":0,"21":0,"22":0,"23":0,"24":0,"25":0,"26":0,"27":1,"28":1,"29":1,"30":1,"31":0,"32":1,"33":0,"34":3,"35":3,"36":2,"37":1,"38":1,"39":1,"40":3,"41":3,"42":1,"43":0,"44":1,"45":2,"46":6,"47":6,"48":5,"49":3,"50":2,"51":1,"52":0,"53":0,"54":0,"55":0,"56":0,"57":0,"58":2,"59":2,"60":2,"61":1,"62":1,"63":0,"64":0,"65":0,"66":0,"67":0,"68":0,"69":0,"70":0,"71":0,"72":0,"73":0,"74":1},"f":{"0":0,"1":1,"2":0,"3":0,"4":1,"5":3,"6":3,"7":6,"8":0,"9":2,"10":0,"11":0},"b":{"0":[0,0],"1":[0,1],"2":[0,0],"3":[0,0],"4":[0,1],"5":[1,1],"6":[0,1],"7":[3,2],"8":[0,0],"9":[1,1],"10":[0,0]},"_coverageSchema":"1a1c01bbd47fc00a2c39e90264f33305004495a9","hash":"f4c05529f15e96a0df6446d158d034426db89914"}
,"/Users/macos/Private/Code/Web/luviana-BE/services/user.services.js": {"path":"/Users/macos/Private/Code/Web/luviana-BE/services/user.services.js","statementMap":{"0":{"start":{"line":4,"column":4},"end":{"line":25,"column":5}},"1":{"start":{"line":5,"column":21},"end":{"line":5,"column":48}},"2":{"start":{"line":6,"column":8},"end":{"line":12,"column":9}},"3":{"start":{"line":7,"column":12},"end":{"line":11,"column":13}},"4":{"start":{"line":14,"column":6},"end":{"line":18,"column":8}},"5":{"start":{"line":20,"column":6},"end":{"line":24,"column":8}},"6":{"start":{"line":29,"column":4},"end":{"line":61,"column":5}},"7":{"start":{"line":31,"column":32},"end":{"line":31,"column":60}},"8":{"start":{"line":32,"column":8},"end":{"line":38,"column":9}},"9":{"start":{"line":33,"column":12},"end":{"line":37,"column":13}},"10":{"start":{"line":40,"column":21},"end":{"line":40,"column":87}},"11":{"start":{"line":42,"column":8},"end":{"line":48,"column":9}},"12":{"start":{"line":43,"column":12},"end":{"line":47,"column":14}},"13":{"start":{"line":50,"column":8},"end":{"line":54,"column":10}},"14":{"start":{"line":56,"column":8},"end":{"line":60,"column":10}},"15":{"start":{"line":65,"column":4},"end":{"line":103,"column":5}},"16":{"start":{"line":66,"column":21},"end":{"line":66,"column":70}},"17":{"start":{"line":68,"column":8},"end":{"line":74,"column":9}},"18":{"start":{"line":69,"column":12},"end":{"line":73,"column":14}},"19":{"start":{"line":76,"column":30},"end":{"line":76,"column":65}},"20":{"start":{"line":78,"column":8},"end":{"line":84,"column":9}},"21":{"start":{"line":79,"column":12},"end":{"line":83,"column":14}},"22":{"start":{"line":86,"column":8},"end":{"line":86,"column":28}},"23":{"start":{"line":88,"column":28},"end":{"line":88,"column":55}},"24":{"start":{"line":89,"column":30},"end":{"line":89,"column":58}},"25":{"start":{"line":91,"column":8},"end":{"line":95,"column":9}},"26":{"start":{"line":98,"column":8},"end":{"line":102,"column":10}},"27":{"start":{"line":107,"column":4},"end":{"line":129,"column":5}},"28":{"start":{"line":108,"column":23},"end":{"line":108,"column":82}},"29":{"start":{"line":110,"column":8},"end":{"line":116,"column":9}},"30":{"start":{"line":111,"column":12},"end":{"line":115,"column":13}},"31":{"start":{"line":118,"column":8},"end":{"line":122,"column":9}},"32":{"start":{"line":124,"column":8},"end":{"line":128,"column":9}},"33":{"start":{"line":133,"column":17},"end":{"line":133,"column":46}},"34":{"start":{"line":134,"column":4},"end":{"line":135,"column":21}},"35":{"start":{"line":135,"column":8},"end":{"line":135,"column":21}},"36":{"start":{"line":136,"column":4},"end":{"line":136,"column":16}},"37":{"start":{"line":140,"column":4},"end":{"line":166,"column":5}},"38":{"start":{"line":141,"column":21},"end":{"line":141,"column":48}},"39":{"start":{"line":143,"column":8},"end":{"line":147,"column":9}},"40":{"start":{"line":143,"column":18},"end":{"line":147,"column":9}},"41":{"start":{"line":149,"column":28},"end":{"line":149,"column":55}},"42":{"start":{"line":151,"column":8},"end":{"line":158,"column":9}},"43":{"start":{"line":161,"column":8},"end":{"line":165,"column":9}},"44":{"start":{"line":170,"column":4},"end":{"line":196,"column":5}},"45":{"start":{"line":171,"column":21},"end":{"line":171,"column":48}},"46":{"start":{"line":173,"column":8},"end":{"line":179,"column":9}},"47":{"start":{"line":174,"column":12},"end":{"line":178,"column":13}},"48":{"start":{"line":181,"column":8},"end":{"line":181,"column":33}},"49":{"start":{"line":183,"column":8},"end":{"line":183,"column":25}},"50":{"start":{"line":185,"column":8},"end":{"line":189,"column":9}},"51":{"start":{"line":191,"column":8},"end":{"line":195,"column":9}},"52":{"start":{"line":200,"column":4},"end":{"line":220,"column":5}},"53":{"start":{"line":201,"column":21},"end":{"line":201,"column":68}},"54":{"start":{"line":202,"column":8},"end":{"line":208,"column":9}},"55":{"start":{"line":203,"column":12},"end":{"line":207,"column":13}},"56":{"start":{"line":209,"column":8},"end":{"line":213,"column":9}},"57":{"start":{"line":215,"column":8},"end":{"line":219,"column":9}},"58":{"start":{"line":225,"column":4},"end":{"line":238,"column":5}},"59":{"start":{"line":226,"column":22},"end":{"line":226,"column":39}},"60":{"start":{"line":227,"column":8},"end":{"line":231,"column":9}},"61":{"start":{"line":233,"column":8},"end":{"line":237,"column":9}},"62":{"start":{"line":242,"column":4},"end":{"line":264,"column":5}},"63":{"start":{"line":243,"column":24},"end":{"line":243,"column":83}},"64":{"start":{"line":245,"column":8},"end":{"line":251,"column":9}},"65":{"start":{"line":246,"column":12},"end":{"line":250,"column":13}},"66":{"start":{"line":253,"column":8},"end":{"line":257,"column":9}},"67":{"start":{"line":259,"column":8},"end":{"line":263,"column":9}},"68":{"start":{"line":268,"column":4},"end":{"line":288,"column":5}},"69":{"start":{"line":269,"column":23},"end":{"line":269,"column":59}},"70":{"start":{"line":270,"column":8},"end":{"line":276,"column":9}},"71":{"start":{"line":271,"column":12},"end":{"line":275,"column":13}},"72":{"start":{"line":277,"column":8},"end":{"line":281,"column":9}},"73":{"start":{"line":283,"column":8},"end":{"line":287,"column":9}},"74":{"start":{"line":291,"column":27},"end":{"line":303,"column":1}}},"fnMap":{"0":{"name":"getUser","decl":{"start":{"line":3,"column":15},"end":{"line":3,"column":22}},"loc":{"start":{"line":3,"column":31},"end":{"line":26,"column":1}},"line":3},"1":{"name":"registerUser","decl":{"start":{"line":28,"column":15},"end":{"line":28,"column":27}},"loc":{"start":{"line":28,"column":75},"end":{"line":62,"column":1}},"line":28},"2":{"name":"login","decl":{"start":{"line":64,"column":15},"end":{"line":64,"column":20}},"loc":{"start":{"line":64,"column":38},"end":{"line":104,"column":1}},"line":64},"3":{"name":"updateUser","decl":{"start":{"line":106,"column":15},"end":{"line":106,"column":25}},"loc":{"start":{"line":106,"column":44},"end":{"line":130,"column":1}},"line":106},"4":{"name":"isExist","decl":{"start":{"line":132,"column":15},"end":{"line":132,"column":22}},"loc":{"start":{"line":132,"column":30},"end":{"line":137,"column":1}},"line":132},"5":{"name":"forgotPassword","decl":{"start":{"line":139,"column":15},"end":{"line":139,"column":29}},"loc":{"start":{"line":139,"column":37},"end":{"line":167,"column":1}},"line":139},"6":{"name":"resetPassord","decl":{"start":{"line":169,"column":15},"end":{"line":169,"column":27}},"loc":{"start":{"line":169,"column":46},"end":{"line":197,"column":1}},"line":169},"7":{"name":"getUserById","decl":{"start":{"line":199,"column":15},"end":{"line":199,"column":26}},"loc":{"start":{"line":199,"column":35},"end":{"line":221,"column":1}},"line":199},"8":{"name":"getUserList","decl":{"start":{"line":224,"column":15},"end":{"line":224,"column":26}},"loc":{"start":{"line":224,"column":29},"end":{"line":239,"column":1}},"line":224},"9":{"name":"updateUserAdmin","decl":{"start":{"line":241,"column":15},"end":{"line":241,"column":30}},"loc":{"start":{"line":241,"column":49},"end":{"line":265,"column":1}},"line":241},"10":{"name":"deleteUser","decl":{"start":{"line":267,"column":15},"end":{"line":267,"column":25}},"loc":{"start":{"line":267,"column":34},"end":{"line":289,"column":1}},"line":267}},"branchMap":{"0":{"loc":{"start":{"line":6,"column":8},"end":{"line":12,"column":9}},"type":"if","locations":[{"start":{"line":6,"column":8},"end":{"line":12,"column":9}},{"start":{},"end":{}}],"line":6},"1":{"loc":{"start":{"line":32,"column":8},"end":{"line":38,"column":9}},"type":"if","locations":[{"start":{"line":32,"column":8},"end":{"line":38,"column":9}},{"start":{},"end":{}}],"line":32},"2":{"loc":{"start":{"line":42,"column":8},"end":{"line":48,"column":9}},"type":"if","locations":[{"start":{"line":42,"column":8},"end":{"line":48,"column":9}},{"start":{},"end":{}}],"line":42},"3":{"loc":{"start":{"line":68,"column":8},"end":{"line":74,"column":9}},"type":"if","locations":[{"start":{"line":68,"column":8},"end":{"line":74,"column":9}},{"start":{},"end":{}}],"line":68},"4":{"loc":{"start":{"line":78,"column":8},"end":{"line":84,"column":9}},"type":"if","locations":[{"start":{"line":78,"column":8},"end":{"line":84,"column":9}},{"start":{},"end":{}}],"line":78},"5":{"loc":{"start":{"line":110,"column":8},"end":{"line":116,"column":9}},"type":"if","locations":[{"start":{"line":110,"column":8},"end":{"line":116,"column":9}},{"start":{},"end":{}}],"line":110},"6":{"loc":{"start":{"line":134,"column":4},"end":{"line":135,"column":21}},"type":"if","locations":[{"start":{"line":134,"column":4},"end":{"line":135,"column":21}},{"start":{},"end":{}}],"line":134},"7":{"loc":{"start":{"line":143,"column":8},"end":{"line":147,"column":9}},"type":"if","locations":[{"start":{"line":143,"column":8},"end":{"line":147,"column":9}},{"start":{},"end":{}}],"line":143},"8":{"loc":{"start":{"line":173,"column":8},"end":{"line":179,"column":9}},"type":"if","locations":[{"start":{"line":173,"column":8},"end":{"line":179,"column":9}},{"start":{},"end":{}}],"line":173},"9":{"loc":{"start":{"line":202,"column":8},"end":{"line":208,"column":9}},"type":"if","locations":[{"start":{"line":202,"column":8},"end":{"line":208,"column":9}},{"start":{},"end":{}}],"line":202},"10":{"loc":{"start":{"line":245,"column":8},"end":{"line":251,"column":9}},"type":"if","locations":[{"start":{"line":245,"column":8},"end":{"line":251,"column":9}},{"start":{},"end":{}}],"line":245},"11":{"loc":{"start":{"line":270,"column":8},"end":{"line":276,"column":9}},"type":"if","locations":[{"start":{"line":270,"column":8},"end":{"line":276,"column":9}},{"start":{},"end":{}}],"line":270}},"s":{"0":1,"1":1,"2":1,"3":0,"4":1,"5":0,"6":0,"7":0,"8":0,"9":0,"10":0,"11":0,"12":0,"13":0,"14":0,"15":6,"16":6,"17":6,"18":1,"19":5,"20":5,"21":0,"22":5,"23":5,"24":5,"25":5,"26":0,"27":1,"28":1,"29":1,"30":0,"31":1,"32":0,"33":0,"34":0,"35":0,"36":0,"37":0,"38":0,"39":0,"40":0,"41":0,"42":0,"43":0,"44":0,"45":0,"46":0,"47":0,"48":0,"49":0,"50":0,"51":0,"52":0,"53":0,"54":0,"55":0,"56":0,"57":0,"58":1,"59":1,"60":1,"61":0,"62":1,"63":1,"64":1,"65":0,"66":1,"67":0,"68":0,"69":0,"70":0,"71":0,"72":0,"73":0,"74":5},"f":{"0":1,"1":0,"2":6,"3":1,"4":0,"5":0,"6":0,"7":0,"8":1,"9":1,"10":0},"b":{"0":[0,1],"1":[0,0],"2":[0,0],"3":[1,5],"4":[0,5],"5":[0,1],"6":[0,0],"7":[0,0],"8":[0,0],"9":[0,0],"10":[0,1],"11":[0,0]},"_coverageSchema":"1a1c01bbd47fc00a2c39e90264f33305004495a9","hash":"625c54ecad671637108fc7a547b07ca2ef4c8b1c"}
}
