{"/Users/macos/Private/Code/Web/luviana-BE/config/config.js": {"path":"/Users/macos/Private/Code/Web/luviana-BE/config/config.js","statementMap":{"0":{"start":{"line":4,"column":0},"end":{"line":4,"column":16}},"1":{"start":{"line":9,"column":28},"end":{"line":12,"column":5}},"2":{"start":{"line":14,"column":4},"end":{"line":20,"column":6}},"3":{"start":{"line":15,"column":8},"end":{"line":19,"column":9}},"4":{"start":{"line":16,"column":12},"end":{"line":16,"column":29}},"5":{"start":{"line":18,"column":12},"end":{"line":18,"column":56}}},"fnMap":{"0":{"name":"connectDB","decl":{"start":{"line":8,"column":9},"end":{"line":8,"column":18}},"loc":{"start":{"line":8,"column":21},"end":{"line":21,"column":1}},"line":8},"1":{"name":"(anonymous_1)","decl":{"start":{"line":14,"column":58},"end":{"line":14,"column":59}},"loc":{"start":{"line":14,"column":67},"end":{"line":20,"column":5}},"line":14}},"branchMap":{"0":{"loc":{"start":{"line":15,"column":8},"end":{"line":19,"column":9}},"type":"if","locations":[{"start":{"line":15,"column":8},"end":{"line":19,"column":9}},{"start":{"line":17,"column":15},"end":{"line":19,"column":9}}],"line":15}},"s":{"0":1,"1":3,"2":3,"3":3,"4":0,"5":3},"f":{"0":3,"1":3},"b":{"0":[0,3]},"_coverageSchema":"1a1c01bbd47fc00a2c39e90264f33305004495a9","hash":"0c5018f3ec6bde45e68b7cc6354a7ffad8fe441f"}
,"/Users/macos/Private/Code/Web/luviana-BE/controllers/apartment.controller.js": {"path":"/Users/macos/Private/Code/Web/luviana-BE/controllers/apartment.controller.js","statementMap":{"0":{"start":{"line":4,"column":72},"end":{"line":4,"column":81}},"1":{"start":{"line":5,"column":4},"end":{"line":6,"column":38}},"2":{"start":{"line":6,"column":8},"end":{"line":6,"column":38}},"3":{"start":{"line":7,"column":4},"end":{"line":8,"column":36}},"4":{"start":{"line":8,"column":8},"end":{"line":8,"column":36}},"5":{"start":{"line":9,"column":4},"end":{"line":10,"column":38}},"6":{"start":{"line":10,"column":8},"end":{"line":10,"column":38}},"7":{"start":{"line":12,"column":4},"end":{"line":12,"column":25}},"8":{"start":{"line":14,"column":4},"end":{"line":22,"column":5}},"9":{"start":{"line":15,"column":8},"end":{"line":15,"column":35}},"10":{"start":{"line":15,"column":26},"end":{"line":15,"column":35}},"11":{"start":{"line":16,"column":8},"end":{"line":16,"column":59}},"12":{"start":{"line":16,"column":38},"end":{"line":16,"column":59}},"13":{"start":{"line":17,"column":25},"end":{"line":17,"column":122}},"14":{"start":{"line":18,"column":8},"end":{"line":21,"column":50}},"15":{"start":{"line":19,"column":12},"end":{"line":19,"column":49}},"16":{"start":{"line":21,"column":13},"end":{"line":21,"column":50}},"17":{"start":{"line":23,"column":19},"end":{"line":23,"column":59}},"18":{"start":{"line":24,"column":4},"end":{"line":28,"column":44}},"19":{"start":{"line":25,"column":8},"end":{"line":25,"column":43}},"20":{"start":{"line":28,"column":9},"end":{"line":28,"column":44}},"21":{"start":{"line":32,"column":4},"end":{"line":61,"column":5}},"22":{"start":{"line":33,"column":8},"end":{"line":33,"column":44}},"23":{"start":{"line":34,"column":24},"end":{"line":40,"column":9}},"24":{"start":{"line":41,"column":21},"end":{"line":41,"column":34}},"25":{"start":{"line":42,"column":23},"end":{"line":42,"column":38}},"26":{"start":{"line":43,"column":22},"end":{"line":43,"column":35}},"27":{"start":{"line":44,"column":28},"end":{"line":44,"column":48}},"28":{"start":{"line":45,"column":26},"end":{"line":45,"column":44}},"29":{"start":{"line":47,"column":23},"end":{"line":47,"column":114}},"30":{"start":{"line":49,"column":8},"end":{"line":53,"column":9}},"31":{"start":{"line":50,"column":12},"end":{"line":50,"column":47}},"32":{"start":{"line":52,"column":12},"end":{"line":52,"column":47}},"33":{"start":{"line":55,"column":8},"end":{"line":55,"column":27}},"34":{"start":{"line":56,"column":8},"end":{"line":60,"column":10}},"35":{"start":{"line":66,"column":19},"end":{"line":66,"column":29}},"36":{"start":{"line":68,"column":4},"end":{"line":73,"column":11}},"37":{"start":{"line":69,"column":8},"end":{"line":73,"column":11}},"38":{"start":{"line":74,"column":21},"end":{"line":74,"column":63}},"39":{"start":{"line":76,"column":4},"end":{"line":80,"column":5}},"40":{"start":{"line":77,"column":8},"end":{"line":77,"column":33}},"41":{"start":{"line":79,"column":8},"end":{"line":79,"column":45}},"42":{"start":{"line":84,"column":43},"end":{"line":84,"column":51}},"43":{"start":{"line":86,"column":4},"end":{"line":92,"column":5}},"44":{"start":{"line":87,"column":8},"end":{"line":91,"column":10}},"45":{"start":{"line":93,"column":4},"end":{"line":99,"column":5}},"46":{"start":{"line":94,"column":8},"end":{"line":98,"column":10}},"47":{"start":{"line":101,"column":21},"end":{"line":101,"column":87}},"48":{"start":{"line":102,"column":4},"end":{"line":106,"column":5}},"49":{"start":{"line":103,"column":8},"end":{"line":103,"column":33}},"50":{"start":{"line":105,"column":8},"end":{"line":105,"column":45}},"51":{"start":{"line":109,"column":35},"end":{"line":114,"column":1}}},"fnMap":{"0":{"name":"getApartment","decl":{"start":{"line":3,"column":15},"end":{"line":3,"column":27}},"loc":{"start":{"line":3,"column":38},"end":{"line":29,"column":1}},"line":3},"1":{"name":"addNewApartment","decl":{"start":{"line":31,"column":15},"end":{"line":31,"column":30}},"loc":{"start":{"line":31,"column":41},"end":{"line":62,"column":1}},"line":31},"2":{"name":"getOneApartment","decl":{"start":{"line":65,"column":15},"end":{"line":65,"column":30}},"loc":{"start":{"line":65,"column":41},"end":{"line":81,"column":1}},"line":65},"3":{"name":"updateApartment","decl":{"start":{"line":83,"column":15},"end":{"line":83,"column":30}},"loc":{"start":{"line":83,"column":41},"end":{"line":107,"column":1}},"line":83}},"branchMap":{"0":{"loc":{"start":{"line":5,"column":4},"end":{"line":6,"column":38}},"type":"if","locations":[{"start":{"line":5,"column":4},"end":{"line":6,"column":38}},{"start":{},"end":{}}],"line":5},"1":{"loc":{"start":{"line":7,"column":4},"end":{"line":8,"column":36}},"type":"if","locations":[{"start":{"line":7,"column":4},"end":{"line":8,"column":36}},{"start":{},"end":{}}],"line":7},"2":{"loc":{"start":{"line":9,"column":4},"end":{"line":10,"column":38}},"type":"if","locations":[{"start":{"line":9,"column":4},"end":{"line":10,"column":38}},{"start":{},"end":{}}],"line":9},"3":{"loc":{"start":{"line":14,"column":4},"end":{"line":22,"column":5}},"type":"if","locations":[{"start":{"line":14,"column":4},"end":{"line":22,"column":5}},{"start":{},"end":{}}],"line":14},"4":{"loc":{"start":{"line":14,"column":8},"end":{"line":14,"column":48}},"type":"binary-expr","locations":[{"start":{"line":14,"column":8},"end":{"line":14,"column":20}},{"start":{"line":14,"column":24},"end":{"line":14,"column":48}}],"line":14},"5":{"loc":{"start":{"line":15,"column":8},"end":{"line":15,"column":35}},"type":"if","locations":[{"start":{"line":15,"column":8},"end":{"line":15,"column":35}},{"start":{},"end":{}}],"line":15},"6":{"loc":{"start":{"line":16,"column":8},"end":{"line":16,"column":59}},"type":"if","locations":[{"start":{"line":16,"column":8},"end":{"line":16,"column":59}},{"start":{},"end":{}}],"line":16},"7":{"loc":{"start":{"line":18,"column":8},"end":{"line":21,"column":50}},"type":"if","locations":[{"start":{"line":18,"column":8},"end":{"line":21,"column":50}},{"start":{"line":21,"column":13},"end":{"line":21,"column":50}}],"line":18},"8":{"loc":{"start":{"line":24,"column":4},"end":{"line":28,"column":44}},"type":"if","locations":[{"start":{"line":24,"column":4},"end":{"line":28,"column":44}},{"start":{"line":28,"column":9},"end":{"line":28,"column":44}}],"line":24},"9":{"loc":{"start":{"line":49,"column":8},"end":{"line":53,"column":9}},"type":"if","locations":[{"start":{"line":49,"column":8},"end":{"line":53,"column":9}},{"start":{"line":51,"column":15},"end":{"line":53,"column":9}}],"line":49},"10":{"loc":{"start":{"line":68,"column":4},"end":{"line":73,"column":11}},"type":"if","locations":[{"start":{"line":68,"column":4},"end":{"line":73,"column":11}},{"start":{},"end":{}}],"line":68},"11":{"loc":{"start":{"line":76,"column":4},"end":{"line":80,"column":5}},"type":"if","locations":[{"start":{"line":76,"column":4},"end":{"line":80,"column":5}},{"start":{"line":78,"column":11},"end":{"line":80,"column":5}}],"line":76},"12":{"loc":{"start":{"line":86,"column":4},"end":{"line":92,"column":5}},"type":"if","locations":[{"start":{"line":86,"column":4},"end":{"line":92,"column":5}},{"start":{},"end":{}}],"line":86},"13":{"loc":{"start":{"line":93,"column":4},"end":{"line":99,"column":5}},"type":"if","locations":[{"start":{"line":93,"column":4},"end":{"line":99,"column":5}},{"start":{},"end":{}}],"line":93},"14":{"loc":{"start":{"line":102,"column":4},"end":{"line":106,"column":5}},"type":"if","locations":[{"start":{"line":102,"column":4},"end":{"line":106,"column":5}},{"start":{"line":104,"column":11},"end":{"line":106,"column":5}}],"line":102}},"s":{"0":1,"1":1,"2":0,"3":1,"4":0,"5":1,"6":0,"7":1,"8":1,"9":0,"10":0,"11":0,"12":0,"13":0,"14":0,"15":0,"16":0,"17":1,"18":1,"19":1,"20":0,"21":1,"22":1,"23":1,"24":1,"25":1,"26":1,"27":1,"28":1,"29":1,"30":1,"31":1,"32":0,"33":0,"34":0,"35":1,"36":1,"37":0,"38":1,"39":1,"40":1,"41":0,"42":0,"43":0,"44":0,"45":0,"46":0,"47":0,"48":0,"49":0,"50":0,"51":1},"f":{"0":1,"1":1,"2":1,"3":0},"b":{"0":[0,1],"1":[0,1],"2":[0,1],"3":[0,1],"4":[1,1],"5":[0,0],"6":[0,0],"7":[0,0],"8":[1,0],"9":[1,0],"10":[0,1],"11":[1,0],"12":[0,0],"13":[0,0],"14":[0,0]},"_coverageSchema":"1a1c01bbd47fc00a2c39e90264f33305004495a9","hash":"22ea2ecf50a61c9b6fb5cf1238d730e44d932e91"}
,"/Users/macos/Private/Code/Web/luviana-BE/models/apartment.model.js": {"path":"/Users/macos/Private/Code/Web/luviana-BE/models/apartment.model.js","statementMap":{"0":{"start":{"line":5,"column":24},"end":{"line":56,"column":2}},"1":{"start":{"line":58,"column":18},"end":{"line":58,"column":62}}},"fnMap":{},"branchMap":{},"s":{"0":1,"1":1},"f":{},"b":{},"_coverageSchema":"1a1c01bbd47fc00a2c39e90264f33305004495a9","hash":"0b23653121d9c33afd74851cea6b32d305ee88be"}
,"/Users/macos/Private/Code/Web/luviana-BE/routes/apartment.route.js": {"path":"/Users/macos/Private/Code/Web/luviana-BE/routes/apartment.route.js","statementMap":{"0":{"start":{"line":4,"column":24},"end":{"line":4,"column":40}},"1":{"start":{"line":6,"column":0},"end":{"line":6,"column":61}},"2":{"start":{"line":7,"column":0},"end":{"line":7,"column":71}},"3":{"start":{"line":8,"column":0},"end":{"line":8,"column":79}},"4":{"start":{"line":9,"column":0},"end":{"line":9,"column":67}}},"fnMap":{},"branchMap":{},"s":{"0":1,"1":1,"2":1,"3":1,"4":1},"f":{},"b":{},"_coverageSchema":"1a1c01bbd47fc00a2c39e90264f33305004495a9","hash":"7ec9770ea1d869f2826f360cae76e49041b8b2a3"}
,"/Users/macos/Private/Code/Web/luviana-BE/services/apartment.services.js": {"path":"/Users/macos/Private/Code/Web/luviana-BE/services/apartment.services.js","statementMap":{"0":{"start":{"line":5,"column":4},"end":{"line":27,"column":5}},"1":{"start":{"line":6,"column":27},"end":{"line":6,"column":51}},"2":{"start":{"line":8,"column":8},"end":{"line":14,"column":9}},"3":{"start":{"line":9,"column":12},"end":{"line":13,"column":13}},"4":{"start":{"line":16,"column":8},"end":{"line":20,"column":9}},"5":{"start":{"line":22,"column":8},"end":{"line":26,"column":9}},"6":{"start":{"line":31,"column":4},"end":{"line":58,"column":5}},"7":{"start":{"line":32,"column":23},"end":{"line":32,"column":106}},"8":{"start":{"line":33,"column":28},"end":{"line":33,"column":68}},"9":{"start":{"line":34,"column":24},"end":{"line":34,"column":65}},"10":{"start":{"line":36,"column":8},"end":{"line":42,"column":9}},"11":{"start":{"line":37,"column":12},"end":{"line":41,"column":13}},"12":{"start":{"line":44,"column":8},"end":{"line":51,"column":9}},"13":{"start":{"line":53,"column":8},"end":{"line":57,"column":9}},"14":{"start":{"line":62,"column":4},"end":{"line":82,"column":5}},"15":{"start":{"line":65,"column":29},"end":{"line":65,"column":116}},"16":{"start":{"line":67,"column":8},"end":{"line":69,"column":9}},"17":{"start":{"line":68,"column":12},"end":{"line":68,"column":55}},"18":{"start":{"line":71,"column":8},"end":{"line":75,"column":9}},"19":{"start":{"line":77,"column":8},"end":{"line":81,"column":9}},"20":{"start":{"line":87,"column":4},"end":{"line":109,"column":5}},"21":{"start":{"line":88,"column":26},"end":{"line":88,"column":63}},"22":{"start":{"line":90,"column":8},"end":{"line":96,"column":9}},"23":{"start":{"line":91,"column":12},"end":{"line":95,"column":13}},"24":{"start":{"line":98,"column":8},"end":{"line":102,"column":9}},"25":{"start":{"line":104,"column":8},"end":{"line":108,"column":9}},"26":{"start":{"line":113,"column":4},"end":{"line":135,"column":5}},"27":{"start":{"line":114,"column":26},"end":{"line":114,"column":96}},"28":{"start":{"line":116,"column":8},"end":{"line":122,"column":9}},"29":{"start":{"line":117,"column":12},"end":{"line":121,"column":13}},"30":{"start":{"line":124,"column":8},"end":{"line":128,"column":9}},"31":{"start":{"line":130,"column":8},"end":{"line":134,"column":9}},"32":{"start":{"line":139,"column":4},"end":{"line":161,"column":5}},"33":{"start":{"line":140,"column":26},"end":{"line":140,"column":88}},"34":{"start":{"line":142,"column":8},"end":{"line":148,"column":9}},"35":{"start":{"line":143,"column":12},"end":{"line":147,"column":13}},"36":{"start":{"line":150,"column":8},"end":{"line":154,"column":9}},"37":{"start":{"line":156,"column":8},"end":{"line":160,"column":9}},"38":{"start":{"line":166,"column":23},"end":{"line":166,"column":36}},"39":{"start":{"line":168,"column":4},"end":{"line":173,"column":5}},"40":{"start":{"line":169,"column":8},"end":{"line":172,"column":9}},"41":{"start":{"line":175,"column":4},"end":{"line":180,"column":5}},"42":{"start":{"line":176,"column":8},"end":{"line":179,"column":9}},"43":{"start":{"line":182,"column":4},"end":{"line":187,"column":5}},"44":{"start":{"line":183,"column":8},"end":{"line":186,"column":9}},"45":{"start":{"line":189,"column":4},"end":{"line":194,"column":5}},"46":{"start":{"line":190,"column":8},"end":{"line":193,"column":9}},"47":{"start":{"line":196,"column":4},"end":{"line":227,"column":5}},"48":{"start":{"line":197,"column":28},"end":{"line":197,"column":68}},"49":{"start":{"line":198,"column":24},"end":{"line":198,"column":65}},"50":{"start":{"line":199,"column":23},"end":{"line":203,"column":10}},"51":{"start":{"line":205,"column":8},"end":{"line":211,"column":9}},"52":{"start":{"line":206,"column":12},"end":{"line":210,"column":13}},"53":{"start":{"line":213,"column":8},"end":{"line":220,"column":9}},"54":{"start":{"line":222,"column":8},"end":{"line":226,"column":9}},"55":{"start":{"line":230,"column":32},"end":{"line":238,"column":1}}},"fnMap":{"0":{"name":"getAllApartment","decl":{"start":{"line":4,"column":15},"end":{"line":4,"column":30}},"loc":{"start":{"line":4,"column":33},"end":{"line":28,"column":1}},"line":4},"1":{"name":"getApartmentByPage","decl":{"start":{"line":30,"column":15},"end":{"line":30,"column":33}},"loc":{"start":{"line":30,"column":64},"end":{"line":59,"column":1}},"line":30},"2":{"name":"addNewApartment","decl":{"start":{"line":61,"column":15},"end":{"line":61,"column":30}},"loc":{"start":{"line":61,"column":94},"end":{"line":83,"column":1}},"line":61},"3":{"name":"getOneApartment","decl":{"start":{"line":86,"column":15},"end":{"line":86,"column":30}},"loc":{"start":{"line":86,"column":44},"end":{"line":110,"column":1}},"line":86},"4":{"name":"getApartmentByName","decl":{"start":{"line":112,"column":15},"end":{"line":112,"column":33}},"loc":{"start":{"line":112,"column":50},"end":{"line":136,"column":1}},"line":112},"5":{"name":"updateApartment","decl":{"start":{"line":138,"column":15},"end":{"line":138,"column":30}},"loc":{"start":{"line":138,"column":59},"end":{"line":162,"column":1}},"line":138},"6":{"name":"filterApartment","decl":{"start":{"line":164,"column":15},"end":{"line":164,"column":30}},"loc":{"start":{"line":164,"column":97},"end":{"line":228,"column":1}},"line":164}},"branchMap":{"0":{"loc":{"start":{"line":8,"column":8},"end":{"line":14,"column":9}},"type":"if","locations":[{"start":{"line":8,"column":8},"end":{"line":14,"column":9}},{"start":{},"end":{}}],"line":8},"1":{"loc":{"start":{"line":36,"column":8},"end":{"line":42,"column":9}},"type":"if","locations":[{"start":{"line":36,"column":8},"end":{"line":42,"column":9}},{"start":{},"end":{}}],"line":36},"2":{"loc":{"start":{"line":67,"column":8},"end":{"line":69,"column":9}},"type":"if","locations":[{"start":{"line":67,"column":8},"end":{"line":69,"column":9}},{"start":{},"end":{}}],"line":67},"3":{"loc":{"start":{"line":90,"column":8},"end":{"line":96,"column":9}},"type":"if","locations":[{"start":{"line":90,"column":8},"end":{"line":96,"column":9}},{"start":{},"end":{}}],"line":90},"4":{"loc":{"start":{"line":116,"column":8},"end":{"line":122,"column":9}},"type":"if","locations":[{"start":{"line":116,"column":8},"end":{"line":122,"column":9}},{"start":{},"end":{}}],"line":116},"5":{"loc":{"start":{"line":142,"column":8},"end":{"line":148,"column":9}},"type":"if","locations":[{"start":{"line":142,"column":8},"end":{"line":148,"column":9}},{"start":{},"end":{}}],"line":142},"6":{"loc":{"start":{"line":168,"column":4},"end":{"line":173,"column":5}},"type":"if","locations":[{"start":{"line":168,"column":4},"end":{"line":173,"column":5}},{"start":{},"end":{}}],"line":168},"7":{"loc":{"start":{"line":175,"column":4},"end":{"line":180,"column":5}},"type":"if","locations":[{"start":{"line":175,"column":4},"end":{"line":180,"column":5}},{"start":{},"end":{}}],"line":175},"8":{"loc":{"start":{"line":182,"column":4},"end":{"line":187,"column":5}},"type":"if","locations":[{"start":{"line":182,"column":4},"end":{"line":187,"column":5}},{"start":{},"end":{}}],"line":182},"9":{"loc":{"start":{"line":189,"column":4},"end":{"line":194,"column":5}},"type":"if","locations":[{"start":{"line":189,"column":4},"end":{"line":194,"column":5}},{"start":{},"end":{}}],"line":189},"10":{"loc":{"start":{"line":205,"column":8},"end":{"line":211,"column":9}},"type":"if","locations":[{"start":{"line":205,"column":8},"end":{"line":211,"column":9}},{"start":{},"end":{}}],"line":205}},"s":{"0":1,"1":1,"2":1,"3":0,"4":1,"5":0,"6":0,"7":0,"8":0,"9":0,"10":0,"11":0,"12":0,"13":0,"14":1,"15":1,"16":1,"17":0,"18":1,"19":0,"20":1,"21":1,"22":1,"23":0,"24":1,"25":0,"26":0,"27":0,"28":0,"29":0,"30":0,"31":0,"32":0,"33":0,"34":0,"35":0,"36":0,"37":0,"38":0,"39":0,"40":0,"41":0,"42":0,"43":0,"44":0,"45":0,"46":0,"47":0,"48":0,"49":0,"50":0,"51":0,"52":0,"53":0,"54":0,"55":1},"f":{"0":1,"1":0,"2":1,"3":1,"4":0,"5":0,"6":0},"b":{"0":[0,1],"1":[0,0],"2":[0,1],"3":[0,1],"4":[0,0],"5":[0,0],"6":[0,0],"7":[0,0],"8":[0,0],"9":[0,0],"10":[0,0]},"_coverageSchema":"1a1c01bbd47fc00a2c39e90264f33305004495a9","hash":"331c7962f5e3015a4d51d880b0004704c52734ee"}
}
