TN:
SF:config/config.js
FN:8,connectDB
FN:14,(anonymous_1)
FNF:2
FNH:2
FNDA:6,connectDB
FNDA:6,(anonymous_1)
DA:4,6
DA:9,6
DA:14,6
DA:15,6
DA:16,0
DA:18,6
LF:6
LH:5
BRDA:15,0,0,0
BRDA:15,0,1,6
BRF:2
BRH:1
end_of_record
TN:
SF:controllers/admin.controller.js
FN:4,getAdmin
FN:21,updateAdmin
FN:47,loginAdminAccount
FN:70,createAdminAccount
FN:89,getAccessToken
FN:124,disableAdminAccount
FN:145,undisableAdminAccount
FNF:7
FNH:5
FNDA:1,getAdmin
FNDA:1,updateAdmin
FNDA:6,loginAdminAccount
FNDA:0,createAdminAccount
FNDA:0,getAccessToken
FNDA:3,disableAdminAccount
FNDA:3,undisableAdminAccount
DA:5,1
DA:6,1
DA:8,1
DA:10,1
DA:11,0
DA:13,0
DA:22,1
DA:23,1
DA:24,1
DA:26,1
DA:27,0
DA:34,1
DA:36,1
DA:37,0
DA:39,0
DA:48,6
DA:49,6
DA:50,6
DA:51,6
DA:52,5
DA:57,1
DA:63,0
DA:71,0
DA:72,0
DA:73,0
DA:74,0
DA:75,0
DA:77,0
DA:80,0
DA:90,0
DA:91,0
DA:93,0
DA:94,0
DA:98,0
DA:100,0
DA:101,0
DA:106,0
DA:110,0
DA:118,0
DA:125,3
DA:126,3
DA:128,3
DA:129,1
DA:133,2
DA:135,2
DA:136,1
DA:139,0
DA:146,3
DA:147,3
DA:149,3
DA:150,1
DA:154,2
DA:156,2
DA:157,1
DA:160,0
DA:166,4
LF:56
LH:31
BRDA:10,0,0,1
BRDA:10,0,1,0
BRDA:26,1,0,0
BRDA:26,1,1,1
BRDA:36,2,0,1
BRDA:36,2,1,0
BRDA:51,3,0,5
BRDA:51,3,1,1
BRDA:74,4,0,0
BRDA:74,4,1,0
BRDA:93,5,0,0
BRDA:93,5,1,0
BRDA:100,6,0,0
BRDA:100,6,1,0
BRDA:128,7,0,1
BRDA:128,7,1,2
BRDA:135,8,0,1
BRDA:135,8,1,1
BRDA:149,9,0,1
BRDA:149,9,1,2
BRDA:156,10,0,1
BRDA:156,10,1,1
BRF:22
BRH:13
end_of_record
TN:
SF:controllers/apartment.controller.js
FN:4,getApartment
FN:20,getApartmentByPage
FN:45,addNewApartment
FN:91,getOneApartment
FN:109,getAllPendingApartment
FN:131,updateApartment
FN:161,confirmPendingApartment
FN:185,removePendingApartment
FN:208,deleteApartment
FN:231,getApartmentCities
FN:252,addReview
FN:277,getReviews
FN:303,getAvgRating
FN:329,getApartmentOfUser
FNF:14
FNH:7
FNDA:1,getApartment
FNDA:0,getApartmentByPage
FNDA:1,addNewApartment
FNDA:2,getOneApartment
FNDA:0,getAllPendingApartment
FNDA:3,updateApartment
FNDA:0,confirmPendingApartment
FNDA:0,removePendingApartment
FNDA:0,deleteApartment
FNDA:0,getApartmentCities
FNDA:2,addReview
FNDA:3,getReviews
FNDA:2,getAvgRating
FNDA:0,getApartmentOfUser
DA:5,1
DA:6,1
DA:7,1
DA:8,1
DA:9,0
DA:11,0
DA:21,0
DA:23,0
DA:24,0
DA:25,0
DA:27,0
DA:33,0
DA:34,0
DA:35,0
DA:37,0
DA:46,1
DA:47,1
DA:55,1
DA:56,1
DA:57,1
DA:58,1
DA:59,1
DA:60,1
DA:61,1
DA:62,1
DA:64,1
DA:76,1
DA:77,0
DA:79,1
DA:82,0
DA:83,0
DA:92,2
DA:94,2
DA:95,0
DA:100,2
DA:102,2
DA:103,1
DA:105,1
DA:110,0
DA:111,0
DA:113,0
DA:114,0
DA:116,0
DA:123,0
DA:132,3
DA:134,3
DA:135,1
DA:141,2
DA:142,0
DA:149,2
DA:154,2
DA:155,1
DA:157,1
DA:162,0
DA:163,0
DA:164,0
DA:167,0
DA:168,0
DA:170,0
DA:177,0
DA:186,0
DA:187,0
DA:188,0
DA:190,0
DA:191,0
DA:193,0
DA:200,0
DA:209,0
DA:210,0
DA:211,0
DA:213,0
DA:214,0
DA:216,0
DA:223,0
DA:232,0
DA:233,0
DA:234,0
DA:235,0
DA:237,0
DA:244,0
DA:253,2
DA:254,2
DA:255,2
DA:256,1
DA:262,1
DA:263,1
DA:264,1
DA:265,0
DA:266,1
DA:268,0
DA:269,0
DA:278,3
DA:279,3
DA:280,3
DA:281,3
DA:282,1
DA:288,2
DA:289,2
DA:290,2
DA:291,1
DA:292,1
DA:294,0
DA:295,0
DA:304,2
DA:305,2
DA:306,0
DA:313,2
DA:314,2
DA:316,2
DA:317,1
DA:318,1
DA:320,0
DA:321,0
DA:331,0
DA:332,0
DA:334,0
DA:336,0
DA:337,0
DA:338,0
DA:340,0
DA:341,0
DA:350,1
LF:122
LH:57
BRDA:7,0,0,1
BRDA:7,0,1,0
BRDA:24,1,0,0
BRDA:24,1,1,0
BRDA:25,2,0,0
BRDA:25,2,1,0
BRDA:33,3,0,0
BRDA:33,3,1,0
BRDA:76,4,0,0
BRDA:76,4,1,1
BRDA:94,5,0,0
BRDA:94,5,1,2
BRDA:102,6,0,1
BRDA:102,6,1,1
BRDA:113,7,0,0
BRDA:113,7,1,0
BRDA:134,8,0,1
BRDA:134,8,1,2
BRDA:141,9,0,0
BRDA:141,9,1,2
BRDA:154,10,0,1
BRDA:154,10,1,1
BRDA:167,11,0,0
BRDA:167,11,1,0
BRDA:190,12,0,0
BRDA:190,12,1,0
BRDA:213,13,0,0
BRDA:213,13,1,0
BRDA:234,14,0,0
BRDA:234,14,1,0
BRDA:255,15,0,1
BRDA:255,15,1,1
BRDA:255,16,0,2
BRDA:255,16,1,2
BRDA:255,16,2,2
BRDA:255,16,3,2
BRDA:264,17,0,0
BRDA:264,17,1,1
BRDA:279,18,0,3
BRDA:279,18,1,0
BRDA:280,19,0,3
BRDA:280,19,1,0
BRDA:281,20,0,1
BRDA:281,20,1,2
BRDA:290,21,0,1
BRDA:290,21,1,1
BRDA:305,22,0,0
BRDA:305,22,1,2
BRDA:316,23,0,1
BRDA:316,23,1,1
BRDA:336,24,0,0
BRDA:336,24,1,0
BRF:52
BRH:26
end_of_record
TN:
SF:controllers/blog.controller.js
FN:13,addNewBlog
FN:43,updateBlog
FN:89,getBlogById
FN:112,getAllBlog
FN:128,uploadImage
FN:129,(anonymous_5)
FN:130,(anonymous_6)
FN:132,(anonymous_7)
FN:145,upload
FN:149,(anonymous_9)
FN:164,getBlogByAuthor
FN:189,addComment
FN:216,getCommentList
FN:257,likeBlog
FN:283,getLikeNumber
FN:307,unlikeBlog
FN:333,getLikedBlogsByUser
FN:358,userDeleteBlog
FN:387,confirmBlog
FN:412,deleteBlog
FN:437,denyBlog
FN:460,getAllUnconfirmedBlog
FN:474,adminUpdateBlog
FN:512,getAllConfirmedBlog
FN:531,dropDatabase
FNF:25
FNH:13
FNDA:0,addNewBlog
FNDA:3,updateBlog
FNDA:2,getBlogById
FNDA:1,getAllBlog
FNDA:0,uploadImage
FNDA:0,(anonymous_5)
FNDA:0,(anonymous_6)
FNDA:0,(anonymous_7)
FNDA:0,upload
FNDA:0,(anonymous_9)
FNDA:1,getBlogByAuthor
FNDA:4,addComment
FNDA:3,getCommentList
FNDA:3,likeBlog
FNDA:2,getLikeNumber
FNDA:3,unlikeBlog
FNDA:4,getLikedBlogsByUser
FNDA:0,userDeleteBlog
FNDA:1,confirmBlog
FNDA:0,deleteBlog
FNDA:0,denyBlog
FNDA:1,getAllUnconfirmedBlog
FNDA:0,adminUpdateBlog
FNDA:1,getAllConfirmedBlog
FNDA:0,dropDatabase
DA:6,1
DA:7,1
DA:14,0
DA:16,0
DA:18,0
DA:19,0
DA:26,0
DA:28,0
DA:29,0
DA:31,0
DA:32,0
DA:35,0
DA:44,3
DA:45,3
DA:47,3
DA:48,1
DA:55,2
DA:56,0
DA:59,2
DA:60,0
DA:63,2
DA:64,0
DA:67,2
DA:68,0
DA:75,2
DA:76,2
DA:78,2
DA:79,0
DA:81,0
DA:90,2
DA:92,2
DA:98,2
DA:99,2
DA:101,2
DA:102,1
DA:104,0
DA:113,1
DA:114,1
DA:116,1
DA:117,1
DA:118,0
DA:120,0
DA:129,0
DA:130,0
DA:131,0
DA:133,0
DA:134,0
DA:136,0
DA:141,0
DA:146,0
DA:147,0
DA:148,0
DA:149,0
DA:152,0
DA:153,0
DA:154,0
DA:160,0
DA:165,1
DA:166,1
DA:167,0
DA:174,1
DA:175,1
DA:177,1
DA:178,1
DA:179,0
DA:181,0
DA:190,4
DA:191,4
DA:193,4
DA:194,2
DA:201,2
DA:202,2
DA:204,2
DA:205,1
DA:207,0
DA:217,3
DA:219,3
DA:220,1
DA:227,2
DA:228,2
DA:229,2
DA:230,0
DA:236,2
DA:237,2
DA:238,0
DA:244,2
DA:246,2
DA:247,1
DA:249,0
DA:258,3
DA:259,3
DA:261,3
DA:262,1
DA:269,2
DA:270,2
DA:272,2
DA:273,1
DA:275,0
DA:284,2
DA:286,2
DA:287,0
DA:294,2
DA:295,2
DA:296,2
DA:297,1
DA:299,0
DA:308,3
DA:309,3
DA:311,3
DA:312,1
DA:319,2
DA:320,2
DA:322,2
DA:323,1
DA:325,0
DA:334,4
DA:336,4
DA:337,2
DA:344,2
DA:345,2
DA:347,1
DA:348,0
DA:350,1
DA:359,0
DA:360,0
DA:362,0
DA:363,0
DA:370,0
DA:371,0
DA:373,0
DA:374,0
DA:376,0
DA:377,0
DA:388,1
DA:390,1
DA:391,0
DA:398,1
DA:399,1
DA:401,1
DA:402,0
DA:404,0
DA:413,0
DA:415,0
DA:416,0
DA:423,0
DA:424,0
DA:425,0
DA:426,0
DA:427,0
DA:429,0
DA:438,0
DA:439,0
DA:440,0
DA:447,0
DA:448,0
DA:449,0
DA:450,0
DA:452,0
DA:461,1
DA:462,1
DA:463,1
DA:464,0
DA:466,0
DA:475,0
DA:476,0
DA:478,0
DA:479,0
DA:486,0
DA:488,0
DA:489,0
DA:496,0
DA:497,0
DA:499,0
DA:500,0
DA:502,0
DA:513,1
DA:514,1
DA:516,1
DA:517,1
DA:519,1
DA:520,1
DA:521,0
DA:523,0
DA:532,0
DA:533,0
DA:534,0
DA:537,1
LF:187
LH:92
BRDA:18,0,0,0
BRDA:18,0,1,0
BRDA:18,1,0,0
BRDA:18,1,1,0
BRDA:31,2,0,0
BRDA:31,2,1,0
BRDA:47,3,0,1
BRDA:47,3,1,2
BRDA:47,4,0,3
BRDA:47,4,1,3
BRDA:55,5,0,0
BRDA:55,5,1,2
BRDA:59,6,0,0
BRDA:59,6,1,2
BRDA:63,7,0,0
BRDA:63,7,1,2
BRDA:67,8,0,0
BRDA:67,8,1,2
BRDA:78,9,0,2
BRDA:78,9,1,0
BRDA:92,10,0,0
BRDA:92,10,1,2
BRDA:101,11,0,1
BRDA:101,11,1,1
BRDA:116,12,0,1
BRDA:116,12,1,0
BRDA:133,13,0,0
BRDA:133,13,1,0
BRDA:166,14,0,0
BRDA:166,14,1,1
BRDA:177,15,0,1
BRDA:177,15,1,0
BRDA:193,16,0,2
BRDA:193,16,1,2
BRDA:193,17,0,4
BRDA:193,17,1,4
BRDA:193,17,2,3
BRDA:204,18,0,1
BRDA:204,18,1,1
BRDA:219,19,0,1
BRDA:219,19,1,2
BRDA:228,20,0,2
BRDA:228,20,1,2
BRDA:229,21,0,0
BRDA:229,21,1,2
BRDA:236,22,0,2
BRDA:236,22,1,2
BRDA:237,23,0,0
BRDA:237,23,1,2
BRDA:246,24,0,1
BRDA:246,24,1,1
BRDA:261,25,0,1
BRDA:261,25,1,2
BRDA:261,26,0,3
BRDA:261,26,1,2
BRDA:272,27,0,1
BRDA:272,27,1,1
BRDA:286,28,0,0
BRDA:286,28,1,2
BRDA:296,29,0,1
BRDA:296,29,1,1
BRDA:311,30,0,1
BRDA:311,30,1,2
BRDA:311,31,0,3
BRDA:311,31,1,2
BRDA:322,32,0,1
BRDA:322,32,1,1
BRDA:336,33,0,2
BRDA:336,33,1,2
BRDA:347,34,0,1
BRDA:347,34,1,0
BRDA:362,35,0,0
BRDA:362,35,1,0
BRDA:373,36,0,0
BRDA:373,36,1,0
BRDA:390,37,0,0
BRDA:390,37,1,1
BRDA:401,38,0,1
BRDA:401,38,1,0
BRDA:415,39,0,0
BRDA:415,39,1,0
BRDA:425,40,0,0
BRDA:425,40,1,0
BRDA:439,41,0,0
BRDA:439,41,1,0
BRDA:449,42,0,0
BRDA:449,42,1,0
BRDA:463,43,0,1
BRDA:463,43,1,0
BRDA:478,44,0,0
BRDA:478,44,1,0
BRDA:488,45,0,0
BRDA:488,45,1,0
BRDA:499,46,0,0
BRDA:499,46,1,0
BRDA:513,47,0,1
BRDA:513,47,1,0
BRDA:514,48,0,1
BRDA:514,48,1,0
BRDA:519,49,0,1
BRDA:519,49,1,0
BRDA:533,50,0,0
BRDA:533,50,1,0
BRF:103
BRH:56
end_of_record
TN:
SF:controllers/revenue.controller.js
FN:3,getMonthlyRevenue
FN:24,getYearlyRevenue
FN:45,getAllYearlyRevenue
FNF:3
FNH:3
FNDA:2,getMonthlyRevenue
FNDA:2,getYearlyRevenue
FNDA:1,getAllYearlyRevenue
DA:4,2
DA:6,2
DA:7,2
DA:9,2
DA:10,1
DA:12,1
DA:16,0
DA:25,2
DA:27,2
DA:28,2
DA:30,2
DA:31,1
DA:33,1
DA:37,0
DA:46,1
DA:48,1
DA:50,1
DA:51,1
DA:53,0
DA:57,0
DA:65,1
LF:21
LH:17
BRDA:9,0,0,1
BRDA:9,0,1,1
BRDA:30,1,0,1
BRDA:30,1,1,1
BRDA:50,2,0,1
BRDA:50,2,1,0
BRF:6
BRH:5
end_of_record
TN:
SF:controllers/room.controller.js
FN:3,getRoom
FN:31,searchRoom
FN:52,searchRoomV2
FN:77,searchRoomAvailableOfAparment
FN:102,searchRoomByApartmentId
FN:123,postRoom
FN:146,updateRoom
FN:170,deleteRoom
FN:191,getRoomById
FN:211,changeCapacity
FNF:10
FNH:6
FNDA:1,getRoom
FNDA:0,searchRoom
FNDA:1,searchRoomV2
FNDA:3,searchRoomAvailableOfAparment
FNDA:2,searchRoomByApartmentId
FNDA:3,postRoom
FNDA:6,updateRoom
FNDA:0,deleteRoom
FNDA:0,getRoomById
FNDA:0,changeCapacity
DA:4,1
DA:5,1
DA:6,1
DA:7,1
DA:8,1
DA:9,1
DA:11,0
DA:14,0
DA:15,0
DA:16,0
DA:18,0
DA:22,0
DA:32,0
DA:33,0
DA:35,0
DA:37,0
DA:38,0
DA:39,0
DA:41,0
DA:44,0
DA:53,1
DA:54,1
DA:56,1
DA:58,1
DA:60,1
DA:62,1
DA:63,1
DA:64,0
DA:66,0
DA:69,0
DA:78,3
DA:79,3
DA:81,3
DA:83,3
DA:85,3
DA:87,3
DA:88,2
DA:89,1
DA:91,1
DA:94,0
DA:103,2
DA:104,2
DA:106,2
DA:108,2
DA:109,2
DA:110,1
DA:112,0
DA:115,0
DA:124,3
DA:125,3
DA:127,3
DA:129,3
DA:131,3
DA:132,1
DA:133,0
DA:135,2
DA:138,0
DA:147,6
DA:148,6
DA:149,6
DA:151,6
DA:153,6
DA:155,6
DA:156,2
DA:157,0
DA:159,4
DA:162,0
DA:171,0
DA:172,0
DA:174,0
DA:176,0
DA:177,0
DA:178,0
DA:180,0
DA:183,0
DA:192,0
DA:194,0
DA:195,0
DA:196,0
DA:197,0
DA:199,0
DA:202,0
DA:203,0
DA:213,0
DA:214,0
DA:215,0
DA:216,0
DA:218,0
DA:221,0
DA:222,0
DA:231,1
LF:91
LH:44
BRDA:6,0,0,1
BRDA:6,0,1,0
BRDA:8,1,0,1
BRDA:8,1,1,0
BRDA:15,2,0,0
BRDA:15,2,1,0
BRDA:37,3,0,0
BRDA:37,3,1,0
BRDA:38,4,0,0
BRDA:38,4,1,0
BRDA:58,5,0,0
BRDA:58,5,1,1
BRDA:62,6,0,1
BRDA:62,6,1,0
BRDA:63,7,0,1
BRDA:63,7,1,0
BRDA:83,8,0,0
BRDA:83,8,1,3
BRDA:87,9,0,2
BRDA:87,9,1,1
BRDA:88,10,0,1
BRDA:88,10,1,1
BRDA:108,11,0,2
BRDA:108,11,1,0
BRDA:109,12,0,1
BRDA:109,12,1,1
BRDA:131,13,0,1
BRDA:131,13,1,2
BRDA:132,14,0,1
BRDA:132,14,1,0
BRDA:155,15,0,2
BRDA:155,15,1,4
BRDA:156,16,0,2
BRDA:156,16,1,0
BRDA:176,17,0,0
BRDA:176,17,1,0
BRDA:177,18,0,0
BRDA:177,18,1,0
BRDA:196,19,0,0
BRDA:196,19,1,0
BRDA:215,20,0,0
BRDA:215,20,1,0
BRF:42
BRH:19
end_of_record
TN:
SF:controllers/sendEmail.js
FN:4,(anonymous_0)
FNF:1
FNH:0
FNDA:0,(anonymous_0)
DA:4,5
DA:5,0
DA:13,0
DA:18,0
DA:29,0
DA:30,0
DA:32,0
DA:37,0
LF:8
LH:1
BRF:0
BRH:0
end_of_record
TN:
SF:controllers/user.controller.js
FN:19,getUser
FN:32,registerUser
FN:76,login
FN:87,signUp
FN:154,(anonymous_4)
FN:173,activate
FN:211,forgotPassword
FN:242,resetPassword
FN:264,getAccessToken
FN:300,uploadAvatar
FN:301,(anonymous_10)
FN:302,(anonymous_11)
FN:304,(anonymous_12)
FN:317,upload
FN:337,updateUser
FN:368,getUserById
FN:397,getUserList
FN:412,updateUserAdmin
FN:450,deleteUser
FNF:19
FNH:6
FNDA:1,getUser
FNDA:0,registerUser
FNDA:6,login
FNDA:1,signUp
FNDA:0,(anonymous_4)
FNDA:0,activate
FNDA:0,forgotPassword
FNDA:0,resetPassword
FNDA:0,getAccessToken
FNDA:0,uploadAvatar
FNDA:0,(anonymous_10)
FNDA:0,(anonymous_11)
FNDA:0,(anonymous_12)
FNDA:0,upload
FNDA:1,updateUser
FNDA:0,getUserById
FNDA:1,getUserList
FNDA:2,updateUserAdmin
FNDA:0,deleteUser
DA:9,5
DA:12,5
DA:13,5
DA:20,1
DA:22,1
DA:24,1
DA:25,1
DA:26,0
DA:28,0
DA:33,0
DA:35,0
DA:36,0
DA:43,0
DA:45,0
DA:46,0
DA:53,0
DA:54,0
DA:61,0
DA:69,0
DA:70,0
DA:72,0
DA:77,6
DA:78,6
DA:79,6
DA:80,5
DA:82,1
DA:88,1
DA:90,1
DA:91,0
DA:98,1
DA:100,1
DA:101,0
DA:108,1
DA:109,1
DA:116,0
DA:117,0
DA:118,0
DA:125,0
DA:126,0
DA:127,0
DA:135,0
DA:143,0
DA:154,0
DA:155,0
DA:156,0
DA:157,0
DA:163,0
DA:164,0
DA:174,0
DA:175,0
DA:176,0
DA:177,0
DA:178,0
DA:179,0
DA:180,0
DA:186,0
DA:187,0
DA:192,0
DA:193,0
DA:196,0
DA:199,0
DA:200,0
DA:202,0
DA:203,0
DA:212,0
DA:213,0
DA:214,0
DA:216,0
DA:217,0
DA:222,0
DA:224,0
DA:226,0
DA:228,0
DA:229,0
DA:234,0
DA:236,0
DA:243,0
DA:244,0
DA:245,0
DA:247,0
DA:249,0
DA:250,0
DA:255,0
DA:258,0
DA:265,0
DA:266,0
DA:268,0
DA:269,0
DA:273,0
DA:275,0
DA:276,0
DA:281,0
DA:285,0
DA:294,0
DA:301,0
DA:302,0
DA:303,0
DA:305,0
DA:306,0
DA:308,0
DA:313,0
DA:318,0
DA:321,0
DA:322,0
DA:323,0
DA:329,0
DA:338,1
DA:339,1
DA:340,1
DA:341,0
DA:347,1
DA:349,1
DA:351,1
DA:353,1
DA:354,1
DA:356,0
DA:359,0
DA:360,0
DA:369,0
DA:370,0
DA:371,0
DA:378,0
DA:379,0
DA:381,0
DA:382,0
DA:384,0
DA:387,0
DA:388,0
DA:398,1
DA:399,1
DA:400,1
DA:401,1
DA:402,0
DA:404,0
DA:413,2
DA:414,2
DA:416,2
DA:417,1
DA:424,1
DA:428,1
DA:429,0
DA:436,1
DA:437,1
DA:438,1
DA:439,1
DA:440,0
DA:442,0
DA:451,0
DA:452,0
DA:453,0
DA:460,0
DA:461,0
DA:462,0
DA:463,0
DA:464,0
DA:466,0
DA:474,5
LF:157
LH:41
BRDA:24,0,0,1
BRDA:24,0,1,0
BRDA:25,1,0,1
BRDA:25,1,1,0
BRDA:35,2,0,0
BRDA:35,2,1,0
BRDA:45,3,0,0
BRDA:45,3,1,0
BRDA:53,4,0,0
BRDA:53,4,1,0
BRDA:69,5,0,0
BRDA:69,5,1,0
BRDA:79,6,0,5
BRDA:79,6,1,1
BRDA:90,7,0,0
BRDA:90,7,1,1
BRDA:90,8,0,1
BRDA:90,8,1,1
BRDA:100,9,0,0
BRDA:100,9,1,1
BRDA:108,10,0,1
BRDA:108,10,1,0
BRDA:117,11,0,0
BRDA:117,11,1,0
BRDA:155,12,0,0
BRDA:155,12,1,0
BRDA:179,13,0,0
BRDA:179,13,1,0
BRDA:216,14,0,0
BRDA:216,14,1,0
BRDA:228,15,0,0
BRDA:228,15,1,0
BRDA:249,16,0,0
BRDA:249,16,1,0
BRDA:268,17,0,0
BRDA:268,17,1,0
BRDA:275,18,0,0
BRDA:275,18,1,0
BRDA:305,19,0,0
BRDA:305,19,1,0
BRDA:340,20,0,0
BRDA:340,20,1,1
BRDA:353,21,0,1
BRDA:353,21,1,0
BRDA:370,22,0,0
BRDA:370,22,1,0
BRDA:381,23,0,0
BRDA:381,23,1,0
BRDA:400,24,0,1
BRDA:400,24,1,0
BRDA:416,25,0,1
BRDA:416,25,1,1
BRDA:428,26,0,0
BRDA:428,26,1,1
BRDA:438,27,0,1
BRDA:438,27,1,0
BRDA:452,28,0,0
BRDA:452,28,1,0
BRDA:462,29,0,0
BRDA:462,29,1,0
BRF:60
BRH:16
end_of_record
TN:
SF:middlewares/auth.middleware.js
FN:8,requireUser
FN:45,requireAdmin
FNF:2
FNH:2
FNDA:19,requireUser
FNDA:20,requireAdmin
DA:9,19
DA:11,19
DA:17,18
DA:18,18
DA:20,18
DA:21,18
DA:22,18
DA:23,0
DA:30,18
DA:31,18
DA:33,0
DA:34,0
DA:46,20
DA:48,20
DA:54,20
DA:60,20
DA:61,20
DA:63,20
DA:64,20
DA:65,20
DA:66,0
DA:73,20
DA:75,20
DA:76,0
DA:82,20
DA:84,20
DA:86,0
DA:87,0
DA:95,5
LF:29
LH:22
BRDA:11,0,0,1
BRDA:11,0,1,18
BRDA:11,1,0,19
BRDA:11,1,1,18
BRDA:22,2,0,0
BRDA:22,2,1,18
BRDA:48,3,0,0
BRDA:48,3,1,20
BRDA:54,4,0,0
BRDA:54,4,1,20
BRDA:54,5,0,20
BRDA:54,5,1,20
BRDA:65,6,0,0
BRDA:65,6,1,20
BRDA:75,7,0,0
BRDA:75,7,1,20
BRF:16
BRH:11
end_of_record
TN:
SF:middlewares/upload.middleware.js
FN:6,(anonymous_0)
FN:11,(anonymous_1)
FNF:2
FNH:0
FNDA:0,(anonymous_0)
FNDA:0,(anonymous_1)
DA:5,5
DA:7,0
DA:8,0
DA:9,0
DA:12,0
DA:16,5
LF:6
LH:2
BRF:0
BRH:0
end_of_record
TN:
SF:models/admin.model.js
FN:12,(anonymous_0)
FN:20,(anonymous_1)
FN:27,(anonymous_2)
FN:33,(anonymous_3)
FNF:4
FNH:3
FNDA:0,(anonymous_0)
FNDA:6,(anonymous_1)
FNDA:5,(anonymous_2)
FNDA:5,(anonymous_3)
DA:5,5
DA:12,5
DA:13,0
DA:14,0
DA:16,0
DA:17,0
DA:20,5
DA:22,6
DA:24,6
DA:27,5
DA:28,5
DA:33,5
DA:34,5
DA:39,5
LF:14
LH:10
BRDA:13,0,0,0
BRDA:13,0,1,0
BRF:2
BRH:0
end_of_record
TN:
SF:models/apartment.model.js
FNF:0
FNH:0
DA:5,3
DA:78,3
LF:2
LH:2
BRF:0
BRH:0
end_of_record
TN:
SF:models/bill.model.js
FNF:0
FNH:0
DA:6,1
DA:50,1
LF:2
LH:2
BRF:0
BRH:0
end_of_record
TN:
SF:models/blog.model.js
FN:33,(anonymous_0)
FNF:1
FNH:0
FNDA:0,(anonymous_0)
DA:4,6
DA:33,6
DA:34,0
DA:35,0
DA:36,0
DA:39,6
LF:6
LH:3
BRDA:34,0,0,0
BRDA:34,0,1,0
BRF:2
BRH:0
end_of_record
TN:
SF:models/bookingCalendar.model.js
FNF:0
FNH:0
DA:6,1
DA:32,1
LF:2
LH:2
BRF:0
BRH:0
end_of_record
TN:
SF:models/comment.model.js
FNF:0
FNH:0
DA:4,6
DA:24,6
LF:2
LH:2
BRF:0
BRH:0
end_of_record
TN:
SF:models/review.model.js
FNF:0
FNH:0
DA:4,3
DA:23,3
LF:2
LH:2
BRF:0
BRH:0
end_of_record
TN:
SF:models/room.model.js
FNF:0
FNH:0
DA:6,2
DA:55,2
LF:2
LH:2
BRF:0
BRH:0
end_of_record
TN:
SF:models/user.model.js
FN:12,(anonymous_0)
FN:62,(anonymous_1)
FN:70,(anonymous_2)
FN:77,(anonymous_3)
FN:83,(anonymous_4)
FN:89,(anonymous_5)
FN:104,(anonymous_6)
FN:108,(anonymous_7)
FNF:8
FNH:3
FNDA:0,(anonymous_0)
FNDA:0,(anonymous_1)
FNDA:5,(anonymous_2)
FNDA:5,(anonymous_3)
FNDA:5,(anonymous_4)
FNDA:0,(anonymous_5)
FNDA:0,(anonymous_6)
FNDA:0,(anonymous_7)
DA:9,6
DA:12,6
DA:13,0
DA:14,0
DA:17,6
DA:62,6
DA:63,0
DA:64,0
DA:66,0
DA:67,0
DA:70,6
DA:72,5
DA:74,5
DA:77,6
DA:78,5
DA:83,6
DA:84,5
DA:89,6
DA:90,0
DA:92,0
DA:97,0
DA:99,0
DA:101,0
DA:104,6
DA:105,0
DA:108,6
DA:109,0
DA:112,6
LF:28
LH:15
BRDA:63,0,0,0
BRDA:63,0,1,0
BRF:2
BRH:0
end_of_record
TN:
SF:models/users_likes.model.js
FNF:0
FNH:0
DA:5,1
DA:17,1
DA:19,1
LF:3
LH:3
BRF:0
BRH:0
end_of_record
TN:
SF:routes/admin.route.js
FNF:0
FNH:0
DA:6,4
DA:8,4
DA:12,4
DA:15,4
DA:16,4
DA:17,4
DA:19,4
LF:7
LH:7
BRF:0
BRH:0
end_of_record
TN:
SF:routes/apartment.route.js
FNF:0
FNH:0
DA:5,1
DA:8,1
DA:9,1
DA:10,1
DA:11,1
DA:12,1
DA:13,1
DA:16,1
DA:17,1
DA:20,1
DA:21,1
DA:22,1
DA:23,1
DA:24,1
LF:14
LH:14
BRF:0
BRH:0
end_of_record
TN:
SF:routes/blog.route.js
FNF:0
FNH:0
DA:6,1
DA:8,1
DA:9,1
DA:10,1
DA:11,1
DA:12,1
DA:13,1
DA:14,1
DA:15,1
DA:16,1
DA:19,1
DA:20,1
DA:24,1
DA:28,1
DA:30,1
LF:15
LH:15
BRF:0
BRH:0
end_of_record
TN:
SF:routes/revenue.route.js
FNF:0
FNH:0
DA:6,1
DA:8,1
DA:9,1
DA:10,1
LF:4
LH:4
BRF:0
BRH:0
end_of_record
TN:
SF:routes/room.router.js
FNF:0
FNH:0
DA:4,1
DA:6,1
DA:14,1
DA:15,1
DA:16,1
DA:17,1
DA:18,1
DA:19,1
LF:8
LH:8
BRF:0
BRH:0
end_of_record
TN:
SF:routes/user.route.js
FNF:0
FNH:0
DA:6,5
DA:8,5
DA:11,5
DA:12,5
DA:13,5
DA:14,5
DA:15,5
DA:16,5
DA:17,5
DA:18,5
DA:19,5
DA:20,5
DA:21,5
DA:22,5
DA:23,5
LF:15
LH:15
BRF:0
BRH:0
end_of_record
TN:
SF:services/admin.services.js
FN:3,getAdmin
FN:28,updateAdmin
FN:54,createAdminAccount
FN:85,loginAdminAccount
FN:127,blockAdminAccount
FN:153,unblockAdminAccount
FNF:6
FNH:5
FNDA:1,getAdmin
FNDA:1,updateAdmin
FNDA:0,createAdminAccount
FNDA:6,loginAdminAccount
FNDA:2,blockAdminAccount
FNDA:2,unblockAdminAccount
DA:4,1
DA:5,1
DA:6,1
DA:7,0
DA:14,1
DA:20,0
DA:29,1
DA:30,1
DA:32,1
DA:33,0
DA:40,1
DA:46,0
DA:55,0
DA:56,0
DA:58,0
DA:59,0
DA:66,0
DA:68,0
DA:69,0
DA:71,0
DA:77,0
DA:86,6
DA:87,6
DA:89,6
DA:90,0
DA:97,6
DA:99,6
DA:100,1
DA:107,5
DA:109,5
DA:110,5
DA:112,5
DA:119,0
DA:128,2
DA:129,2
DA:131,2
DA:132,1
DA:139,1
DA:145,0
DA:154,2
DA:155,2
DA:157,2
DA:158,1
DA:165,1
DA:171,0
DA:179,4
LF:46
LH:29
BRDA:6,0,0,0
BRDA:6,0,1,1
BRDA:32,1,0,0
BRDA:32,1,1,1
BRDA:58,2,0,0
BRDA:58,2,1,0
BRDA:89,3,0,0
BRDA:89,3,1,6
BRDA:99,4,0,1
BRDA:99,4,1,5
BRDA:131,5,0,1
BRDA:131,5,1,1
BRDA:157,6,0,1
BRDA:157,6,1,1
BRF:14
BRH:9
end_of_record
TN:
SF:services/apartment.services.js
FN:4,getAllApartment
FN:30,getApartmentByPage
FN:69,addNewApartment
FN:111,getOneApartment
FN:137,getApartmentByName
FN:165,updateApartment
FN:196,filterApartment
FN:268,getAllPendingApartment
FN:294,confirmPendingApartment
FN:320,removePendingApartment
FN:346,deleteApartment
FN:372,getApartmentCities
FN:397,updateAllOldApartmentOwner
FN:424,getApartmentOfUser
FNF:14
FNH:4
FNDA:1,getAllApartment
FNDA:0,getApartmentByPage
FNDA:1,addNewApartment
FNDA:2,getOneApartment
FNDA:0,getApartmentByName
FNDA:2,updateApartment
FNDA:0,filterApartment
FNDA:0,getAllPendingApartment
FNDA:0,confirmPendingApartment
FNDA:0,removePendingApartment
FNDA:0,deleteApartment
FNDA:0,getApartmentCities
FNDA:0,updateAllOldApartmentOwner
FNDA:0,getApartmentOfUser
DA:5,1
DA:6,1
DA:8,1
DA:9,0
DA:16,1
DA:22,0
DA:31,0
DA:32,0
DA:34,0
DA:35,0
DA:38,0
DA:41,0
DA:42,0
DA:44,0
DA:45,0
DA:52,0
DA:61,0
DA:80,1
DA:81,1
DA:93,0
DA:94,0
DA:97,0
DA:103,1
DA:112,2
DA:113,2
DA:115,1
DA:116,0
DA:123,1
DA:129,1
DA:138,0
DA:139,0
DA:143,0
DA:144,0
DA:151,0
DA:157,0
DA:166,2
DA:167,2
DA:168,2
DA:170,2
DA:174,1
DA:175,0
DA:182,1
DA:188,1
DA:204,0
DA:206,0
DA:207,0
DA:213,0
DA:214,0
DA:220,0
DA:221,0
DA:227,0
DA:228,0
DA:234,0
DA:235,0
DA:236,0
DA:237,0
DA:243,0
DA:244,0
DA:251,0
DA:260,0
DA:269,0
DA:270,0
DA:272,0
DA:273,0
DA:280,0
DA:286,0
DA:295,0
DA:296,0
DA:298,0
DA:299,0
DA:306,0
DA:312,0
DA:321,0
DA:322,0
DA:324,0
DA:325,0
DA:332,0
DA:338,0
DA:347,0
DA:348,0
DA:350,0
DA:351,0
DA:358,0
DA:364,0
DA:373,0
DA:374,0
DA:375,0
DA:376,0
DA:383,0
DA:389,0
DA:398,0
DA:399,0
DA:401,0
DA:402,0
DA:403,0
DA:410,0
DA:416,0
DA:425,0
DA:427,0
DA:443,0
DA:444,0
DA:451,0
DA:458,0
DA:466,1
LF:104
LH:20
BRDA:8,0,0,0
BRDA:8,0,1,1
BRDA:34,1,0,0
BRDA:34,1,1,0
BRDA:44,2,0,0
BRDA:44,2,1,0
BRDA:93,3,0,0
BRDA:93,3,1,0
BRDA:115,4,0,0
BRDA:115,4,1,1
BRDA:143,5,0,0
BRDA:143,5,1,0
BRDA:174,6,0,0
BRDA:174,6,1,1
BRDA:206,7,0,0
BRDA:206,7,1,0
BRDA:213,8,0,0
BRDA:213,8,1,0
BRDA:220,9,0,0
BRDA:220,9,1,0
BRDA:227,10,0,0
BRDA:227,10,1,0
BRDA:243,11,0,0
BRDA:243,11,1,0
BRDA:272,12,0,0
BRDA:272,12,1,0
BRDA:298,13,0,0
BRDA:298,13,1,0
BRDA:324,14,0,0
BRDA:324,14,1,0
BRDA:350,15,0,0
BRDA:350,15,1,0
BRDA:375,16,0,0
BRDA:375,16,1,0
BRDA:402,17,0,0
BRDA:402,17,1,0
BRDA:443,18,0,0
BRDA:443,18,1,0
BRF:38
BRH:3
end_of_record
TN:
SF:services/blog.services.js
FN:6,addNewBlog
FN:35,updateBlog
FN:68,getBlogById
FN:96,getAllBlog
FN:124,getBlogByAuthor
FN:149,likeBlog
FN:211,getLikeNumber
FN:238,unlikeBlog
FN:274,getLikedBlogsByUser
FN:308,userDeleteBlog
FN:340,confirmBlog
FN:374,denyBlog
FN:400,deleteBlog
FN:426,getAllUnconfirmedBlog
FN:451,adminUpdateBlog
FN:484,getAllConfirmedBlog
FNF:16
FNH:11
FNDA:0,addNewBlog
FNDA:2,updateBlog
FNDA:2,getBlogById
FNDA:1,getAllBlog
FNDA:1,getBlogByAuthor
FNDA:2,likeBlog
FNDA:2,getLikeNumber
FNDA:2,unlikeBlog
FNDA:2,getLikedBlogsByUser
FNDA:0,userDeleteBlog
FNDA:1,confirmBlog
FNDA:0,denyBlog
FNDA:0,deleteBlog
FNDA:1,getAllUnconfirmedBlog
FNDA:0,adminUpdateBlog
FNDA:1,getAllConfirmedBlog
DA:8,0
DA:9,0
DA:11,0
DA:12,0
DA:19,0
DA:26,0
DA:36,2
DA:37,2
DA:39,2
DA:40,2
DA:45,2
DA:46,0
DA:53,2
DA:60,0
DA:69,2
DA:71,2
DA:73,1
DA:74,0
DA:81,1
DA:88,1
DA:97,1
DA:99,1
DA:101,1
DA:102,0
DA:109,1
DA:116,0
DA:125,1
DA:126,1
DA:127,1
DA:128,0
DA:135,1
DA:141,0
DA:151,2
DA:152,2
DA:153,2
DA:155,2
DA:156,0
DA:163,2
DA:164,1
DA:171,1
DA:176,1
DA:177,0
DA:184,1
DA:189,1
DA:190,0
DA:196,1
DA:203,0
DA:212,2
DA:213,2
DA:214,1
DA:221,1
DA:222,1
DA:224,1
DA:230,0
DA:239,2
DA:240,2
DA:245,1
DA:246,0
DA:251,1
DA:252,0
DA:259,1
DA:266,1
DA:275,2
DA:276,1
DA:277,0
DA:284,1
DA:285,1
DA:286,1
DA:287,0
DA:294,1
DA:300,0
DA:309,0
DA:310,0
DA:315,0
DA:316,0
DA:323,0
DA:329,0
DA:330,0
DA:341,1
DA:342,1
DA:343,1
DA:344,0
DA:351,1
DA:352,1
DA:353,0
DA:360,1
DA:366,0
DA:375,0
DA:376,0
DA:377,0
DA:384,0
DA:385,0
DA:386,0
DA:392,0
DA:401,0
DA:402,0
DA:403,0
DA:410,0
DA:411,0
DA:412,0
DA:418,0
DA:427,1
DA:428,1
DA:429,1
DA:430,0
DA:437,1
DA:443,0
DA:452,0
DA:454,0
DA:455,0
DA:459,0
DA:460,0
DA:467,0
DA:474,0
DA:485,1
DA:487,1
DA:488,1
DA:489,1
DA:491,1
DA:492,0
DA:499,1
DA:507,0
DA:533,1
LF:123
LH:65
BRDA:11,0,0,0
BRDA:11,0,1,0
BRDA:45,1,0,0
BRDA:45,1,1,2
BRDA:73,2,0,0
BRDA:73,2,1,1
BRDA:101,3,0,0
BRDA:101,3,1,1
BRDA:127,4,0,0
BRDA:127,4,1,1
BRDA:155,5,0,0
BRDA:155,5,1,2
BRDA:163,6,0,1
BRDA:163,6,1,1
BRDA:176,7,0,0
BRDA:176,7,1,1
BRDA:189,8,0,0
BRDA:189,8,1,1
BRDA:213,9,0,1
BRDA:213,9,1,1
BRDA:245,10,0,0
BRDA:245,10,1,1
BRDA:251,11,0,0
BRDA:251,11,1,1
BRDA:276,12,0,0
BRDA:276,12,1,1
BRDA:286,13,0,0
BRDA:286,13,1,1
BRDA:315,14,0,0
BRDA:315,14,1,0
BRDA:343,15,0,0
BRDA:343,15,1,1
BRDA:352,16,0,0
BRDA:352,16,1,1
BRDA:376,17,0,0
BRDA:376,17,1,0
BRDA:402,18,0,0
BRDA:402,18,1,0
BRDA:429,19,0,0
BRDA:429,19,1,1
BRDA:459,20,0,0
BRDA:459,20,1,0
BRDA:491,21,0,0
BRDA:491,21,1,1
BRF:44
BRH:19
end_of_record
TN:
SF:services/comment.services.js
FN:5,addComment
FN:50,getCommentList
FNF:2
FNH:2
FNDA:2,addComment
FNDA:2,getCommentList
DA:6,2
DA:7,2
DA:8,1
DA:15,1
DA:16,1
DA:18,1
DA:19,1
DA:25,1
DA:26,1
DA:30,1
DA:31,0
DA:33,1
DA:34,1
DA:36,0
DA:43,1
DA:52,2
DA:53,2
DA:54,2
DA:55,1
DA:62,1
DA:70,1
DA:71,0
DA:77,1
DA:78,1
DA:79,1
DA:80,1
DA:82,1
DA:89,0
DA:97,1
LF:29
LH:25
BRDA:7,0,0,1
BRDA:7,0,1,1
BRDA:30,1,0,0
BRDA:30,1,1,1
BRDA:54,2,0,1
BRDA:54,2,1,1
BRDA:70,3,0,0
BRDA:70,3,1,1
BRF:8
BRH:6
end_of_record
TN:
SF:services/revenue.services.js
FN:4,getMonthlyRevenue
FN:115,(anonymous_1)
FN:132,getYearlyRevenue
FN:199,(anonymous_3)
FN:217,getAllYearlyRevenue
FN:311,(anonymous_5)
FNF:6
FNH:6
FNDA:2,getMonthlyRevenue
FNDA:3,(anonymous_1)
FNDA:2,getYearlyRevenue
FNDA:1,(anonymous_3)
FNDA:1,getAllYearlyRevenue
FNDA:1,(anonymous_5)
DA:5,2
DA:7,2
DA:107,2
DA:108,1
DA:115,3
DA:117,1
DA:124,0
DA:133,2
DA:134,2
DA:191,2
DA:192,1
DA:199,1
DA:201,1
DA:208,0
DA:218,1
DA:219,1
DA:303,1
DA:304,0
DA:311,1
DA:313,1
DA:320,0
DA:328,1
LF:22
LH:18
BRDA:107,0,0,1
BRDA:107,0,1,1
BRDA:191,1,0,1
BRDA:191,1,1,1
BRDA:303,2,0,0
BRDA:303,2,1,1
BRF:6
BRH:5
end_of_record
TN:
SF:services/review.services.js
FN:6,addReview
FN:73,getReviews
FN:115,getAvgRating
FN:136,(anonymous_3)
FNF:4
FNH:4
FNDA:1,addReview
FNDA:2,getReviews
FNDA:2,getAvgRating
FNDA:3,(anonymous_3)
DA:7,1
DA:8,1
DA:9,1
DA:10,1
DA:11,0
DA:18,1
DA:19,1
DA:26,0
DA:27,0
DA:28,0
DA:34,0
DA:35,0
DA:48,0
DA:49,0
DA:51,0
DA:52,0
DA:58,0
DA:64,0
DA:65,0
DA:74,2
DA:75,2
DA:76,2
DA:77,1
DA:84,1
DA:95,1
DA:96,1
DA:97,1
DA:98,1
DA:100,1
DA:106,0
DA:107,0
DA:116,2
DA:117,2
DA:118,2
DA:119,1
DA:126,1
DA:130,1
DA:131,1
DA:136,3
DA:137,1
DA:143,0
DA:144,0
DA:152,1
LF:43
LH:26
BRDA:10,0,0,0
BRDA:10,0,1,1
BRDA:18,1,0,1
BRDA:18,1,1,0
BRDA:51,2,0,0
BRDA:51,2,1,0
BRDA:76,3,0,1
BRDA:76,3,1,1
BRDA:118,4,0,1
BRDA:118,4,1,1
BRDA:131,5,0,0
BRDA:131,5,1,1
BRF:12
BRH:7
end_of_record
TN:
SF:services/room.services.js
FN:5,getRoomBySortPrice
FN:30,getRoomBySortPriceReverse
FN:55,searchRoom
FN:121,searchRoomV2
FN:279,searchRoomV3
FN:449,searchRoomAvailableOfAparment
FN:620,addNewRoom
FN:646,updateRoom
FN:672,deleteRoom
FN:699,getRomByApartmentId
FN:726,getRoomById
FN:752,changeCapacity
FNF:12
FNH:6
FNDA:0,getRoomBySortPrice
FNDA:1,getRoomBySortPriceReverse
FNDA:0,searchRoom
FNDA:0,searchRoomV2
FNDA:1,searchRoomV3
FNDA:3,searchRoomAvailableOfAparment
FNDA:3,addNewRoom
FNDA:6,updateRoom
FNDA:0,deleteRoom
FNDA:2,getRomByApartmentId
FNDA:0,getRoomById
FNDA:0,changeCapacity
DA:6,0
DA:7,0
DA:9,0
DA:10,0
DA:16,0
DA:22,0
DA:31,1
DA:32,1
DA:34,1
DA:35,0
DA:41,1
DA:47,0
DA:56,0
DA:57,0
DA:99,0
DA:100,0
DA:107,0
DA:113,0
DA:122,0
DA:123,0
DA:125,0
DA:126,0
DA:127,0
DA:257,0
DA:258,0
DA:265,0
DA:271,0
DA:280,1
DA:281,1
DA:282,1
DA:427,1
DA:428,0
DA:435,1
DA:441,0
DA:455,3
DA:456,3
DA:598,2
DA:599,1
DA:606,1
DA:612,1
DA:621,3
DA:622,3
DA:624,1
DA:625,0
DA:632,1
DA:638,2
DA:647,6
DA:648,6
DA:650,5
DA:651,3
DA:658,2
DA:664,1
DA:673,0
DA:674,0
DA:676,0
DA:677,0
DA:684,0
DA:690,0
DA:700,2
DA:701,2
DA:703,2
DA:704,1
DA:711,1
DA:717,0
DA:727,0
DA:728,0
DA:730,0
DA:731,0
DA:738,0
DA:744,0
DA:753,0
DA:754,0
DA:755,0
DA:761,0
DA:769,1
LF:75
LH:32
BRDA:9,0,0,0
BRDA:9,0,1,0
BRDA:34,1,0,0
BRDA:34,1,1,1
BRDA:99,2,0,0
BRDA:99,2,1,0
BRDA:257,3,0,0
BRDA:257,3,1,0
BRDA:427,4,0,0
BRDA:427,4,1,1
BRDA:598,5,0,1
BRDA:598,5,1,1
BRDA:624,6,0,0
BRDA:624,6,1,1
BRDA:650,7,0,3
BRDA:650,7,1,2
BRDA:676,8,0,0
BRDA:676,8,1,0
BRDA:703,9,0,1
BRDA:703,9,1,1
BRDA:730,10,0,0
BRDA:730,10,1,0
BRF:22
BRH:9
end_of_record
TN:
SF:services/user.services.js
FN:3,getUser
FN:28,registerUser
FN:72,login
FN:114,updateUser
FN:140,isExist
FN:147,forgotPassword
FN:177,resetPassord
FN:207,getUserById
FN:232,getUserList
FN:249,updateUserAdmin
FN:275,deleteUser
FNF:11
FNH:5
FNDA:1,getUser
FNDA:0,registerUser
FNDA:6,login
FNDA:1,updateUser
FNDA:0,isExist
FNDA:0,forgotPassword
FNDA:0,resetPassord
FNDA:0,getUserById
FNDA:1,getUserList
FNDA:1,updateUserAdmin
FNDA:0,deleteUser
DA:4,1
DA:5,1
DA:6,1
DA:7,0
DA:14,1
DA:20,0
DA:29,0
DA:31,0
DA:32,0
DA:33,0
DA:40,0
DA:50,0
DA:51,0
DA:58,0
DA:64,0
DA:73,6
DA:74,6
DA:76,6
DA:77,1
DA:84,5
DA:86,5
DA:87,0
DA:94,5
DA:96,5
DA:97,5
DA:99,5
DA:106,0
DA:115,1
DA:116,1
DA:118,1
DA:119,0
DA:126,1
DA:132,0
DA:141,0
DA:142,0
DA:143,0
DA:144,0
DA:148,0
DA:149,0
DA:151,0
DA:157,0
DA:159,0
DA:169,0
DA:178,0
DA:179,0
DA:181,0
DA:182,0
DA:189,0
DA:191,0
DA:193,0
DA:199,0
DA:208,0
DA:209,0
DA:210,0
DA:211,0
DA:217,0
DA:223,0
DA:233,1
DA:234,1
DA:235,1
DA:241,0
DA:250,1
DA:251,1
DA:253,1
DA:254,0
DA:261,1
DA:267,0
DA:276,0
DA:277,0
DA:278,0
DA:279,0
DA:285,0
DA:291,0
DA:299,5
LF:74
LH:26
BRDA:6,0,0,0
BRDA:6,0,1,1
BRDA:32,1,0,0
BRDA:32,1,1,0
BRDA:50,2,0,0
BRDA:50,2,1,0
BRDA:76,3,0,1
BRDA:76,3,1,5
BRDA:86,4,0,0
BRDA:86,4,1,5
BRDA:118,5,0,0
BRDA:118,5,1,1
BRDA:142,6,0,0
BRDA:142,6,1,0
BRDA:151,7,0,0
BRDA:151,7,1,0
BRDA:181,8,0,0
BRDA:181,8,1,0
BRDA:210,9,0,0
BRDA:210,9,1,0
BRDA:253,10,0,0
BRDA:253,10,1,1
BRDA:278,11,0,0
BRDA:278,11,1,0
BRF:24
BRH:6
end_of_record
