TN:
SF:config/config.js
FN:8,connectDB
FN:14,(anonymous_1)
FNF:2
FNH:2
FNDA:3,connectDB
FNDA:3,(anonymous_1)
DA:4,1
DA:9,3
DA:14,3
DA:15,3
DA:16,0
DA:18,3
LF:6
LH:5
BRDA:15,0,0,0
BRDA:15,0,1,3
BRF:2
BRH:1
end_of_record
TN:
SF:controllers/apartment.controller.js
FN:3,getApartment
FN:31,addNewApartment
FN:65,getOneApartment
FN:83,updateApartment
FNF:4
FNH:3
FNDA:1,getApartment
FNDA:1,addNewApartment
FNDA:1,getOneApartment
FNDA:0,updateApartment
DA:4,1
DA:5,1
DA:6,0
DA:7,1
DA:8,0
DA:9,1
DA:10,0
DA:12,1
DA:14,1
DA:15,0
DA:16,0
DA:17,0
DA:18,0
DA:19,0
DA:21,0
DA:23,1
DA:24,1
DA:25,1
DA:28,0
DA:32,1
DA:33,1
DA:34,1
DA:41,1
DA:42,1
DA:43,1
DA:44,1
DA:45,1
DA:47,1
DA:49,1
DA:50,1
DA:52,0
DA:55,0
DA:56,0
DA:66,1
DA:68,1
DA:69,0
DA:74,1
DA:76,1
DA:77,1
DA:79,0
DA:84,0
DA:86,0
DA:87,0
DA:93,0
DA:94,0
DA:101,0
DA:102,0
DA:103,0
DA:105,0
DA:109,1
LF:50
LH:26
BRDA:5,0,0,0
BRDA:5,0,1,1
BRDA:7,1,0,0
BRDA:7,1,1,1
BRDA:9,2,0,0
BRDA:9,2,1,1
BRDA:14,3,0,0
BRDA:14,3,1,1
BRDA:14,4,0,1
BRDA:14,4,1,1
BRDA:15,5,0,0
BRDA:15,5,1,0
BRDA:16,6,0,0
BRDA:16,6,1,0
BRDA:18,7,0,0
BRDA:18,7,1,0
BRDA:24,8,0,1
BRDA:24,8,1,0
BRDA:49,9,0,1
BRDA:49,9,1,0
BRDA:68,10,0,0
BRDA:68,10,1,1
BRDA:76,11,0,1
BRDA:76,11,1,0
BRDA:86,12,0,0
BRDA:86,12,1,0
BRDA:93,13,0,0
BRDA:93,13,1,0
BRDA:102,14,0,0
BRDA:102,14,1,0
BRF:30
BRH:10
end_of_record
TN:
SF:models/apartment.model.js
FNF:0
FNH:0
DA:5,1
DA:58,1
LF:2
LH:2
BRF:0
BRH:0
end_of_record
TN:
SF:routes/apartment.route.js
FNF:0
FNH:0
DA:4,1
DA:6,1
DA:7,1
DA:8,1
DA:9,1
LF:5
LH:5
BRF:0
BRH:0
end_of_record
TN:
SF:services/apartment.services.js
FN:4,getAllApartment
FN:30,getApartmentByPage
FN:61,addNewApartment
FN:86,getOneApartment
FN:112,getApartmentByName
FN:138,updateApartment
FN:164,filterApartment
FNF:7
FNH:3
FNDA:1,getAllApartment
FNDA:0,getApartmentByPage
FNDA:1,addNewApartment
FNDA:1,getOneApartment
FNDA:0,getApartmentByName
FNDA:0,updateApartment
FNDA:0,filterApartment
DA:5,1
DA:6,1
DA:8,1
DA:9,0
DA:16,1
DA:22,0
DA:31,0
DA:32,0
DA:33,0
DA:34,0
DA:36,0
DA:37,0
DA:44,0
DA:53,0
DA:62,1
DA:65,1
DA:67,1
DA:68,0
DA:71,1
DA:77,0
DA:87,1
DA:88,1
DA:90,1
DA:91,0
DA:98,1
DA:104,0
DA:113,0
DA:114,0
DA:116,0
DA:117,0
DA:124,0
DA:130,0
DA:139,0
DA:140,0
DA:142,0
DA:143,0
DA:150,0
DA:156,0
DA:166,0
DA:168,0
DA:169,0
DA:175,0
DA:176,0
DA:182,0
DA:183,0
DA:189,0
DA:190,0
DA:196,0
DA:197,0
DA:198,0
DA:199,0
DA:205,0
DA:206,0
DA:213,0
DA:222,0
DA:230,1
LF:56
LH:13
BRDA:8,0,0,0
BRDA:8,0,1,1
BRDA:36,1,0,0
BRDA:36,1,1,0
BRDA:67,2,0,0
BRDA:67,2,1,1
BRDA:90,3,0,0
BRDA:90,3,1,1
BRDA:116,4,0,0
BRDA:116,4,1,0
BRDA:142,5,0,0
BRDA:142,5,1,0
BRDA:168,6,0,0
BRDA:168,6,1,0
BRDA:175,7,0,0
BRDA:175,7,1,0
BRDA:182,8,0,0
BRDA:182,8,1,0
BRDA:189,9,0,0
BRDA:189,9,1,0
BRDA:205,10,0,0
BRDA:205,10,1,0
BRF:22
BRH:3
end_of_record
